<?xml version="1.0" encoding="UTF-8"?>
<testsuite xmlns:xsi="http://www.w3.org/2001/XMLSchema-instance" xsi:noNamespaceSchemaLocation="https://maven.apache.org/surefire/maven-surefire-plugin/xsd/surefire-test-report-3.0.xsd" version="3.0" name="TestSuite" time="381.343" tests="33" errors="0" skipped="0" failures="22">
  <properties>
    <property name="java.specification.version" value="17"/>
    <property name="webdriver.chrome.driver" value="/Users/nitin/.cache/selenium/chromedriver/mac64/121.0.6167.184/chromedriver"/>
    <property name="sun.jnu.encoding" value="UTF-8"/>
    <property name="java.class.path" value="/Users/nitin/eclipseworkspace/Java/SeleniumTekarch_Framework/target/test-classes:/Users/nitin/eclipseworkspace/Java/SeleniumTekarch_Framework/target/classes:/Users/nitin/.m2/repository/org/seleniumhq/selenium/selenium-java/3.141.59/selenium-java-3.141.59.jar:/Users/nitin/.m2/repository/org/seleniumhq/selenium/selenium-api/3.141.59/selenium-api-3.141.59.jar:/Users/nitin/.m2/repository/org/seleniumhq/selenium/selenium-chrome-driver/3.141.59/selenium-chrome-driver-3.141.59.jar:/Users/nitin/.m2/repository/org/seleniumhq/selenium/selenium-edge-driver/3.141.59/selenium-edge-driver-3.141.59.jar:/Users/nitin/.m2/repository/org/seleniumhq/selenium/selenium-firefox-driver/3.141.59/selenium-firefox-driver-3.141.59.jar:/Users/nitin/.m2/repository/org/seleniumhq/selenium/selenium-ie-driver/3.141.59/selenium-ie-driver-3.141.59.jar:/Users/nitin/.m2/repository/org/seleniumhq/selenium/selenium-opera-driver/3.141.59/selenium-opera-driver-3.141.59.jar:/Users/nitin/.m2/repository/org/seleniumhq/selenium/selenium-remote-driver/3.141.59/selenium-remote-driver-3.141.59.jar:/Users/nitin/.m2/repository/org/seleniumhq/selenium/selenium-safari-driver/3.141.59/selenium-safari-driver-3.141.59.jar:/Users/nitin/.m2/repository/org/seleniumhq/selenium/selenium-support/3.141.59/selenium-support-3.141.59.jar:/Users/nitin/.m2/repository/net/bytebuddy/byte-buddy/1.8.15/byte-buddy-1.8.15.jar:/Users/nitin/.m2/repository/org/apache/commons/commons-exec/1.3/commons-exec-1.3.jar:/Users/nitin/.m2/repository/com/google/guava/guava/25.0-jre/guava-25.0-jre.jar:/Users/nitin/.m2/repository/com/google/code/findbugs/jsr305/1.3.9/jsr305-1.3.9.jar:/Users/nitin/.m2/repository/org/checkerframework/checker-compat-qual/2.0.0/checker-compat-qual-2.0.0.jar:/Users/nitin/.m2/repository/com/google/errorprone/error_prone_annotations/2.1.3/error_prone_annotations-2.1.3.jar:/Users/nitin/.m2/repository/com/google/j2objc/j2objc-annotations/1.1/j2objc-annotations-1.1.jar:/Users/nitin/.m2/repository/org/codehaus/mojo/animal-sniffer-annotations/1.14/animal-sniffer-annotations-1.14.jar:/Users/nitin/.m2/repository/com/squareup/okhttp3/okhttp/3.11.0/okhttp-3.11.0.jar:/Users/nitin/.m2/repository/com/squareup/okio/okio/1.14.0/okio-1.14.0.jar:/Users/nitin/.m2/repository/org/apache/poi/poi/5.2.5/poi-5.2.5.jar:/Users/nitin/.m2/repository/commons-codec/commons-codec/1.16.0/commons-codec-1.16.0.jar:/Users/nitin/.m2/repository/org/apache/commons/commons-collections4/4.4/commons-collections4-4.4.jar:/Users/nitin/.m2/repository/org/apache/commons/commons-math3/3.6.1/commons-math3-3.6.1.jar:/Users/nitin/.m2/repository/commons-io/commons-io/2.15.0/commons-io-2.15.0.jar:/Users/nitin/.m2/repository/com/zaxxer/SparseBitSet/1.3/SparseBitSet-1.3.jar:/Users/nitin/.m2/repository/org/apache/poi/poi-ooxml/5.2.5/poi-ooxml-5.2.5.jar:/Users/nitin/.m2/repository/org/apache/poi/poi-ooxml-lite/5.2.5/poi-ooxml-lite-5.2.5.jar:/Users/nitin/.m2/repository/org/apache/xmlbeans/xmlbeans/5.2.0/xmlbeans-5.2.0.jar:/Users/nitin/.m2/repository/org/apache/commons/commons-compress/1.25.0/commons-compress-1.25.0.jar:/Users/nitin/.m2/repository/com/github/virtuald/curvesapi/1.08/curvesapi-1.08.jar:/Users/nitin/.m2/repository/io/github/bonigarcia/webdrivermanager/5.6.3/webdrivermanager-5.6.3.jar:/Users/nitin/.m2/repository/org/slf4j/slf4j-api/2.0.10/slf4j-api-2.0.10.jar:/Users/nitin/.m2/repository/com/google/code/gson/gson/2.10.1/gson-2.10.1.jar:/Users/nitin/.m2/repository/com/github/docker-java/docker-java/3.3.4/docker-java-3.3.4.jar:/Users/nitin/.m2/repository/com/github/docker-java/docker-java-core/3.3.4/docker-java-core-3.3.4.jar:/Users/nitin/.m2/repository/com/github/docker-java/docker-java-api/3.3.4/docker-java-api-3.3.4.jar:/Users/nitin/.m2/repository/com/fasterxml/jackson/core/jackson-annotations/2.10.3/jackson-annotations-2.10.3.jar:/Users/nitin/.m2/repository/com/fasterxml/jackson/core/jackson-databind/2.10.3/jackson-databind-2.10.3.jar:/Users/nitin/.m2/repository/com/fasterxml/jackson/core/jackson-core/2.10.3/jackson-core-2.10.3.jar:/Users/nitin/.m2/repository/org/bouncycastle/bcpkix-jdk18on/1.76/bcpkix-jdk18on-1.76.jar:/Users/nitin/.m2/repository/org/bouncycastle/bcprov-jdk18on/1.76/bcprov-jdk18on-1.76.jar:/Users/nitin/.m2/repository/org/bouncycastle/bcutil-jdk18on/1.76/bcutil-jdk18on-1.76.jar:/Users/nitin/.m2/repository/org/slf4j/jcl-over-slf4j/1.7.30/jcl-over-slf4j-1.7.30.jar:/Users/nitin/.m2/repository/com/github/docker-java/docker-java-transport-httpclient5/3.3.4/docker-java-transport-httpclient5-3.3.4.jar:/Users/nitin/.m2/repository/com/github/docker-java/docker-java-transport/3.3.4/docker-java-transport-3.3.4.jar:/Users/nitin/.m2/repository/net/java/dev/jna/jna/5.13.0/jna-5.13.0.jar:/Users/nitin/.m2/repository/org/brotli/dec/0.1.2/dec-0.1.2.jar:/Users/nitin/.m2/repository/org/apache/commons/commons-lang3/3.14.0/commons-lang3-3.14.0.jar:/Users/nitin/.m2/repository/org/apache/httpcomponents/client5/httpclient5/5.2.1/httpclient5-5.2.1.jar:/Users/nitin/.m2/repository/org/apache/httpcomponents/core5/httpcore5/5.2/httpcore5-5.2.jar:/Users/nitin/.m2/repository/org/apache/httpcomponents/core5/httpcore5-h2/5.2/httpcore5-h2-5.2.jar:/Users/nitin/.m2/repository/org/apache/logging/log4j/log4j-core/2.22.1/log4j-core-2.22.1.jar:/Users/nitin/.m2/repository/org/apache/logging/log4j/log4j-api/2.22.1/log4j-api-2.22.1.jar:/Users/nitin/.m2/repository/org/testng/testng/7.7.1/testng-7.7.1.jar:/Users/nitin/.m2/repository/com/beust/jcommander/1.82/jcommander-1.82.jar:/Users/nitin/.m2/repository/org/webjars/jquery/3.6.1/jquery-3.6.1.jar:/Users/nitin/.m2/repository/com/aventstack/extentreports/5.0.9/extentreports-5.0.9.jar:/Users/nitin/.m2/repository/io/reactivex/rxjava3/rxjava/3.0.4/rxjava-3.0.4.jar:/Users/nitin/.m2/repository/org/reactivestreams/reactive-streams/1.0.3/reactive-streams-1.0.3.jar:/Users/nitin/.m2/repository/org/freemarker/freemarker/2.3.30/freemarker-2.3.30.jar:/Users/nitin/.m2/repository/org/projectlombok/lombok/1.18.28/lombok-1.18.28.jar:"/>
    <property name="java.vm.vendor" value="Oracle Corporation"/>
    <property name="sun.arch.data.model" value="64"/>
    <property name="java.vendor.url" value="https://java.oracle.com/"/>
    <property name="user.timezone" value="America/Los_Angeles"/>
    <property name="os.name" value="Mac OS X"/>
    <property name="java.vm.specification.version" value="17"/>
    <property name="sun.java.launcher" value="SUN_STANDARD"/>
    <property name="user.country" value="US"/>
    <property name="sun.boot.library.path" value="/Library/Java/JavaVirtualMachines/jdk-17.jdk/Contents/Home/lib"/>
    <property name="sun.java.command" value="/Users/nitin/eclipseworkspace/Java/SeleniumTekarch_Framework/target/surefire/surefirebooter-20240219170614110_3.jar /Users/nitin/eclipseworkspace/Java/SeleniumTekarch_Framework/target/surefire 2024-02-19T17-06-13_993-jvmRun1 surefire-20240219170614110_1tmp surefire_0-20240219170614110_2tmp"/>
    <property name="http.nonProxyHosts" value="local|*.local|169.254/16|*.169.254/16"/>
    <property name="jdk.debug" value="release"/>
    <property name="surefire.test.class.path" value="/Users/nitin/eclipseworkspace/Java/SeleniumTekarch_Framework/target/test-classes:/Users/nitin/eclipseworkspace/Java/SeleniumTekarch_Framework/target/classes:/Users/nitin/.m2/repository/org/seleniumhq/selenium/selenium-java/3.141.59/selenium-java-3.141.59.jar:/Users/nitin/.m2/repository/org/seleniumhq/selenium/selenium-api/3.141.59/selenium-api-3.141.59.jar:/Users/nitin/.m2/repository/org/seleniumhq/selenium/selenium-chrome-driver/3.141.59/selenium-chrome-driver-3.141.59.jar:/Users/nitin/.m2/repository/org/seleniumhq/selenium/selenium-edge-driver/3.141.59/selenium-edge-driver-3.141.59.jar:/Users/nitin/.m2/repository/org/seleniumhq/selenium/selenium-firefox-driver/3.141.59/selenium-firefox-driver-3.141.59.jar:/Users/nitin/.m2/repository/org/seleniumhq/selenium/selenium-ie-driver/3.141.59/selenium-ie-driver-3.141.59.jar:/Users/nitin/.m2/repository/org/seleniumhq/selenium/selenium-opera-driver/3.141.59/selenium-opera-driver-3.141.59.jar:/Users/nitin/.m2/repository/org/seleniumhq/selenium/selenium-remote-driver/3.141.59/selenium-remote-driver-3.141.59.jar:/Users/nitin/.m2/repository/org/seleniumhq/selenium/selenium-safari-driver/3.141.59/selenium-safari-driver-3.141.59.jar:/Users/nitin/.m2/repository/org/seleniumhq/selenium/selenium-support/3.141.59/selenium-support-3.141.59.jar:/Users/nitin/.m2/repository/net/bytebuddy/byte-buddy/1.8.15/byte-buddy-1.8.15.jar:/Users/nitin/.m2/repository/org/apache/commons/commons-exec/1.3/commons-exec-1.3.jar:/Users/nitin/.m2/repository/com/google/guava/guava/25.0-jre/guava-25.0-jre.jar:/Users/nitin/.m2/repository/com/google/code/findbugs/jsr305/1.3.9/jsr305-1.3.9.jar:/Users/nitin/.m2/repository/org/checkerframework/checker-compat-qual/2.0.0/checker-compat-qual-2.0.0.jar:/Users/nitin/.m2/repository/com/google/errorprone/error_prone_annotations/2.1.3/error_prone_annotations-2.1.3.jar:/Users/nitin/.m2/repository/com/google/j2objc/j2objc-annotations/1.1/j2objc-annotations-1.1.jar:/Users/nitin/.m2/repository/org/codehaus/mojo/animal-sniffer-annotations/1.14/animal-sniffer-annotations-1.14.jar:/Users/nitin/.m2/repository/com/squareup/okhttp3/okhttp/3.11.0/okhttp-3.11.0.jar:/Users/nitin/.m2/repository/com/squareup/okio/okio/1.14.0/okio-1.14.0.jar:/Users/nitin/.m2/repository/org/apache/poi/poi/5.2.5/poi-5.2.5.jar:/Users/nitin/.m2/repository/commons-codec/commons-codec/1.16.0/commons-codec-1.16.0.jar:/Users/nitin/.m2/repository/org/apache/commons/commons-collections4/4.4/commons-collections4-4.4.jar:/Users/nitin/.m2/repository/org/apache/commons/commons-math3/3.6.1/commons-math3-3.6.1.jar:/Users/nitin/.m2/repository/commons-io/commons-io/2.15.0/commons-io-2.15.0.jar:/Users/nitin/.m2/repository/com/zaxxer/SparseBitSet/1.3/SparseBitSet-1.3.jar:/Users/nitin/.m2/repository/org/apache/poi/poi-ooxml/5.2.5/poi-ooxml-5.2.5.jar:/Users/nitin/.m2/repository/org/apache/poi/poi-ooxml-lite/5.2.5/poi-ooxml-lite-5.2.5.jar:/Users/nitin/.m2/repository/org/apache/xmlbeans/xmlbeans/5.2.0/xmlbeans-5.2.0.jar:/Users/nitin/.m2/repository/org/apache/commons/commons-compress/1.25.0/commons-compress-1.25.0.jar:/Users/nitin/.m2/repository/com/github/virtuald/curvesapi/1.08/curvesapi-1.08.jar:/Users/nitin/.m2/repository/io/github/bonigarcia/webdrivermanager/5.6.3/webdrivermanager-5.6.3.jar:/Users/nitin/.m2/repository/org/slf4j/slf4j-api/2.0.10/slf4j-api-2.0.10.jar:/Users/nitin/.m2/repository/com/google/code/gson/gson/2.10.1/gson-2.10.1.jar:/Users/nitin/.m2/repository/com/github/docker-java/docker-java/3.3.4/docker-java-3.3.4.jar:/Users/nitin/.m2/repository/com/github/docker-java/docker-java-core/3.3.4/docker-java-core-3.3.4.jar:/Users/nitin/.m2/repository/com/github/docker-java/docker-java-api/3.3.4/docker-java-api-3.3.4.jar:/Users/nitin/.m2/repository/com/fasterxml/jackson/core/jackson-annotations/2.10.3/jackson-annotations-2.10.3.jar:/Users/nitin/.m2/repository/com/fasterxml/jackson/core/jackson-databind/2.10.3/jackson-databind-2.10.3.jar:/Users/nitin/.m2/repository/com/fasterxml/jackson/core/jackson-core/2.10.3/jackson-core-2.10.3.jar:/Users/nitin/.m2/repository/org/bouncycastle/bcpkix-jdk18on/1.76/bcpkix-jdk18on-1.76.jar:/Users/nitin/.m2/repository/org/bouncycastle/bcprov-jdk18on/1.76/bcprov-jdk18on-1.76.jar:/Users/nitin/.m2/repository/org/bouncycastle/bcutil-jdk18on/1.76/bcutil-jdk18on-1.76.jar:/Users/nitin/.m2/repository/org/slf4j/jcl-over-slf4j/1.7.30/jcl-over-slf4j-1.7.30.jar:/Users/nitin/.m2/repository/com/github/docker-java/docker-java-transport-httpclient5/3.3.4/docker-java-transport-httpclient5-3.3.4.jar:/Users/nitin/.m2/repository/com/github/docker-java/docker-java-transport/3.3.4/docker-java-transport-3.3.4.jar:/Users/nitin/.m2/repository/net/java/dev/jna/jna/5.13.0/jna-5.13.0.jar:/Users/nitin/.m2/repository/org/brotli/dec/0.1.2/dec-0.1.2.jar:/Users/nitin/.m2/repository/org/apache/commons/commons-lang3/3.14.0/commons-lang3-3.14.0.jar:/Users/nitin/.m2/repository/org/apache/httpcomponents/client5/httpclient5/5.2.1/httpclient5-5.2.1.jar:/Users/nitin/.m2/repository/org/apache/httpcomponents/core5/httpcore5/5.2/httpcore5-5.2.jar:/Users/nitin/.m2/repository/org/apache/httpcomponents/core5/httpcore5-h2/5.2/httpcore5-h2-5.2.jar:/Users/nitin/.m2/repository/org/apache/logging/log4j/log4j-core/2.22.1/log4j-core-2.22.1.jar:/Users/nitin/.m2/repository/org/apache/logging/log4j/log4j-api/2.22.1/log4j-api-2.22.1.jar:/Users/nitin/.m2/repository/org/testng/testng/7.7.1/testng-7.7.1.jar:/Users/nitin/.m2/repository/com/beust/jcommander/1.82/jcommander-1.82.jar:/Users/nitin/.m2/repository/org/webjars/jquery/3.6.1/jquery-3.6.1.jar:/Users/nitin/.m2/repository/com/aventstack/extentreports/5.0.9/extentreports-5.0.9.jar:/Users/nitin/.m2/repository/io/reactivex/rxjava3/rxjava/3.0.4/rxjava-3.0.4.jar:/Users/nitin/.m2/repository/org/reactivestreams/reactive-streams/1.0.3/reactive-streams-1.0.3.jar:/Users/nitin/.m2/repository/org/freemarker/freemarker/2.3.30/freemarker-2.3.30.jar:/Users/nitin/.m2/repository/org/projectlombok/lombok/1.18.28/lombok-1.18.28.jar:"/>
    <property name="sun.cpu.endian" value="little"/>
    <property name="user.home" value="/Users/nitin"/>
    <property name="user.language" value="en"/>
    <property name="java.specification.vendor" value="Oracle Corporation"/>
    <property name="java.version.date" value="2024-01-16"/>
    <property name="java.home" value="/Library/Java/JavaVirtualMachines/jdk-17.jdk/Contents/Home"/>
    <property name="file.separator" value="/"/>
    <property name="basedir" value="/Users/nitin/eclipseworkspace/Java/SeleniumTekarch_Framework"/>
    <property name="java.vm.compressedOopsMode" value="Zero based"/>
    <property name="line.separator" value="&#10;"/>
    <property name="java.vm.specification.vendor" value="Oracle Corporation"/>
    <property name="java.specification.name" value="Java Platform API Specification"/>
    <property name="surefire.real.class.path" value="/Users/nitin/eclipseworkspace/Java/SeleniumTekarch_Framework/target/surefire/surefirebooter-20240219170614110_3.jar"/>
    <property name="sun.management.compiler" value="HotSpot 64-Bit Tiered Compilers"/>
    <property name="ftp.nonProxyHosts" value="local|*.local|169.254/16|*.169.254/16"/>
    <property name="java.runtime.version" value="17.0.10+11-LTS-240"/>
    <property name="user.name" value="nitin"/>
    <property name="path.separator" value=":"/>
    <property name="os.version" value="11.4"/>
    <property name="java.runtime.name" value="Java(TM) SE Runtime Environment"/>
    <property name="file.encoding" value="UTF-8"/>
    <property name="java.vm.name" value="Java HotSpot(TM) 64-Bit Server VM"/>
    <property name="localRepository" value="/Users/nitin/.m2/repository"/>
    <property name="java.vendor.url.bug" value="https://bugreport.java.com/bugreport/"/>
    <property name="java.io.tmpdir" value="/var/folders/gx/qjsbcn6d6d33b4myp5smvrgr0000gp/T/"/>
    <property name="java.version" value="17.0.10"/>
    <property name="user.dir" value="/Users/nitin/eclipseworkspace/Java/SeleniumTekarch_Framework"/>
    <property name="os.arch" value="x86_64"/>
    <property name="webdriver.gecko.driver" value="/Users/nitin/.cache/selenium/geckodriver/mac64/0.33.0/geckodriver"/>
    <property name="java.vm.specification.name" value="Java Virtual Machine Specification"/>
    <property name="native.encoding" value="UTF-8"/>
    <property name="java.library.path" value="/Users/nitin/Library/Java/Extensions:/Library/Java/Extensions:/Network/Library/Java/Extensions:/System/Library/Java/Extensions:/usr/lib/java:."/>
    <property name="java.vm.info" value="mixed mode, sharing"/>
    <property name="java.vendor" value="Oracle Corporation"/>
    <property name="java.vm.version" value="17.0.10+11-LTS-240"/>
    <property name="sun.io.unicode.encoding" value="UnicodeBig"/>
    <property name="socksNonProxyHosts" value="local|*.local|169.254/16|*.169.254/16"/>
    <property name="java.class.version" value="61.0"/>
  </properties>
  <testcase name="loginPage_EmptyPassword" classname="com.salesforce.automation.SalesforceLoginPage_Testcases" time="0.952">
    <system-out><![CDATA[2024-02-19 17:06:15,595 INFO  SalesforceListenerUtility.java:62 - .......<test> execution started........
2024-02-19 17:06:19,329 INFO  BaseClass.java:70 - Browser instance has started
2024-02-19 17:06:20,067 INFO  BaseClass.java:231 - https://login.salesforce.com/ is launched
2024-02-19 17:06:20,067 INFO  BaseClass.java:472 - Waiting until page loads within  expectedtime period
2024-02-19 17:06:20,077 INFO  SalesforceListenerUtility.java:27 - loginPage_EmptyPassword.......test execution started........
2024-02-19 17:06:20,085 INFO  SalesforceLoginPage_Testcases.java:33 - ..............started loginPage_EmptyPassword...............
2024-02-19 17:06:20,093 INFO  BaseClass.java:257 - Login | Salesforce  matched with Login | Salesforce
ObjectLogger->com.aventstack.extentreports.ExtentTest@64984b0f
2024-02-19 17:06:20,098 INFO  SalesforceLoginPage_Testcases.java:37 - Assertion passed: Actual title is equal to Expected title
2024-02-19 17:06:20,422 INFO  BaseClass.java:145 - [[FirefoxDriver: firefox on MAC (b376bc71-0b23-430a-8cd7-8f00ed71a138)] -> xpath: //*[@id='username']]Is enabled and clicked
ObjectLogger->com.aventstack.extentreports.ExtentTest@64984b0f
2024-02-19 17:06:20,490 INFO  BaseClass.java:150 - EmailIs displayed  in textarea
ObjectLogger->com.aventstack.extentreports.ExtentTest@64984b0f
2024-02-19 17:06:20,603 INFO  BaseClass.java:94 - login  IS WAITED FOR VISIBLITY
ObjectLogger->com.aventstack.extentreports.ExtentTest@64984b0f
2024-02-19 17:06:21,010 INFO  BaseClass.java:213 - login Button Is enabled and clicked
ObjectLogger->com.aventstack.extentreports.ExtentTest@64984b0f
2024-02-19 17:06:21,032 INFO  BaseClass.java:302 - Please enter your password.  matched with Please enter your password.
ObjectLogger->com.aventstack.extentreports.ExtentTest@64984b0f
2024-02-19 17:06:21,034 INFO  SalesforceLoginPage_Testcases.java:58 - ..............ended loginPage_EmptyPassword................
]]></system-out>
    <system-err><![CDATA[SLF4J(W): No SLF4J providers were found.
SLF4J(W): Defaulting to no-operation (NOP) logger implementation
SLF4J(W): See https://www.slf4j.org/codes.html#noProviders for further details.
1708391176366	geckodriver	INFO	Listening on 127.0.0.1:27676
1708391176573	mozrunner::runner	INFO	Running command: MOZ_CRASHREPORTER="1" MOZ_CRASHREPORTER_NO_REPORT="1" MOZ_CRASHREPORTER_SHUTDOWN="1" MOZ_NO_REMOTE="1" "/App ... "--marionette" "-foreground" "-no-remote" "-profile" "/var/folders/gx/qjsbcn6d6d33b4myp5smvrgr0000gp/T/rust_mozprofileskYg17"
console.warn: services.settings: Ignoring preference override of remote settings server
console.warn: services.settings: Allow by setting MOZ_REMOTE_SETTINGS_DEVTOOLS=1 in the environment
1708391177211	Marionette	INFO	Marionette enabled
1708391177468	Marionette	INFO	Listening on port 57009
Read port: 57009
1708391178137	RemoteAgent	WARN	TLS certificate errors will be ignored for this session
Feb 19, 2024 5:06:19 PM org.openqa.selenium.remote.ProtocolHandshake createSession
INFO: Detected dialect: W3C
console.warn: LoginRecipes: "Falling back to a synchronous message for: https://login.salesforce.com."
console.warn: LoginRecipes: "Falling back to a synchronous message for: https://login.salesforce.com."
console.warn: LoginRecipes: "Falling back to a synchronous message for: https://login.salesforce.com."
]]></system-err>
  </testcase>
  <testcase name="testForgotPasssword" classname="com.salesforce.automation.SalesforceLoginPage_Testcases" time="1.1">
    <system-out><![CDATA[2024-02-19 17:06:21,036 INFO  SalesforceListenerUtility.java:36 - loginPage_EmptyPassword.......test execution sucess........
ObjectLogger->com.aventstack.extentreports.ExtentTest@64984b0f
2024-02-19 17:06:21,879 INFO  BaseClass.java:242 - browser is closed
2024-02-19 17:06:24,479 INFO  BaseClass.java:70 - Browser instance has started
2024-02-19 17:06:25,128 INFO  BaseClass.java:231 - https://login.salesforce.com/ is launched
2024-02-19 17:06:25,128 INFO  BaseClass.java:472 - Waiting until page loads within  expectedtime period
2024-02-19 17:06:25,134 INFO  SalesforceListenerUtility.java:27 - testForgotPasssword.......test execution started........
2024-02-19 17:06:25,134 INFO  SalesforceLoginPage_Testcases.java:106 - ..............stated testForgotPasssword..............
2024-02-19 17:06:25,264 INFO  BaseClass.java:257 - Forgot Your Password | Salesforce  matched with Forgot Your Password | Salesforce
ObjectLogger->com.aventstack.extentreports.ExtentTest@4b0f2299
2024-02-19 17:06:25,503 INFO  BaseClass.java:145 - [[FirefoxDriver: firefox on MAC (18f02321-43c3-495d-a57d-5304d16b1bb5)] -> xpath: //input[@id='un']]Is enabled and clicked
ObjectLogger->com.aventstack.extentreports.ExtentTest@4b0f2299
2024-02-19 17:06:25,517 INFO  BaseClass.java:150 - UsernameIs displayed  in textarea
ObjectLogger->com.aventstack.extentreports.ExtentTest@4b0f2299
2024-02-19 17:06:26,227 INFO  BaseClass.java:213 - Continue Button Is enabled and clicked
ObjectLogger->com.aventstack.extentreports.ExtentTest@4b0f2299
2024-02-19 17:06:26,230 INFO  BaseClass.java:257 - Check Your Email | Salesforce  matched with Check Your Email | Salesforce
ObjectLogger->com.aventstack.extentreports.ExtentTest@4b0f2299
2024-02-19 17:06:26,235 INFO  SalesforceLoginPage_Testcases.java:120 - ..............ended testForgotPasssword..............
]]></system-out>
    <system-err><![CDATA[1708391181041	Marionette	INFO	Stopped listening on port 57009
1708391181914	geckodriver	INFO	Listening on 127.0.0.1:29106
1708391181929	mozrunner::runner	INFO	Running command: MOZ_CRASHREPORTER="1" MOZ_CRASHREPORTER_NO_REPORT="1" MOZ_CRASHREPORTER_SHUTDOWN="1" MOZ_NO_REMOTE="1" "/App ... "--marionette" "-foreground" "-no-remote" "-profile" "/var/folders/gx/qjsbcn6d6d33b4myp5smvrgr0000gp/T/rust_mozprofile4K1rEB"
console.warn: services.settings: Ignoring preference override of remote settings server
console.warn: services.settings: Allow by setting MOZ_REMOTE_SETTINGS_DEVTOOLS=1 in the environment
1708391182498	Marionette	INFO	Marionette enabled
1708391182814	Marionette	INFO	Listening on port 57103
Read port: 57103
1708391183366	RemoteAgent	WARN	TLS certificate errors will be ignored for this session
Feb 19, 2024 5:06:24 PM org.openqa.selenium.remote.ProtocolHandshake createSession
INFO: Detected dialect: W3C
console.warn: LoginRecipes: "Falling back to a synchronous message for: https://login.salesforce.com."
console.warn: LoginRecipes: "Falling back to a synchronous message for: https://login.salesforce.com."
console.warn: LoginRecipes: "Falling back to a synchronous message for: https://login.salesforce.com."
console.warn: LoginRecipes: "Falling back to a synchronous message for: https://login.salesforce.com."
]]></system-err>
  </testcase>
  <testcase name="loginErrorMessage" classname="com.salesforce.automation.SalesforceLoginPage_Testcases" time="16.013">
    <failure message="Unable to locate element: div#error.loginError&#10;For documentation on this error, please visit: https://www.seleniumhq.org/exceptions/no_such_element.html&#10;Build info: version: &apos;3.141.59&apos;, revision: &apos;e82be7d358&apos;, time: &apos;2018-11-14T08:17:03&apos;&#10;System info: host: &apos;Nitins-MacBook-Pro.local&apos;, ip: &apos;2601:646:8084:4d20:0:0:0:ec4a%en0&apos;, os.name: &apos;Mac OS X&apos;, os.arch: &apos;x86_64&apos;, os.version: &apos;11.4&apos;, java.version: &apos;17.0.10&apos;&#10;Driver info: org.openqa.selenium.firefox.FirefoxDriver&#10;Capabilities {acceptInsecureCerts: true, browserName: firefox, browserVersion: 120.0.1, javascriptEnabled: true, moz:accessibilityChecks: false, moz:buildID: 20231129155202, moz:geckodriverVersion: 0.33.0, moz:headless: false, moz:platformVersion: 20.5.0, moz:processID: 49009, moz:profile: /var/folders/gx/qjsbcn6d6d3..., moz:shutdownTimeout: 60000, moz:webdriverClick: true, moz:windowless: false, pageLoadStrategy: normal, platform: MAC, platformName: MAC, proxy: Proxy(), setWindowRect: true, strictFileInteractability: false, timeouts: {implicit: 0, pageLoad: 300000, script: 30000}, unhandledPromptBehavior: dismiss and notify}&#10;Session ID: e7da0151-6709-46b7-9355-aa26aa237928&#10;*** Element info: {Using=css selector, value=div#error.loginError}" type="org.openqa.selenium.NoSuchElementException"><![CDATA[org.openqa.selenium.NoSuchElementException: 
Unable to locate element: div#error.loginError
For documentation on this error, please visit: https://www.seleniumhq.org/exceptions/no_such_element.html
Build info: version: '3.141.59', revision: 'e82be7d358', time: '2018-11-14T08:17:03'
System info: host: 'Nitins-MacBook-Pro.local', ip: '2601:646:8084:4d20:0:0:0:ec4a%en0', os.name: 'Mac OS X', os.arch: 'x86_64', os.version: '11.4', java.version: '17.0.10'
Driver info: org.openqa.selenium.firefox.FirefoxDriver
Capabilities {acceptInsecureCerts: true, browserName: firefox, browserVersion: 120.0.1, javascriptEnabled: true, moz:accessibilityChecks: false, moz:buildID: 20231129155202, moz:geckodriverVersion: 0.33.0, moz:headless: false, moz:platformVersion: 20.5.0, moz:processID: 49009, moz:profile: /var/folders/gx/qjsbcn6d6d3..., moz:shutdownTimeout: 60000, moz:webdriverClick: true, moz:windowless: false, pageLoadStrategy: normal, platform: MAC, platformName: MAC, proxy: Proxy(), setWindowRect: true, strictFileInteractability: false, timeouts: {implicit: 0, pageLoad: 300000, script: 30000}, unhandledPromptBehavior: dismiss and notify}
Session ID: e7da0151-6709-46b7-9355-aa26aa237928
*** Element info: {Using=css selector, value=div#error.loginError}
	at java.base/jdk.internal.reflect.NativeConstructorAccessorImpl.newInstance0(Native Method)
	at java.base/jdk.internal.reflect.NativeConstructorAccessorImpl.newInstance(NativeConstructorAccessorImpl.java:77)
	at java.base/jdk.internal.reflect.DelegatingConstructorAccessorImpl.newInstance(DelegatingConstructorAccessorImpl.java:45)
	at java.base/java.lang.reflect.Constructor.newInstanceWithCaller(Constructor.java:499)
	at java.base/java.lang.reflect.Constructor.newInstance(Constructor.java:480)
	at org.openqa.selenium.remote.http.W3CHttpResponseCodec.createException(W3CHttpResponseCodec.java:187)
	at org.openqa.selenium.remote.http.W3CHttpResponseCodec.decode(W3CHttpResponseCodec.java:122)
	at org.openqa.selenium.remote.http.W3CHttpResponseCodec.decode(W3CHttpResponseCodec.java:49)
	at org.openqa.selenium.remote.HttpCommandExecutor.execute(HttpCommandExecutor.java:158)
	at org.openqa.selenium.remote.service.DriverCommandExecutor.execute(DriverCommandExecutor.java:83)
	at org.openqa.selenium.remote.RemoteWebDriver.execute(RemoteWebDriver.java:552)
	at org.openqa.selenium.remote.RemoteWebDriver.findElement(RemoteWebDriver.java:323)
	at org.openqa.selenium.remote.RemoteWebDriver.findElementByCssSelector(RemoteWebDriver.java:420)
	at org.openqa.selenium.By$ByCssSelector.findElement(By.java:431)
	at org.openqa.selenium.remote.RemoteWebDriver.findElement(RemoteWebDriver.java:315)
	at com.salesforce.automation.SalesforceLoginPage_Testcases.loginErrorMessage(SalesforceLoginPage_Testcases.java:142)
	at java.base/jdk.internal.reflect.NativeMethodAccessorImpl.invoke0(Native Method)
	at java.base/jdk.internal.reflect.NativeMethodAccessorImpl.invoke(NativeMethodAccessorImpl.java:77)
	at java.base/jdk.internal.reflect.DelegatingMethodAccessorImpl.invoke(DelegatingMethodAccessorImpl.java:43)
	at java.base/java.lang.reflect.Method.invoke(Method.java:568)
	at org.testng.internal.invokers.MethodInvocationHelper.invokeMethod(MethodInvocationHelper.java:139)
	at org.testng.internal.invokers.TestInvoker.invokeMethod(TestInvoker.java:677)
	at org.testng.internal.invokers.TestInvoker.invokeTestMethod(TestInvoker.java:221)
	at org.testng.internal.invokers.MethodRunner.runInSequence(MethodRunner.java:50)
	at org.testng.internal.invokers.TestInvoker$MethodInvocationAgent.invoke(TestInvoker.java:969)
	at org.testng.internal.invokers.TestInvoker.invokeTestMethods(TestInvoker.java:194)
	at org.testng.internal.invokers.TestMethodWorker.invokeTestMethods(TestMethodWorker.java:148)
	at org.testng.internal.invokers.TestMethodWorker.run(TestMethodWorker.java:128)
	at java.base/java.util.ArrayList.forEach(ArrayList.java:1511)
	at org.testng.TestRunner.privateRun(TestRunner.java:829)
	at org.testng.TestRunner.run(TestRunner.java:602)
	at org.testng.SuiteRunner.runTest(SuiteRunner.java:437)
	at org.testng.SuiteRunner.runSequentially(SuiteRunner.java:431)
	at org.testng.SuiteRunner.privateRun(SuiteRunner.java:391)
	at org.testng.SuiteRunner.run(SuiteRunner.java:330)
	at org.testng.SuiteRunnerWorker.runSuite(SuiteRunnerWorker.java:52)
	at org.testng.SuiteRunnerWorker.run(SuiteRunnerWorker.java:95)
	at org.testng.TestNG.runSuitesSequentially(TestNG.java:1256)
	at org.testng.TestNG.runSuitesLocally(TestNG.java:1176)
	at org.testng.TestNG.runSuites(TestNG.java:1099)
	at org.testng.TestNG.run(TestNG.java:1067)
	at org.apache.maven.surefire.testng.TestNGExecutor.run(TestNGExecutor.java:308)
	at org.apache.maven.surefire.testng.TestNGXmlTestSuite.execute(TestNGXmlTestSuite.java:71)
	at org.apache.maven.surefire.testng.TestNGProvider.invoke(TestNGProvider.java:113)
	at org.apache.maven.surefire.booter.ForkedBooter.runSuitesInProcess(ForkedBooter.java:385)
	at org.apache.maven.surefire.booter.ForkedBooter.execute(ForkedBooter.java:162)
	at org.apache.maven.surefire.booter.ForkedBooter.run(ForkedBooter.java:507)
	at org.apache.maven.surefire.booter.ForkedBooter.main(ForkedBooter.java:495)
]]></failure>
    <system-out><![CDATA[2024-02-19 17:06:26,235 INFO  SalesforceListenerUtility.java:36 - testForgotPasssword.......test execution sucess........
ObjectLogger->com.aventstack.extentreports.ExtentTest@4b0f2299
2024-02-19 17:06:26,872 INFO  BaseClass.java:242 - browser is closed
2024-02-19 17:06:29,703 INFO  BaseClass.java:70 - Browser instance has started
2024-02-19 17:06:30,594 INFO  BaseClass.java:231 - https://login.salesforce.com/ is launched
2024-02-19 17:06:30,594 INFO  BaseClass.java:472 - Waiting until page loads within  expectedtime period
2024-02-19 17:06:30,611 INFO  SalesforceListenerUtility.java:27 - loginErrorMessage.......test execution started........
2024-02-19 17:06:30,612 INFO  SalesforceLoginPage_Testcases.java:126 - ..............stated loginErrorMessage..............
2024-02-19 17:06:30,615 INFO  BaseClass.java:257 - Login | Salesforce  matched with Login | Salesforce
ObjectLogger->com.aventstack.extentreports.ExtentTest@58a2b917
2024-02-19 17:06:30,969 INFO  BaseClass.java:145 - [[FirefoxDriver: firefox on MAC (e7da0151-6709-46b7-9355-aa26aa237928)] -> xpath: //*[@id='username']]Is enabled and clicked
ObjectLogger->com.aventstack.extentreports.ExtentTest@58a2b917
2024-02-19 17:06:31,113 INFO  BaseClass.java:150 - UsernameIs displayed  in textarea
ObjectLogger->com.aventstack.extentreports.ExtentTest@58a2b917
2024-02-19 17:06:34,342 INFO  BaseClass.java:145 - [[FirefoxDriver: firefox on MAC (e7da0151-6709-46b7-9355-aa26aa237928)] -> xpath: //*[@id='password']]Is enabled and clicked
ObjectLogger->com.aventstack.extentreports.ExtentTest@58a2b917
2024-02-19 17:06:34,351 INFO  BaseClass.java:150 - PasswordIs displayed  in textarea
ObjectLogger->com.aventstack.extentreports.ExtentTest@58a2b917
2024-02-19 17:06:39,598 INFO  BaseClass.java:213 - login Button Is enabled and clicked
ObjectLogger->com.aventstack.extentreports.ExtentTest@58a2b917
]]></system-out>
    <system-err><![CDATA[1708391186241	Marionette	INFO	Stopped listening on port 57103
JavaScript error: resource://gre/modules/UrlClassifierListManager.sys.mjs, line 720: TypeError: this.tablesData[table] is undefined
1708391186917	geckodriver	INFO	Listening on 127.0.0.1:15425
1708391186932	mozrunner::runner	INFO	Running command: MOZ_CRASHREPORTER="1" MOZ_CRASHREPORTER_NO_REPORT="1" MOZ_CRASHREPORTER_SHUTDOWN="1" MOZ_NO_REMOTE="1" "/App ... "--marionette" "-foreground" "-no-remote" "-profile" "/var/folders/gx/qjsbcn6d6d33b4myp5smvrgr0000gp/T/rust_mozprofilelesya8"
console.warn: services.settings: Ignoring preference override of remote settings server
console.warn: services.settings: Allow by setting MOZ_REMOTE_SETTINGS_DEVTOOLS=1 in the environment
1708391187735	Marionette	INFO	Marionette enabled
1708391187945	Marionette	INFO	Listening on port 57188
Read port: 57188
1708391188166	RemoteAgent	WARN	TLS certificate errors will be ignored for this session
Feb 19, 2024 5:06:29 PM org.openqa.selenium.remote.ProtocolHandshake createSession
INFO: Detected dialect: W3C
console.warn: LoginRecipes: "Falling back to a synchronous message for: https://login.salesforce.com."
console.warn: LoginRecipes: "Falling back to a synchronous message for: https://login.salesforce.com."
]]></system-err>
  </testcase>
  <testcase name="login_Homepage" classname="com.salesforce.automation.SalesforceLoginPage_Testcases" time="4.198">
    <failure message="expected [Home Page ~ Salesforce - Developer Edition] but found []" type="java.lang.AssertionError"><![CDATA[java.lang.AssertionError: expected [Home Page ~ Salesforce - Developer Edition] but found []
	at org.testng.Assert.fail(Assert.java:110)
	at org.testng.Assert.failNotEquals(Assert.java:1577)
	at org.testng.Assert.assertEqualsImpl(Assert.java:149)
	at org.testng.Assert.assertEquals(Assert.java:131)
	at org.testng.Assert.assertEquals(Assert.java:655)
	at org.testng.Assert.assertEquals(Assert.java:665)
	at com.salesforce.base.BaseClass.assertTitle(BaseClass.java:256)
	at com.salesforce.automation.SalesforceLoginPage_Testcases.login_Homepage(SalesforceLoginPage_Testcases.java:66)
	at java.base/jdk.internal.reflect.NativeMethodAccessorImpl.invoke0(Native Method)
	at java.base/jdk.internal.reflect.NativeMethodAccessorImpl.invoke(NativeMethodAccessorImpl.java:77)
	at java.base/jdk.internal.reflect.DelegatingMethodAccessorImpl.invoke(DelegatingMethodAccessorImpl.java:43)
	at java.base/java.lang.reflect.Method.invoke(Method.java:568)
	at org.testng.internal.invokers.MethodInvocationHelper.invokeMethod(MethodInvocationHelper.java:139)
	at org.testng.internal.invokers.TestInvoker.invokeMethod(TestInvoker.java:677)
	at org.testng.internal.invokers.TestInvoker.invokeTestMethod(TestInvoker.java:221)
	at org.testng.internal.invokers.MethodRunner.runInSequence(MethodRunner.java:50)
	at org.testng.internal.invokers.TestInvoker$MethodInvocationAgent.invoke(TestInvoker.java:969)
	at org.testng.internal.invokers.TestInvoker.invokeTestMethods(TestInvoker.java:194)
	at org.testng.internal.invokers.TestMethodWorker.invokeTestMethods(TestMethodWorker.java:148)
	at org.testng.internal.invokers.TestMethodWorker.run(TestMethodWorker.java:128)
	at java.base/java.util.ArrayList.forEach(ArrayList.java:1511)
	at org.testng.TestRunner.privateRun(TestRunner.java:829)
	at org.testng.TestRunner.run(TestRunner.java:602)
	at org.testng.SuiteRunner.runTest(SuiteRunner.java:437)
	at org.testng.SuiteRunner.runSequentially(SuiteRunner.java:431)
	at org.testng.SuiteRunner.privateRun(SuiteRunner.java:391)
	at org.testng.SuiteRunner.run(SuiteRunner.java:330)
	at org.testng.SuiteRunnerWorker.runSuite(SuiteRunnerWorker.java:52)
	at org.testng.SuiteRunnerWorker.run(SuiteRunnerWorker.java:95)
	at org.testng.TestNG.runSuitesSequentially(TestNG.java:1256)
	at org.testng.TestNG.runSuitesLocally(TestNG.java:1176)
	at org.testng.TestNG.runSuites(TestNG.java:1099)
	at org.testng.TestNG.run(TestNG.java:1067)
	at org.apache.maven.surefire.testng.TestNGExecutor.run(TestNGExecutor.java:308)
	at org.apache.maven.surefire.testng.TestNGXmlTestSuite.execute(TestNGXmlTestSuite.java:71)
	at org.apache.maven.surefire.testng.TestNGProvider.invoke(TestNGProvider.java:113)
	at org.apache.maven.surefire.booter.ForkedBooter.runSuitesInProcess(ForkedBooter.java:385)
	at org.apache.maven.surefire.booter.ForkedBooter.execute(ForkedBooter.java:162)
	at org.apache.maven.surefire.booter.ForkedBooter.run(ForkedBooter.java:507)
	at org.apache.maven.surefire.booter.ForkedBooter.main(ForkedBooter.java:495)
]]></failure>
    <system-out><![CDATA[2024-02-19 17:06:46,625 ERROR SalesforceListenerUtility.java:45 - loginErrorMessage.......test execution completed with failure........
ObjectLogger->com.aventstack.extentreports.ExtentTest@58a2b917
2024-02-19 17:06:46,817 INFO  BaseClass.java:424 - captures the screenshot
ObjectLogger->com.aventstack.extentreports.ExtentTest@58a2b917
ObjectLogger->com.aventstack.extentreports.ExtentTest@58a2b917
ObjectLogger->com.aventstack.extentreports.ExtentTest@58a2b917
2024-02-19 17:06:47,517 INFO  BaseClass.java:242 - browser is closed
2024-02-19 17:06:50,432 INFO  BaseClass.java:70 - Browser instance has started
2024-02-19 17:06:51,162 INFO  BaseClass.java:231 - https://login.salesforce.com/ is launched
2024-02-19 17:06:51,163 INFO  BaseClass.java:472 - Waiting until page loads within  expectedtime period
2024-02-19 17:06:51,170 INFO  SalesforceListenerUtility.java:27 - login_Homepage.......test execution started........
2024-02-19 17:06:51,170 INFO  SalesforceLoginPage_Testcases.java:64 - ..............stated login_Homepage()...............
2024-02-19 17:06:51,859 INFO  BaseClass.java:94 - email_field is IS WAITED FOR VISIBLITY
ObjectLogger->com.aventstack.extentreports.ExtentTest@5d342959
2024-02-19 17:06:52,221 INFO  BaseClass.java:145 - [[FirefoxDriver: firefox on MAC (51310e26-373e-4917-bf54-aea3204856bd)] -> xpath: //*[@id='username']]Is enabled and clicked
ObjectLogger->com.aventstack.extentreports.ExtentTest@5d342959
2024-02-19 17:06:52,311 INFO  BaseClass.java:150 - UsernameIs displayed  in textarea
ObjectLogger->com.aventstack.extentreports.ExtentTest@5d342959
2024-02-19 17:06:52,312 INFO  BaseSalesForceClass.java:66 - Email is entered in a Field 
2024-02-19 17:06:52,555 INFO  BaseClass.java:145 - [[FirefoxDriver: firefox on MAC (51310e26-373e-4917-bf54-aea3204856bd)] -> xpath: //*[@id='password']]Is enabled and clicked
ObjectLogger->com.aventstack.extentreports.ExtentTest@5d342959
2024-02-19 17:06:52,567 INFO  BaseClass.java:150 - PasswordIs displayed  in textarea
ObjectLogger->com.aventstack.extentreports.ExtentTest@5d342959
2024-02-19 17:06:52,567 INFO  BaseSalesForceClass.java:70 - Password is entered in a Field 
2024-02-19 17:06:52,587 INFO  BaseClass.java:94 - Login  IS WAITED FOR VISIBLITY
ObjectLogger->com.aventstack.extentreports.ExtentTest@5d342959
2024-02-19 17:06:55,355 INFO  BaseClass.java:213 - login  Is enabled and clicked
ObjectLogger->com.aventstack.extentreports.ExtentTest@5d342959
2024-02-19 17:06:55,356 INFO  BaseSalesForceClass.java:75 - Successfully logged to the Home page
ObjectLogger->com.aventstack.extentreports.ExtentTest@5d342959
2024-02-19 17:06:55,366 ERROR BaseClass.java:260 - not   matched with Home Page ~ Salesforce - Developer Edition
]]></system-out>
    <system-err><![CDATA[1708391206828	Marionette	INFO	Stopped listening on port 57188
1708391207573	geckodriver	INFO	Listening on 127.0.0.1:27101
1708391207592	mozrunner::runner	INFO	Running command: MOZ_CRASHREPORTER="1" MOZ_CRASHREPORTER_NO_REPORT="1" MOZ_CRASHREPORTER_SHUTDOWN="1" MOZ_NO_REMOTE="1" "/App ... "--marionette" "-foreground" "-no-remote" "-profile" "/var/folders/gx/qjsbcn6d6d33b4myp5smvrgr0000gp/T/rust_mozprofilewiKdX1"
console.warn: services.settings: Ignoring preference override of remote settings server
console.warn: services.settings: Allow by setting MOZ_REMOTE_SETTINGS_DEVTOOLS=1 in the environment
1708391208275	Marionette	INFO	Marionette enabled
1708391208501	Marionette	INFO	Listening on port 57311
Read port: 57311
1708391209116	RemoteAgent	WARN	TLS certificate errors will be ignored for this session
Feb 19, 2024 5:06:50 PM org.openqa.selenium.remote.ProtocolHandshake createSession
INFO: Detected dialect: W3C
console.warn: LoginRecipes: "Falling back to a synchronous message for: https://login.salesforce.com."
console.warn: LoginRecipes: "Falling back to a synchronous message for: https://login.salesforce.com."
]]></system-err>
  </testcase>
  <testcase name="rememberUser_checkbox" classname="com.salesforce.automation.SalesforceLoginPage_Testcases" time="1.979">
    <failure message="expected [Home Page ~ Salesforce - Developer Edition] but found [Login | Salesforce]" type="java.lang.AssertionError"><![CDATA[java.lang.AssertionError: expected [Home Page ~ Salesforce - Developer Edition] but found [Login | Salesforce]
	at org.testng.Assert.fail(Assert.java:110)
	at org.testng.Assert.failNotEquals(Assert.java:1577)
	at org.testng.Assert.assertEqualsImpl(Assert.java:149)
	at org.testng.Assert.assertEquals(Assert.java:131)
	at org.testng.Assert.assertEquals(Assert.java:655)
	at org.testng.Assert.assertEquals(Assert.java:665)
	at com.salesforce.base.BaseClass.assertTitle(BaseClass.java:256)
	at com.salesforce.automation.SalesforceLoginPage_Testcases.rememberUser_checkbox(SalesforceLoginPage_Testcases.java:92)
	at java.base/jdk.internal.reflect.NativeMethodAccessorImpl.invoke0(Native Method)
	at java.base/jdk.internal.reflect.NativeMethodAccessorImpl.invoke(NativeMethodAccessorImpl.java:77)
	at java.base/jdk.internal.reflect.DelegatingMethodAccessorImpl.invoke(DelegatingMethodAccessorImpl.java:43)
	at java.base/java.lang.reflect.Method.invoke(Method.java:568)
	at org.testng.internal.invokers.MethodInvocationHelper.invokeMethod(MethodInvocationHelper.java:139)
	at org.testng.internal.invokers.TestInvoker.invokeMethod(TestInvoker.java:677)
	at org.testng.internal.invokers.TestInvoker.invokeTestMethod(TestInvoker.java:221)
	at org.testng.internal.invokers.MethodRunner.runInSequence(MethodRunner.java:50)
	at org.testng.internal.invokers.TestInvoker$MethodInvocationAgent.invoke(TestInvoker.java:969)
	at org.testng.internal.invokers.TestInvoker.invokeTestMethods(TestInvoker.java:194)
	at org.testng.internal.invokers.TestMethodWorker.invokeTestMethods(TestMethodWorker.java:148)
	at org.testng.internal.invokers.TestMethodWorker.run(TestMethodWorker.java:128)
	at java.base/java.util.ArrayList.forEach(ArrayList.java:1511)
	at org.testng.TestRunner.privateRun(TestRunner.java:829)
	at org.testng.TestRunner.run(TestRunner.java:602)
	at org.testng.SuiteRunner.runTest(SuiteRunner.java:437)
	at org.testng.SuiteRunner.runSequentially(SuiteRunner.java:431)
	at org.testng.SuiteRunner.privateRun(SuiteRunner.java:391)
	at org.testng.SuiteRunner.run(SuiteRunner.java:330)
	at org.testng.SuiteRunnerWorker.runSuite(SuiteRunnerWorker.java:52)
	at org.testng.SuiteRunnerWorker.run(SuiteRunnerWorker.java:95)
	at org.testng.TestNG.runSuitesSequentially(TestNG.java:1256)
	at org.testng.TestNG.runSuitesLocally(TestNG.java:1176)
	at org.testng.TestNG.runSuites(TestNG.java:1099)
	at org.testng.TestNG.run(TestNG.java:1067)
	at org.apache.maven.surefire.testng.TestNGExecutor.run(TestNGExecutor.java:308)
	at org.apache.maven.surefire.testng.TestNGXmlTestSuite.execute(TestNGXmlTestSuite.java:71)
	at org.apache.maven.surefire.testng.TestNGProvider.invoke(TestNGProvider.java:113)
	at org.apache.maven.surefire.booter.ForkedBooter.runSuitesInProcess(ForkedBooter.java:385)
	at org.apache.maven.surefire.booter.ForkedBooter.execute(ForkedBooter.java:162)
	at org.apache.maven.surefire.booter.ForkedBooter.run(ForkedBooter.java:507)
	at org.apache.maven.surefire.booter.ForkedBooter.main(ForkedBooter.java:495)
]]></failure>
    <system-out><![CDATA[2024-02-19 17:06:55,368 ERROR SalesforceListenerUtility.java:45 - login_Homepage.......test execution completed with failure........
ObjectLogger->com.aventstack.extentreports.ExtentTest@5d342959
2024-02-19 17:06:55,450 INFO  BaseClass.java:424 - captures the screenshot
ObjectLogger->com.aventstack.extentreports.ExtentTest@5d342959
ObjectLogger->com.aventstack.extentreports.ExtentTest@5d342959
ObjectLogger->com.aventstack.extentreports.ExtentTest@5d342959
2024-02-19 17:06:56,460 INFO  BaseClass.java:242 - browser is closed
2024-02-19 17:06:59,297 INFO  BaseClass.java:70 - Browser instance has started
2024-02-19 17:07:00,204 INFO  BaseClass.java:231 - https://login.salesforce.com/ is launched
2024-02-19 17:07:00,205 INFO  BaseClass.java:472 - Waiting until page loads within  expectedtime period
2024-02-19 17:07:00,212 INFO  SalesforceListenerUtility.java:27 - rememberUser_checkbox.......test execution started........
2024-02-19 17:07:00,213 INFO  SalesforceLoginPage_Testcases.java:73 - ..............stated  rememberUser_checkbox..............
2024-02-19 17:07:00,251 INFO  BaseClass.java:94 - email_field is IS WAITED FOR VISIBLITY
ObjectLogger->com.aventstack.extentreports.ExtentTest@1c067c0d
2024-02-19 17:07:00,537 INFO  BaseClass.java:145 - [[FirefoxDriver: firefox on MAC (430970c1-2ef9-45d1-8d81-bd166092465b)] -> xpath: //*[@id='username']]Is enabled and clicked
ObjectLogger->com.aventstack.extentreports.ExtentTest@1c067c0d
2024-02-19 17:07:00,563 INFO  BaseClass.java:150 - UsernameIs displayed  in textarea
ObjectLogger->com.aventstack.extentreports.ExtentTest@1c067c0d
2024-02-19 17:07:00,563 INFO  SalesforceLoginPage_Testcases.java:80 - Email is entered in a Field 
2024-02-19 17:07:00,796 INFO  BaseClass.java:145 - [[FirefoxDriver: firefox on MAC (430970c1-2ef9-45d1-8d81-bd166092465b)] -> xpath: //*[@id='password']]Is enabled and clicked
ObjectLogger->com.aventstack.extentreports.ExtentTest@1c067c0d
2024-02-19 17:07:00,803 INFO  BaseClass.java:150 - PasswordIs displayed  in textarea
ObjectLogger->com.aventstack.extentreports.ExtentTest@1c067c0d
2024-02-19 17:07:00,803 INFO  SalesforceLoginPage_Testcases.java:84 - Password is entered in a Field 
2024-02-19 17:07:00,849 INFO  BaseClass.java:94 - Remember checkbox IS WAITED FOR VISIBLITY
ObjectLogger->com.aventstack.extentreports.ExtentTest@1c067c0d
2024-02-19 17:07:01,626 INFO  BaseClass.java:213 - RemembercheckIs enabled and clicked
ObjectLogger->com.aventstack.extentreports.ExtentTest@1c067c0d
2024-02-19 17:07:01,686 INFO  BaseClass.java:94 - Login  IS WAITED FOR VISIBLITY
ObjectLogger->com.aventstack.extentreports.ExtentTest@1c067c0d
2024-02-19 17:07:02,186 INFO  BaseClass.java:213 - login  Is enabled and clicked
ObjectLogger->com.aventstack.extentreports.ExtentTest@1c067c0d
2024-02-19 17:07:02,190 ERROR BaseClass.java:260 - Login | Salesforcenot   matched with Home Page ~ Salesforce - Developer Edition
]]></system-out>
    <system-err><![CDATA[1708391215455	Marionette	INFO	Stopped listening on port 57311
1708391216482	geckodriver	INFO	Listening on 127.0.0.1:38118
1708391216493	mozrunner::runner	INFO	Running command: MOZ_CRASHREPORTER="1" MOZ_CRASHREPORTER_NO_REPORT="1" MOZ_CRASHREPORTER_SHUTDOWN="1" MOZ_NO_REMOTE="1" "/App ... "--marionette" "-foreground" "-no-remote" "-profile" "/var/folders/gx/qjsbcn6d6d33b4myp5smvrgr0000gp/T/rust_mozprofileo6Htb9"
console.warn: services.settings: Ignoring preference override of remote settings server
console.warn: services.settings: Allow by setting MOZ_REMOTE_SETTINGS_DEVTOOLS=1 in the environment
1708391217028	Marionette	INFO	Marionette enabled
1708391217255	Marionette	INFO	Listening on port 57423
Read port: 57423
1708391218070	RemoteAgent	WARN	TLS certificate errors will be ignored for this session
Feb 19, 2024 5:06:59 PM org.openqa.selenium.remote.ProtocolHandshake createSession
INFO: Detected dialect: W3C
1708391221414	Marionette	WARN	TimedPromise timed out after 500 ms: stacktrace:
TimedPromise/<@chrome://remote/content/marionette/sync.sys.mjs:219:24
TimedPromise@chrome://remote/content/marionette/sync.sys.mjs:203:10
interaction.flushEventLoop@chrome://remote/content/marionette/interaction.sys.mjs:466:10
webdriverClickElement@chrome://remote/content/marionette/interaction.sys.mjs:219:33
e@https://www.salesforce.com/etc/clientlibs/sfdc-aem-master/clientlibs_www_tags.min.js:2:111
@https://www.salesforce.com/etc/clientlibs/sfdc-aem-master/clientlibs_www_tags.min.js:2:146
@https://www.salesforce.com/etc/clientlibs/sfdc-aem-master/clientlibs_www_tags.min.js:2:395
@https://www.salesforce.com/etc/clientlibs/sfdc-aem-master/clientlibs_www_tags.min.js:2:399
console.warn: LoginRecipes: "Falling back to a synchronous message for: https://login.salesforce.com."
console.warn: LoginRecipes: "Falling back to a synchronous message for: https://login.salesforce.com."
console.warn: LoginRecipes: "Falling back to a synchronous message for: https://login.salesforce.com."
]]></system-err>
  </testcase>
  <testcase name="OpportunityPipelineReport" classname="com.salesforce.automation.SalesforceCreateOpty_Testcases" time="11.025">
    <system-out><![CDATA[2024-02-19 17:07:02,191 ERROR SalesforceListenerUtility.java:45 - rememberUser_checkbox.......test execution completed with failure........
ObjectLogger->com.aventstack.extentreports.ExtentTest@1c067c0d
2024-02-19 17:07:02,360 INFO  BaseClass.java:424 - captures the screenshot
ObjectLogger->com.aventstack.extentreports.ExtentTest@1c067c0d
ObjectLogger->com.aventstack.extentreports.ExtentTest@1c067c0d
ObjectLogger->com.aventstack.extentreports.ExtentTest@1c067c0d
2024-02-19 17:07:03,345 INFO  BaseClass.java:242 - browser is closed
2024-02-19 17:07:03,369 INFO  SalesforceListenerUtility.java:70 - .......<test> execution completed........
2024-02-19 17:07:03,677 INFO  SalesforceListenerUtility.java:62 - .......<test> execution started........
2024-02-19 17:07:03,699 INFO  BaseClass.java:59 - Browser instance has started
2024-02-19 17:07:05,904 INFO  BaseClass.java:231 - https://login.salesforce.com/ is launched
2024-02-19 17:07:05,905 INFO  BaseClass.java:472 - Waiting until page loads within  expectedtime period
2024-02-19 17:07:05,908 INFO  SalesforceListenerUtility.java:27 - OpportunityPipelineReport.......test execution started........
2024-02-19 17:07:06,627 INFO  BaseClass.java:94 - email_field is IS WAITED FOR VISIBLITY
ObjectLogger->com.aventstack.extentreports.ExtentTest@113f9078
2024-02-19 17:07:06,960 INFO  BaseClass.java:145 - [[ChromeDriver: chrome on MAC (5eafdb9ab8dad3f7afd5f110a0a676dc)] -> xpath: //*[@id='username']]Is enabled and clicked
ObjectLogger->com.aventstack.extentreports.ExtentTest@113f9078
2024-02-19 17:07:07,074 INFO  BaseClass.java:150 - UsernameIs displayed  in textarea
ObjectLogger->com.aventstack.extentreports.ExtentTest@113f9078
2024-02-19 17:07:07,074 INFO  BaseSalesForceClass.java:66 - Email is entered in a Field 
2024-02-19 17:07:07,333 INFO  BaseClass.java:145 - [[ChromeDriver: chrome on MAC (5eafdb9ab8dad3f7afd5f110a0a676dc)] -> xpath: //*[@id='password']]Is enabled and clicked
ObjectLogger->com.aventstack.extentreports.ExtentTest@113f9078
2024-02-19 17:07:07,381 INFO  BaseClass.java:150 - PasswordIs displayed  in textarea
ObjectLogger->com.aventstack.extentreports.ExtentTest@113f9078
2024-02-19 17:07:07,382 INFO  BaseSalesForceClass.java:70 - Password is entered in a Field 
2024-02-19 17:07:07,421 INFO  BaseClass.java:94 - Login  IS WAITED FOR VISIBLITY
ObjectLogger->com.aventstack.extentreports.ExtentTest@113f9078
2024-02-19 17:07:10,130 INFO  BaseClass.java:213 - login  Is enabled and clicked
ObjectLogger->com.aventstack.extentreports.ExtentTest@113f9078
2024-02-19 17:07:10,130 INFO  BaseSalesForceClass.java:75 - Successfully logged to the Home page
ObjectLogger->com.aventstack.extentreports.ExtentTest@113f9078
2024-02-19 17:07:13,053 INFO  BaseClass.java:213 - Opportunities    Is enabled and clicked
ObjectLogger->com.aventstack.extentreports.ExtentTest@113f9078
2024-02-19 17:07:13,062 INFO  BaseClass.java:257 - Opportunities: Home ~ Salesforce - Developer Edition  matched with Opportunities: Home ~ Salesforce - Developer Edition
ObjectLogger->com.aventstack.extentreports.ExtentTest@113f9078
2024-02-19 17:07:14,817 INFO  BaseClass.java:626 - Dropdown options match the expected list options.
ObjectLogger->com.aventstack.extentreports.ExtentTest@113f9078
2024-02-19 17:07:14,817 INFO  SalesforceCreateOpty_Testcases.java:35 - All assertion passed
ObjectLogger->com.aventstack.extentreports.ExtentTest@113f9078
2024-02-19 17:07:16,776 INFO  BaseClass.java:213 - Oppurtunity link Is enabled and clicked
ObjectLogger->com.aventstack.extentreports.ExtentTest@113f9078
2024-02-19 17:07:16,802 INFO  BaseClass.java:257 - Opportunity Pipeline ~ Salesforce - Developer Edition  matched with Opportunity Pipeline ~ Salesforce - Developer Edition
ObjectLogger->com.aventstack.extentreports.ExtentTest@113f9078
Report Generation Status:
Complete
 
2024-02-19 17:07:16,905 INFO  SalesforceCreateOpty_Testcases.java:133 - Matches the report generation status
ObjectLogger->com.aventstack.extentreports.ExtentTest@113f9078
2024-02-19 17:07:16,933 INFO  BaseClass.java:302 - Opportunity Pipeline  matched with Opportunity Pipeline
ObjectLogger->com.aventstack.extentreports.ExtentTest@113f9078
2024-02-19 17:07:16,933 INFO  SalesforceCreateOpty_Testcases.java:142 - All assertion passed
ObjectLogger->com.aventstack.extentreports.ExtentTest@113f9078
]]></system-out>
    <system-err><![CDATA[1708391222395	Marionette	INFO	Stopped listening on port 57423
JavaScript warning: https://www.salesforce.com/etc.clientlibs/clientlibs/granite/jquery.min.js, line 47: Script terminated by timeout at:
c.fn.extend@https://www.salesforce.com/etc.clientlibs/clientlibs/granite/jquery.min.js:47:59
@https://www.salesforce.com/etc.clientlibs/clientlibs/granite/jquery.min.js:149:32
@https://www.salesforce.com/etc.clientlibs/clientlibs/granite/jquery.min.js:149:360
@https://www.salesforce.com/etc.clientlibs/clientlibs/granite/jquery.min.js:22:208
@https://www.salesforce.com/etc.clientlibs/clientlibs/granite/jquery.min.js:22:215

JavaScript error: https://www.salesforce.com/etc.clientlibs/clientlibs/granite/utils.min.js, line 5: ReferenceError: jQuery is not defined
JavaScript error: https://www.salesforce.com/etc.clientlibs/clientlibs/granite/jquery/granite.min.js, line 3: ReferenceError: jQuery is not defined
JavaScript error: https://www.salesforce.com/etc.clientlibs/foundation/clientlibs/jquery.min.js, line 1: ReferenceError: _g is not defined
JavaScript error: https://www.salesforce.com/etc/clientlibs/sfdc-aem-master/clientlibs_analytics_login_top.min.js, line 6: ReferenceError: jQuery is not defined
Starting ChromeDriver 121.0.6167.184 (057a8ae7deb3374d0f1b04b36304d236f0136188-refs/branch-heads/6167@{#1818}) on port 12464
Only local connections are allowed.
Please see https://chromedriver.chromium.org/security-considerations for suggestions on keeping ChromeDriver safe.
ChromeDriver was started successfully.
Feb 19, 2024 5:07:05 PM org.openqa.selenium.remote.ProtocolHandshake createSession
INFO: Detected dialect: W3C
]]></system-err>
  </testcase>
  <testcase name="QuarterlySummaryReport" classname="com.salesforce.automation.SalesforceCreateOpty_Testcases" time="9.165">
    <failure message="null" type="java.lang.AssertionError"><![CDATA[java.lang.AssertionError: null
	at org.testng.Assert.fail(Assert.java:110)
	at org.testng.Assert.fail(Assert.java:115)
	at com.salesforce.automation.SalesforceCreateOpty_Testcases.QuarterlySummaryReport(SalesforceCreateOpty_Testcases.java:192)
	at java.base/jdk.internal.reflect.NativeMethodAccessorImpl.invoke0(Native Method)
	at java.base/jdk.internal.reflect.NativeMethodAccessorImpl.invoke(NativeMethodAccessorImpl.java:77)
	at java.base/jdk.internal.reflect.DelegatingMethodAccessorImpl.invoke(DelegatingMethodAccessorImpl.java:43)
	at java.base/java.lang.reflect.Method.invoke(Method.java:568)
	at org.testng.internal.invokers.MethodInvocationHelper.invokeMethod(MethodInvocationHelper.java:139)
	at org.testng.internal.invokers.TestInvoker.invokeMethod(TestInvoker.java:677)
	at org.testng.internal.invokers.TestInvoker.invokeTestMethod(TestInvoker.java:221)
	at org.testng.internal.invokers.MethodRunner.runInSequence(MethodRunner.java:50)
	at org.testng.internal.invokers.TestInvoker$MethodInvocationAgent.invoke(TestInvoker.java:969)
	at org.testng.internal.invokers.TestInvoker.invokeTestMethods(TestInvoker.java:194)
	at org.testng.internal.invokers.TestMethodWorker.invokeTestMethods(TestMethodWorker.java:148)
	at org.testng.internal.invokers.TestMethodWorker.run(TestMethodWorker.java:128)
	at java.base/java.util.ArrayList.forEach(ArrayList.java:1511)
	at org.testng.TestRunner.privateRun(TestRunner.java:829)
	at org.testng.TestRunner.run(TestRunner.java:602)
	at org.testng.SuiteRunner.runTest(SuiteRunner.java:437)
	at org.testng.SuiteRunner.runSequentially(SuiteRunner.java:431)
	at org.testng.SuiteRunner.privateRun(SuiteRunner.java:391)
	at org.testng.SuiteRunner.run(SuiteRunner.java:330)
	at org.testng.SuiteRunnerWorker.runSuite(SuiteRunnerWorker.java:52)
	at org.testng.SuiteRunnerWorker.run(SuiteRunnerWorker.java:95)
	at org.testng.TestNG.runSuitesSequentially(TestNG.java:1256)
	at org.testng.TestNG.runSuitesLocally(TestNG.java:1176)
	at org.testng.TestNG.runSuites(TestNG.java:1099)
	at org.testng.TestNG.run(TestNG.java:1067)
	at org.apache.maven.surefire.testng.TestNGExecutor.run(TestNGExecutor.java:308)
	at org.apache.maven.surefire.testng.TestNGXmlTestSuite.execute(TestNGXmlTestSuite.java:71)
	at org.apache.maven.surefire.testng.TestNGProvider.invoke(TestNGProvider.java:113)
	at org.apache.maven.surefire.booter.ForkedBooter.runSuitesInProcess(ForkedBooter.java:385)
	at org.apache.maven.surefire.booter.ForkedBooter.execute(ForkedBooter.java:162)
	at org.apache.maven.surefire.booter.ForkedBooter.run(ForkedBooter.java:507)
	at org.apache.maven.surefire.booter.ForkedBooter.main(ForkedBooter.java:495)
]]></failure>
    <system-out><![CDATA[2024-02-19 17:07:16,934 INFO  SalesforceListenerUtility.java:36 - OpportunityPipelineReport.......test execution sucess........
ObjectLogger->com.aventstack.extentreports.ExtentTest@113f9078
2024-02-19 17:07:17,065 INFO  BaseClass.java:242 - browser is closed
2024-02-19 17:07:17,099 INFO  BaseClass.java:59 - Browser instance has started
2024-02-19 17:07:19,111 INFO  BaseClass.java:231 - https://login.salesforce.com/ is launched
2024-02-19 17:07:19,112 INFO  BaseClass.java:472 - Waiting until page loads within  expectedtime period
2024-02-19 17:07:19,117 INFO  SalesforceListenerUtility.java:27 - QuarterlySummaryReport.......test execution started........
2024-02-19 17:07:19,835 INFO  BaseClass.java:94 - email_field is IS WAITED FOR VISIBLITY
ObjectLogger->com.aventstack.extentreports.ExtentTest@4602f874
2024-02-19 17:07:20,304 INFO  BaseClass.java:145 - [[ChromeDriver: chrome on MAC (39d5819b96e48f2b62714313131b8427)] -> xpath: //*[@id='username']]Is enabled and clicked
ObjectLogger->com.aventstack.extentreports.ExtentTest@4602f874
2024-02-19 17:07:20,492 INFO  BaseClass.java:150 - UsernameIs displayed  in textarea
ObjectLogger->com.aventstack.extentreports.ExtentTest@4602f874
2024-02-19 17:07:20,493 INFO  BaseSalesForceClass.java:66 - Email is entered in a Field 
2024-02-19 17:07:20,611 INFO  BaseClass.java:145 - [[ChromeDriver: chrome on MAC (39d5819b96e48f2b62714313131b8427)] -> xpath: //*[@id='password']]Is enabled and clicked
ObjectLogger->com.aventstack.extentreports.ExtentTest@4602f874
2024-02-19 17:07:20,780 INFO  BaseClass.java:150 - PasswordIs displayed  in textarea
ObjectLogger->com.aventstack.extentreports.ExtentTest@4602f874
2024-02-19 17:07:20,781 INFO  BaseSalesForceClass.java:70 - Password is entered in a Field 
2024-02-19 17:07:20,925 INFO  BaseClass.java:94 - Login  IS WAITED FOR VISIBLITY
ObjectLogger->com.aventstack.extentreports.ExtentTest@4602f874
2024-02-19 17:07:22,825 INFO  BaseClass.java:213 - login  Is enabled and clicked
ObjectLogger->com.aventstack.extentreports.ExtentTest@4602f874
2024-02-19 17:07:22,825 INFO  BaseSalesForceClass.java:75 - Successfully logged to the Home page
ObjectLogger->com.aventstack.extentreports.ExtentTest@4602f874
2024-02-19 17:07:25,869 INFO  BaseClass.java:213 - Opportunities    Is enabled and clicked
ObjectLogger->com.aventstack.extentreports.ExtentTest@4602f874
2024-02-19 17:07:25,874 INFO  BaseClass.java:257 - Opportunities: Home ~ Salesforce - Developer Edition  matched with Opportunities: Home ~ Salesforce - Developer Edition
ObjectLogger->com.aventstack.extentreports.ExtentTest@4602f874
2024-02-19 17:07:26,065 INFO  BaseClass.java:626 - Dropdown options match the expected list options.
ObjectLogger->com.aventstack.extentreports.ExtentTest@4602f874
2024-02-19 17:07:26,065 INFO  SalesforceCreateOpty_Testcases.java:35 - All assertion passed
ObjectLogger->com.aventstack.extentreports.ExtentTest@4602f874
2024-02-19 17:07:27,142 INFO  BaseClass.java:557 - Dropdown element is clicked
ObjectLogger->com.aventstack.extentreports.ExtentTest@4602f874
2024-02-19 17:07:27,262 INFO  BaseClass.java:562 - 2' is selected from dropdown
2024-02-19 17:07:27,300 INFO  BaseClass.java:565 - selected option matches to the Actual option
ObjectLogger->com.aventstack.extentreports.ExtentTest@4602f874
2024-02-19 17:07:27,394 INFO  BaseClass.java:578 - Dropdown element is clicked
2024-02-19 17:07:27,500 INFO  BaseClass.java:588 - selected option matches to the Actual option
ObjectLogger->com.aventstack.extentreports.ExtentTest@4602f874
ObjectLogger->com.aventstack.extentreports.ExtentTest@4602f874
2024-02-19 17:07:28,251 INFO  BaseClass.java:213 - Run Report Is enabled and clicked
ObjectLogger->com.aventstack.extentreports.ExtentTest@4602f874
2024-02-19 17:07:28,256 INFO  BaseClass.java:257 - Opportunity Report ~ Salesforce - Developer Edition  matched with Opportunity Report ~ Salesforce - Developer Edition
ObjectLogger->com.aventstack.extentreports.ExtentTest@4602f874
Report Generation Status:
The report returned no results.
 
2024-02-19 17:07:28,282 ERROR SalesforceCreateOpty_Testcases.java:190 - Do not matching to the report generation status 
ObjectLogger->com.aventstack.extentreports.ExtentTest@4602f874
]]></system-out>
    <system-err><![CDATA[Starting ChromeDriver 121.0.6167.184 (057a8ae7deb3374d0f1b04b36304d236f0136188-refs/branch-heads/6167@{#1818}) on port 24570
Only local connections are allowed.
Please see https://chromedriver.chromium.org/security-considerations for suggestions on keeping ChromeDriver safe.
ChromeDriver was started successfully.
Feb 19, 2024 5:07:18 PM org.openqa.selenium.remote.ProtocolHandshake createSession
INFO: Detected dialect: W3C
]]></system-err>
  </testcase>
  <testcase name="StuckOpportunitiesReport" classname="com.salesforce.automation.SalesforceCreateOpty_Testcases" time="8.198">
    <system-out><![CDATA[2024-02-19 17:07:28,283 ERROR SalesforceListenerUtility.java:45 - QuarterlySummaryReport.......test execution completed with failure........
ObjectLogger->com.aventstack.extentreports.ExtentTest@4602f874
2024-02-19 17:07:28,618 INFO  BaseClass.java:424 - captures the screenshot
ObjectLogger->com.aventstack.extentreports.ExtentTest@4602f874
ObjectLogger->com.aventstack.extentreports.ExtentTest@4602f874
ObjectLogger->com.aventstack.extentreports.ExtentTest@4602f874
2024-02-19 17:07:28,742 INFO  BaseClass.java:242 - browser is closed
2024-02-19 17:07:28,764 INFO  BaseClass.java:59 - Browser instance has started
2024-02-19 17:07:30,585 INFO  BaseClass.java:231 - https://login.salesforce.com/ is launched
2024-02-19 17:07:30,585 INFO  BaseClass.java:472 - Waiting until page loads within  expectedtime period
2024-02-19 17:07:30,588 INFO  SalesforceListenerUtility.java:27 - StuckOpportunitiesReport.......test execution started........
2024-02-19 17:07:31,201 INFO  BaseClass.java:94 - email_field is IS WAITED FOR VISIBLITY
ObjectLogger->com.aventstack.extentreports.ExtentTest@1132baa3
2024-02-19 17:07:31,486 INFO  BaseClass.java:145 - [[ChromeDriver: chrome on MAC (a50e11b8e599b448838b1b255b3041c4)] -> xpath: //*[@id='username']]Is enabled and clicked
ObjectLogger->com.aventstack.extentreports.ExtentTest@1132baa3
2024-02-19 17:07:31,679 INFO  BaseClass.java:150 - UsernameIs displayed  in textarea
ObjectLogger->com.aventstack.extentreports.ExtentTest@1132baa3
2024-02-19 17:07:31,680 INFO  BaseSalesForceClass.java:66 - Email is entered in a Field 
2024-02-19 17:07:31,821 INFO  BaseClass.java:145 - [[ChromeDriver: chrome on MAC (a50e11b8e599b448838b1b255b3041c4)] -> xpath: //*[@id='password']]Is enabled and clicked
ObjectLogger->com.aventstack.extentreports.ExtentTest@1132baa3
2024-02-19 17:07:31,868 INFO  BaseClass.java:150 - PasswordIs displayed  in textarea
ObjectLogger->com.aventstack.extentreports.ExtentTest@1132baa3
2024-02-19 17:07:31,868 INFO  BaseSalesForceClass.java:70 - Password is entered in a Field 
2024-02-19 17:07:31,986 INFO  BaseClass.java:94 - Login  IS WAITED FOR VISIBLITY
ObjectLogger->com.aventstack.extentreports.ExtentTest@1132baa3
2024-02-19 17:07:34,115 INFO  BaseClass.java:213 - login  Is enabled and clicked
ObjectLogger->com.aventstack.extentreports.ExtentTest@1132baa3
2024-02-19 17:07:34,116 INFO  BaseSalesForceClass.java:75 - Successfully logged to the Home page
ObjectLogger->com.aventstack.extentreports.ExtentTest@1132baa3
2024-02-19 17:07:36,752 INFO  BaseClass.java:213 - Opportunities    Is enabled and clicked
ObjectLogger->com.aventstack.extentreports.ExtentTest@1132baa3
2024-02-19 17:07:36,757 INFO  BaseClass.java:257 - Opportunities: Home ~ Salesforce - Developer Edition  matched with Opportunities: Home ~ Salesforce - Developer Edition
ObjectLogger->com.aventstack.extentreports.ExtentTest@1132baa3
2024-02-19 17:07:36,946 INFO  BaseClass.java:626 - Dropdown options match the expected list options.
ObjectLogger->com.aventstack.extentreports.ExtentTest@1132baa3
2024-02-19 17:07:36,947 INFO  SalesforceCreateOpty_Testcases.java:35 - All assertion passed
ObjectLogger->com.aventstack.extentreports.ExtentTest@1132baa3
2024-02-19 17:07:38,732 INFO  BaseClass.java:213 - Stuck Oppurtunity link under reports Is enabled and clicked
ObjectLogger->com.aventstack.extentreports.ExtentTest@1132baa3
2024-02-19 17:07:38,737 INFO  BaseClass.java:257 - Stuck Opportunities ~ Salesforce - Developer Edition  matched with Stuck Opportunities ~ Salesforce - Developer Edition
ObjectLogger->com.aventstack.extentreports.ExtentTest@1132baa3
Report Generation Status:
Complete
 
2024-02-19 17:07:38,765 INFO  SalesforceCreateOpty_Testcases.java:158 - Matches the report generation status
ObjectLogger->com.aventstack.extentreports.ExtentTest@1132baa3
2024-02-19 17:07:38,785 INFO  BaseClass.java:302 - Stuck Opportunities  matched with Stuck Opportunities
ObjectLogger->com.aventstack.extentreports.ExtentTest@1132baa3
2024-02-19 17:07:38,786 INFO  SalesforceCreateOpty_Testcases.java:167 - All assertion passed
ObjectLogger->com.aventstack.extentreports.ExtentTest@1132baa3
]]></system-out>
    <system-err><![CDATA[Starting ChromeDriver 121.0.6167.184 (057a8ae7deb3374d0f1b04b36304d236f0136188-refs/branch-heads/6167@{#1818}) on port 18421
Only local connections are allowed.
Please see https://chromedriver.chromium.org/security-considerations for suggestions on keeping ChromeDriver safe.
ChromeDriver was started successfully.
Feb 19, 2024 5:07:29 PM org.openqa.selenium.remote.ProtocolHandshake createSession
INFO: Detected dialect: W3C
]]></system-err>
  </testcase>
  <testcase name="createNewOppty" classname="com.salesforce.automation.SalesforceCreateOpty_Testcases" time="14.979">
    <failure message="expected [https://dan000000cz3teag-dev-ed.develop.my.salesforce.com/006an000000lqXp] but found [https://dan000000cz3teag-dev-ed.develop.my.salesforce.com/006/e]" type="java.lang.AssertionError"><![CDATA[java.lang.AssertionError: expected [https://dan000000cz3teag-dev-ed.develop.my.salesforce.com/006an000000lqXp] but found [https://dan000000cz3teag-dev-ed.develop.my.salesforce.com/006/e]
	at org.testng.Assert.fail(Assert.java:110)
	at org.testng.Assert.failNotEquals(Assert.java:1577)
	at org.testng.Assert.assertEqualsImpl(Assert.java:149)
	at org.testng.Assert.assertEquals(Assert.java:131)
	at org.testng.Assert.assertEquals(Assert.java:655)
	at org.testng.Assert.assertEquals(Assert.java:665)
	at com.salesforce.base.BaseClass.assertCurrentURL(BaseClass.java:273)
	at com.salesforce.automation.SalesforceCreateOpty_Testcases.createNewOppty(SalesforceCreateOpty_Testcases.java:102)
	at java.base/jdk.internal.reflect.NativeMethodAccessorImpl.invoke0(Native Method)
	at java.base/jdk.internal.reflect.NativeMethodAccessorImpl.invoke(NativeMethodAccessorImpl.java:77)
	at java.base/jdk.internal.reflect.DelegatingMethodAccessorImpl.invoke(DelegatingMethodAccessorImpl.java:43)
	at java.base/java.lang.reflect.Method.invoke(Method.java:568)
	at org.testng.internal.invokers.MethodInvocationHelper.invokeMethod(MethodInvocationHelper.java:139)
	at org.testng.internal.invokers.TestInvoker.invokeMethod(TestInvoker.java:677)
	at org.testng.internal.invokers.TestInvoker.invokeTestMethod(TestInvoker.java:221)
	at org.testng.internal.invokers.MethodRunner.runInSequence(MethodRunner.java:50)
	at org.testng.internal.invokers.TestInvoker$MethodInvocationAgent.invoke(TestInvoker.java:969)
	at org.testng.internal.invokers.TestInvoker.invokeTestMethods(TestInvoker.java:194)
	at org.testng.internal.invokers.TestMethodWorker.invokeTestMethods(TestMethodWorker.java:148)
	at org.testng.internal.invokers.TestMethodWorker.run(TestMethodWorker.java:128)
	at java.base/java.util.ArrayList.forEach(ArrayList.java:1511)
	at org.testng.TestRunner.privateRun(TestRunner.java:829)
	at org.testng.TestRunner.run(TestRunner.java:602)
	at org.testng.SuiteRunner.runTest(SuiteRunner.java:437)
	at org.testng.SuiteRunner.runSequentially(SuiteRunner.java:431)
	at org.testng.SuiteRunner.privateRun(SuiteRunner.java:391)
	at org.testng.SuiteRunner.run(SuiteRunner.java:330)
	at org.testng.SuiteRunnerWorker.runSuite(SuiteRunnerWorker.java:52)
	at org.testng.SuiteRunnerWorker.run(SuiteRunnerWorker.java:95)
	at org.testng.TestNG.runSuitesSequentially(TestNG.java:1256)
	at org.testng.TestNG.runSuitesLocally(TestNG.java:1176)
	at org.testng.TestNG.runSuites(TestNG.java:1099)
	at org.testng.TestNG.run(TestNG.java:1067)
	at org.apache.maven.surefire.testng.TestNGExecutor.run(TestNGExecutor.java:308)
	at org.apache.maven.surefire.testng.TestNGXmlTestSuite.execute(TestNGXmlTestSuite.java:71)
	at org.apache.maven.surefire.testng.TestNGProvider.invoke(TestNGProvider.java:113)
	at org.apache.maven.surefire.booter.ForkedBooter.runSuitesInProcess(ForkedBooter.java:385)
	at org.apache.maven.surefire.booter.ForkedBooter.execute(ForkedBooter.java:162)
	at org.apache.maven.surefire.booter.ForkedBooter.run(ForkedBooter.java:507)
	at org.apache.maven.surefire.booter.ForkedBooter.main(ForkedBooter.java:495)
]]></failure>
    <system-out><![CDATA[2024-02-19 17:07:38,787 INFO  SalesforceListenerUtility.java:36 - StuckOpportunitiesReport.......test execution sucess........
ObjectLogger->com.aventstack.extentreports.ExtentTest@1132baa3
2024-02-19 17:07:38,929 INFO  BaseClass.java:242 - browser is closed
2024-02-19 17:07:38,986 INFO  BaseClass.java:59 - Browser instance has started
2024-02-19 17:07:40,830 INFO  BaseClass.java:231 - https://login.salesforce.com/ is launched
2024-02-19 17:07:40,831 INFO  BaseClass.java:472 - Waiting until page loads within  expectedtime period
2024-02-19 17:07:40,833 INFO  SalesforceListenerUtility.java:27 - createNewOppty.......test execution started........
2024-02-19 17:07:41,526 INFO  BaseClass.java:94 - email_field is IS WAITED FOR VISIBLITY
ObjectLogger->com.aventstack.extentreports.ExtentTest@7be38eba
2024-02-19 17:07:41,853 INFO  BaseClass.java:145 - [[ChromeDriver: chrome on MAC (8534b0e141ee85e5eb6bb87474835ed9)] -> xpath: //*[@id='username']]Is enabled and clicked
ObjectLogger->com.aventstack.extentreports.ExtentTest@7be38eba
2024-02-19 17:07:42,023 INFO  BaseClass.java:150 - UsernameIs displayed  in textarea
ObjectLogger->com.aventstack.extentreports.ExtentTest@7be38eba
2024-02-19 17:07:42,024 INFO  BaseSalesForceClass.java:66 - Email is entered in a Field 
2024-02-19 17:07:42,430 INFO  BaseClass.java:145 - [[ChromeDriver: chrome on MAC (8534b0e141ee85e5eb6bb87474835ed9)] -> xpath: //*[@id='password']]Is enabled and clicked
ObjectLogger->com.aventstack.extentreports.ExtentTest@7be38eba
2024-02-19 17:07:42,456 INFO  BaseClass.java:150 - PasswordIs displayed  in textarea
ObjectLogger->com.aventstack.extentreports.ExtentTest@7be38eba
2024-02-19 17:07:42,457 INFO  BaseSalesForceClass.java:70 - Password is entered in a Field 
2024-02-19 17:07:42,483 INFO  BaseClass.java:94 - Login  IS WAITED FOR VISIBLITY
ObjectLogger->com.aventstack.extentreports.ExtentTest@7be38eba
2024-02-19 17:07:44,724 INFO  BaseClass.java:213 - login  Is enabled and clicked
ObjectLogger->com.aventstack.extentreports.ExtentTest@7be38eba
2024-02-19 17:07:44,725 INFO  BaseSalesForceClass.java:75 - Successfully logged to the Home page
ObjectLogger->com.aventstack.extentreports.ExtentTest@7be38eba
2024-02-19 17:07:47,103 INFO  BaseClass.java:213 - Opportunities    Is enabled and clicked
ObjectLogger->com.aventstack.extentreports.ExtentTest@7be38eba
2024-02-19 17:07:47,107 INFO  BaseClass.java:257 - Opportunities: Home ~ Salesforce - Developer Edition  matched with Opportunities: Home ~ Salesforce - Developer Edition
ObjectLogger->com.aventstack.extentreports.ExtentTest@7be38eba
2024-02-19 17:07:47,293 INFO  BaseClass.java:626 - Dropdown options match the expected list options.
ObjectLogger->com.aventstack.extentreports.ExtentTest@7be38eba
2024-02-19 17:07:47,293 INFO  SalesforceCreateOpty_Testcases.java:35 - All assertion passed
ObjectLogger->com.aventstack.extentreports.ExtentTest@7be38eba
2024-02-19 17:07:47,336 INFO  BaseClass.java:530 - Dropdown element is clicked
ObjectLogger->com.aventstack.extentreports.ExtentTest@7be38eba
2024-02-19 17:07:47,379 INFO  BaseClass.java:535 - Text 'Opportunity Pipeline' is selected from dropdown
2024-02-19 17:07:47,436 INFO  BaseClass.java:540 - selected option matches to the Actual option
ObjectLogger->com.aventstack.extentreports.ExtentTest@7be38eba
2024-02-19 17:07:47,467 INFO  BaseClass.java:94 - New button IS WAITED FOR VISIBLITY
ObjectLogger->com.aventstack.extentreports.ExtentTest@7be38eba
2024-02-19 17:07:48,253 INFO  BaseClass.java:213 - New ..Is enabled and clicked
ObjectLogger->com.aventstack.extentreports.ExtentTest@7be38eba
2024-02-19 17:07:48,261 INFO  BaseClass.java:257 - Opportunity Edit: New Opportunity ~ Salesforce - Developer Edition  matched with Opportunity Edit: New Opportunity ~ Salesforce - Developer Edition
ObjectLogger->com.aventstack.extentreports.ExtentTest@7be38eba
2024-02-19 17:07:48,378 INFO  BaseClass.java:145 - [[ChromeDriver: chrome on MAC (8534b0e141ee85e5eb6bb87474835ed9)] -> id: opp3]Is enabled and clicked
ObjectLogger->com.aventstack.extentreports.ExtentTest@7be38eba
2024-02-19 17:07:48,414 INFO  BaseClass.java:150 - Oppurunity name  Is displayed  in textarea
ObjectLogger->com.aventstack.extentreports.ExtentTest@7be38eba
2024-02-19 17:07:48,512 INFO  BaseClass.java:530 - Dropdown element is clicked
ObjectLogger->com.aventstack.extentreports.ExtentTest@7be38eba
2024-02-19 17:07:48,635 INFO  BaseClass.java:535 - Text 'Existing Customer - Upgrade' is selected from dropdown
2024-02-19 17:07:48,744 INFO  BaseClass.java:540 - selected option matches to the Actual option
ObjectLogger->com.aventstack.extentreports.ExtentTest@7be38eba
2024-02-19 17:07:49,250 INFO  BaseClass.java:530 - Dropdown element is clicked
ObjectLogger->com.aventstack.extentreports.ExtentTest@7be38eba
2024-02-19 17:07:49,726 INFO  BaseClass.java:535 - Text 'Web' is selected from dropdown
2024-02-19 17:07:49,759 INFO  BaseClass.java:540 - selected option matches to the Actual option
ObjectLogger->com.aventstack.extentreports.ExtentTest@7be38eba
2024-02-19 17:07:49,841 INFO  BaseClass.java:145 - [[ChromeDriver: chrome on MAC (8534b0e141ee85e5eb6bb87474835ed9)] -> id: opp7]Is enabled and clicked
ObjectLogger->com.aventstack.extentreports.ExtentTest@7be38eba
2024-02-19 17:07:49,868 INFO  BaseClass.java:150 - Amount Is displayed  in textarea
ObjectLogger->com.aventstack.extentreports.ExtentTest@7be38eba
2024-02-19 17:07:51,048 INFO  BaseClass.java:530 - Dropdown element is clicked
ObjectLogger->com.aventstack.extentreports.ExtentTest@7be38eba
2024-02-19 17:07:51,220 INFO  BaseClass.java:535 - Text 'Qualification' is selected from dropdown
2024-02-19 17:07:51,267 INFO  BaseClass.java:540 - selected option matches to the Actual option
ObjectLogger->com.aventstack.extentreports.ExtentTest@7be38eba
2024-02-19 17:07:51,326 INFO  SalesforceCreateOpty_Testcases.java:83 - All required fields are not null and it is displaying the data
ObjectLogger->com.aventstack.extentreports.ExtentTest@7be38eba
2024-02-19 17:07:51,480 INFO  BaseClass.java:145 - [[ChromeDriver: chrome on MAC (8534b0e141ee85e5eb6bb87474835ed9)] -> id: opp12]Is enabled and clicked
ObjectLogger->com.aventstack.extentreports.ExtentTest@7be38eba
2024-02-19 17:07:51,518 INFO  BaseClass.java:150 - probabitliy Is displayed  in textarea
ObjectLogger->com.aventstack.extentreports.ExtentTest@7be38eba
2024-02-19 17:07:51,674 INFO  BaseClass.java:145 - [[ChromeDriver: chrome on MAC (8534b0e141ee85e5eb6bb87474835ed9)] -> id: opp17]Is enabled and clicked
ObjectLogger->com.aventstack.extentreports.ExtentTest@7be38eba
2024-02-19 17:07:51,715 INFO  BaseClass.java:150 - Primary Campaign Source Is displayed  in textarea
ObjectLogger->com.aventstack.extentreports.ExtentTest@7be38eba
2024-02-19 17:07:53,805 INFO  BaseClass.java:213 - Save Is enabled and clicked
ObjectLogger->com.aventstack.extentreports.ExtentTest@7be38eba
2024-02-19 17:07:55,811 INFO  BaseClass.java:271 - Current URL is = https://dan000000cz3teag-dev-ed.develop.my.salesforce.com/006/e
2024-02-19 17:07:55,812 ERROR BaseClass.java:279 - https://dan000000cz3teag-dev-ed.develop.my.salesforce.com/006/enot   matched with https://dan000000cz3teag-dev-ed.develop.my.salesforce.com/006an000000lqXp
]]></system-out>
    <system-err><![CDATA[Starting ChromeDriver 121.0.6167.184 (057a8ae7deb3374d0f1b04b36304d236f0136188-refs/branch-heads/6167@{#1818}) on port 10909
Only local connections are allowed.
Please see https://chromedriver.chromium.org/security-considerations for suggestions on keeping ChromeDriver safe.
ChromeDriver was started successfully.
Feb 19, 2024 5:07:40 PM org.openqa.selenium.remote.ProtocolHandshake createSession
INFO: Detected dialect: W3C
]]></system-err>
  </testcase>
  <testcase name="opportunitiesdropdown" classname="com.salesforce.automation.SalesforceCreateOpty_Testcases" time="7.413">
    <system-out><![CDATA[2024-02-19 17:07:55,813 ERROR SalesforceListenerUtility.java:45 - createNewOppty.......test execution completed with failure........
ObjectLogger->com.aventstack.extentreports.ExtentTest@7be38eba
2024-02-19 17:07:56,187 INFO  BaseClass.java:424 - captures the screenshot
ObjectLogger->com.aventstack.extentreports.ExtentTest@7be38eba
ObjectLogger->com.aventstack.extentreports.ExtentTest@7be38eba
ObjectLogger->com.aventstack.extentreports.ExtentTest@7be38eba
2024-02-19 17:07:56,246 INFO  BaseClass.java:242 - browser is closed
2024-02-19 17:07:56,258 INFO  BaseClass.java:59 - Browser instance has started
2024-02-19 17:07:58,023 INFO  BaseClass.java:231 - https://login.salesforce.com/ is launched
2024-02-19 17:07:58,024 INFO  BaseClass.java:472 - Waiting until page loads within  expectedtime period
2024-02-19 17:07:58,027 INFO  SalesforceListenerUtility.java:27 - opportunitiesdropdown.......test execution started........
2024-02-19 17:07:58,919 INFO  BaseClass.java:94 - email_field is IS WAITED FOR VISIBLITY
ObjectLogger->com.aventstack.extentreports.ExtentTest@77ff14ce
2024-02-19 17:07:59,195 INFO  BaseClass.java:145 - [[ChromeDriver: chrome on MAC (e126087b22b47ab7c9e8ebc092835e2b)] -> xpath: //*[@id='username']]Is enabled and clicked
ObjectLogger->com.aventstack.extentreports.ExtentTest@77ff14ce
2024-02-19 17:07:59,379 INFO  BaseClass.java:150 - UsernameIs displayed  in textarea
ObjectLogger->com.aventstack.extentreports.ExtentTest@77ff14ce
2024-02-19 17:07:59,379 INFO  BaseSalesForceClass.java:66 - Email is entered in a Field 
2024-02-19 17:07:59,792 INFO  BaseClass.java:145 - [[ChromeDriver: chrome on MAC (e126087b22b47ab7c9e8ebc092835e2b)] -> xpath: //*[@id='password']]Is enabled and clicked
ObjectLogger->com.aventstack.extentreports.ExtentTest@77ff14ce
2024-02-19 17:07:59,842 INFO  BaseClass.java:150 - PasswordIs displayed  in textarea
ObjectLogger->com.aventstack.extentreports.ExtentTest@77ff14ce
2024-02-19 17:07:59,842 INFO  BaseSalesForceClass.java:70 - Password is entered in a Field 
2024-02-19 17:07:59,877 INFO  BaseClass.java:94 - Login  IS WAITED FOR VISIBLITY
ObjectLogger->com.aventstack.extentreports.ExtentTest@77ff14ce
2024-02-19 17:08:04,292 INFO  BaseClass.java:213 - login  Is enabled and clicked
ObjectLogger->com.aventstack.extentreports.ExtentTest@77ff14ce
2024-02-19 17:08:04,292 INFO  BaseSalesForceClass.java:75 - Successfully logged to the Home page
ObjectLogger->com.aventstack.extentreports.ExtentTest@77ff14ce
2024-02-19 17:08:05,226 INFO  BaseClass.java:213 - Opportunities    Is enabled and clicked
ObjectLogger->com.aventstack.extentreports.ExtentTest@77ff14ce
2024-02-19 17:08:05,232 INFO  BaseClass.java:257 - Opportunities: Home ~ Salesforce - Developer Edition  matched with Opportunities: Home ~ Salesforce - Developer Edition
ObjectLogger->com.aventstack.extentreports.ExtentTest@77ff14ce
2024-02-19 17:08:05,439 INFO  BaseClass.java:626 - Dropdown options match the expected list options.
ObjectLogger->com.aventstack.extentreports.ExtentTest@77ff14ce
2024-02-19 17:08:05,440 INFO  SalesforceCreateOpty_Testcases.java:35 - All assertion passed
ObjectLogger->com.aventstack.extentreports.ExtentTest@77ff14ce
]]></system-out>
    <system-err><![CDATA[Starting ChromeDriver 121.0.6167.184 (057a8ae7deb3374d0f1b04b36304d236f0136188-refs/branch-heads/6167@{#1818}) on port 32078
Only local connections are allowed.
Please see https://chromedriver.chromium.org/security-considerations for suggestions on keeping ChromeDriver safe.
ChromeDriver was started successfully.
Feb 19, 2024 5:07:57 PM org.openqa.selenium.remote.ProtocolHandshake createSession
INFO: Detected dialect: W3C
]]></system-err>
  </testcase>
  <testcase name="tearDownAfterTestMethod" classname="com.salesforce.automation.SalesforceCreateOpty_Testcases" time="27.44">
    <failure message="unknown error: failed to close window in 20 seconds&#10;  (Session info: chrome=121.0.6167.184)&#10;Build info: version: &apos;3.141.59&apos;, revision: &apos;e82be7d358&apos;, time: &apos;2018-11-14T08:17:03&apos;&#10;System info: host: &apos;Nitins-MacBook-Pro.local&apos;, ip: &apos;2601:646:8084:4d20:0:0:0:ec4a%en0&apos;, os.name: &apos;Mac OS X&apos;, os.arch: &apos;x86_64&apos;, os.version: &apos;11.4&apos;, java.version: &apos;17.0.10&apos;&#10;Driver info: org.openqa.selenium.chrome.ChromeDriver&#10;Capabilities {acceptInsecureCerts: false, browserName: chrome, browserVersion: 121.0.6167.184, chrome: {chromedriverVersion: 121.0.6167.184 (057a8ae7deb..., userDataDir: /var/folders/gx/qjsbcn6d6d3...}, fedcm:accounts: true, goog:chromeOptions: {debuggerAddress: localhost:57692}, javascriptEnabled: true, networkConnectionEnabled: false, pageLoadStrategy: normal, platform: MAC, platformName: MAC, proxy: Proxy(), setWindowRect: true, strictFileInteractability: false, timeouts: {implicit: 0, pageLoad: 300000, script: 30000}, unhandledPromptBehavior: dismiss and notify, webauthn:extension:credBlob: true, webauthn:extension:largeBlob: true, webauthn:extension:minPinLength: true, webauthn:extension:prf: true, webauthn:virtualAuthenticators: true}&#10;Session ID: e126087b22b47ab7c9e8ebc092835e2b" type="org.openqa.selenium.WebDriverException"><![CDATA[org.openqa.selenium.WebDriverException: 
unknown error: failed to close window in 20 seconds
  (Session info: chrome=121.0.6167.184)
Build info: version: '3.141.59', revision: 'e82be7d358', time: '2018-11-14T08:17:03'
System info: host: 'Nitins-MacBook-Pro.local', ip: '2601:646:8084:4d20:0:0:0:ec4a%en0', os.name: 'Mac OS X', os.arch: 'x86_64', os.version: '11.4', java.version: '17.0.10'
Driver info: org.openqa.selenium.chrome.ChromeDriver
Capabilities {acceptInsecureCerts: false, browserName: chrome, browserVersion: 121.0.6167.184, chrome: {chromedriverVersion: 121.0.6167.184 (057a8ae7deb..., userDataDir: /var/folders/gx/qjsbcn6d6d3...}, fedcm:accounts: true, goog:chromeOptions: {debuggerAddress: localhost:57692}, javascriptEnabled: true, networkConnectionEnabled: false, pageLoadStrategy: normal, platform: MAC, platformName: MAC, proxy: Proxy(), setWindowRect: true, strictFileInteractability: false, timeouts: {implicit: 0, pageLoad: 300000, script: 30000}, unhandledPromptBehavior: dismiss and notify, webauthn:extension:credBlob: true, webauthn:extension:largeBlob: true, webauthn:extension:minPinLength: true, webauthn:extension:prf: true, webauthn:virtualAuthenticators: true}
Session ID: e126087b22b47ab7c9e8ebc092835e2b
	at java.base/jdk.internal.reflect.NativeConstructorAccessorImpl.newInstance0(Native Method)
	at java.base/jdk.internal.reflect.NativeConstructorAccessorImpl.newInstance(NativeConstructorAccessorImpl.java:77)
	at java.base/jdk.internal.reflect.DelegatingConstructorAccessorImpl.newInstance(DelegatingConstructorAccessorImpl.java:45)
	at java.base/java.lang.reflect.Constructor.newInstanceWithCaller(Constructor.java:499)
	at java.base/java.lang.reflect.Constructor.newInstance(Constructor.java:480)
	at org.openqa.selenium.remote.http.W3CHttpResponseCodec.createException(W3CHttpResponseCodec.java:187)
	at org.openqa.selenium.remote.http.W3CHttpResponseCodec.decode(W3CHttpResponseCodec.java:122)
	at org.openqa.selenium.remote.http.W3CHttpResponseCodec.decode(W3CHttpResponseCodec.java:49)
	at org.openqa.selenium.remote.HttpCommandExecutor.execute(HttpCommandExecutor.java:158)
	at org.openqa.selenium.remote.service.DriverCommandExecutor.execute(DriverCommandExecutor.java:83)
	at org.openqa.selenium.remote.RemoteWebDriver.execute(RemoteWebDriver.java:552)
	at org.openqa.selenium.remote.RemoteWebDriver.execute(RemoteWebDriver.java:609)
	at org.openqa.selenium.remote.RemoteWebDriver.close(RemoteWebDriver.java:442)
	at com.salesforce.base.BaseClass.driverClose(BaseClass.java:241)
	at com.salesforce.base.BaseSalesForceClass.tearDownAfterTestMethod(BaseSalesForceClass.java:54)
	at java.base/jdk.internal.reflect.NativeMethodAccessorImpl.invoke0(Native Method)
	at java.base/jdk.internal.reflect.NativeMethodAccessorImpl.invoke(NativeMethodAccessorImpl.java:77)
	at java.base/jdk.internal.reflect.DelegatingMethodAccessorImpl.invoke(DelegatingMethodAccessorImpl.java:43)
	at java.base/java.lang.reflect.Method.invoke(Method.java:568)
	at org.testng.internal.invokers.MethodInvocationHelper.invokeMethod(MethodInvocationHelper.java:139)
	at org.testng.internal.invokers.MethodInvocationHelper.invokeMethodConsideringTimeout(MethodInvocationHelper.java:69)
	at org.testng.internal.invokers.ConfigInvoker.invokeConfigurationMethod(ConfigInvoker.java:361)
	at org.testng.internal.invokers.ConfigInvoker.invokeConfigurations(ConfigInvoker.java:296)
	at org.testng.internal.invokers.TestInvoker.runConfigMethods(TestInvoker.java:823)
	at org.testng.internal.invokers.TestInvoker.runAfterConfigurations(TestInvoker.java:792)
	at org.testng.internal.invokers.TestInvoker.invokeMethod(TestInvoker.java:768)
	at org.testng.internal.invokers.TestInvoker.invokeTestMethod(TestInvoker.java:221)
	at org.testng.internal.invokers.MethodRunner.runInSequence(MethodRunner.java:50)
	at org.testng.internal.invokers.TestInvoker$MethodInvocationAgent.invoke(TestInvoker.java:969)
	at org.testng.internal.invokers.TestInvoker.invokeTestMethods(TestInvoker.java:194)
	at org.testng.internal.invokers.TestMethodWorker.invokeTestMethods(TestMethodWorker.java:148)
	at org.testng.internal.invokers.TestMethodWorker.run(TestMethodWorker.java:128)
	at java.base/java.util.ArrayList.forEach(ArrayList.java:1511)
	at org.testng.TestRunner.privateRun(TestRunner.java:829)
	at org.testng.TestRunner.run(TestRunner.java:602)
	at org.testng.SuiteRunner.runTest(SuiteRunner.java:437)
	at org.testng.SuiteRunner.runSequentially(SuiteRunner.java:431)
	at org.testng.SuiteRunner.privateRun(SuiteRunner.java:391)
	at org.testng.SuiteRunner.run(SuiteRunner.java:330)
	at org.testng.SuiteRunnerWorker.runSuite(SuiteRunnerWorker.java:52)
	at org.testng.SuiteRunnerWorker.run(SuiteRunnerWorker.java:95)
	at org.testng.TestNG.runSuitesSequentially(TestNG.java:1256)
	at org.testng.TestNG.runSuitesLocally(TestNG.java:1176)
	at org.testng.TestNG.runSuites(TestNG.java:1099)
	at org.testng.TestNG.run(TestNG.java:1067)
	at org.apache.maven.surefire.testng.TestNGExecutor.run(TestNGExecutor.java:308)
	at org.apache.maven.surefire.testng.TestNGXmlTestSuite.execute(TestNGXmlTestSuite.java:71)
	at org.apache.maven.surefire.testng.TestNGProvider.invoke(TestNGProvider.java:113)
	at org.apache.maven.surefire.booter.ForkedBooter.runSuitesInProcess(ForkedBooter.java:385)
	at org.apache.maven.surefire.booter.ForkedBooter.execute(ForkedBooter.java:162)
	at org.apache.maven.surefire.booter.ForkedBooter.run(ForkedBooter.java:507)
	at org.apache.maven.surefire.booter.ForkedBooter.main(ForkedBooter.java:495)
]]></failure>
    <system-out><![CDATA[2024-02-19 17:08:05,440 INFO  SalesforceListenerUtility.java:36 - opportunitiesdropdown.......test execution sucess........
ObjectLogger->com.aventstack.extentreports.ExtentTest@77ff14ce
]]></system-out>
  </testcase>
  <testcase name="MyProfile" classname="com.salesforce.automation.SalesforceUserMenu_Testcases" time="3.869">
    <failure message="expected [Home Page ~ Salesforce - Developer Edition] but found []" type="java.lang.AssertionError"><![CDATA[java.lang.AssertionError: expected [Home Page ~ Salesforce - Developer Edition] but found []
	at org.testng.Assert.fail(Assert.java:110)
	at org.testng.Assert.failNotEquals(Assert.java:1577)
	at org.testng.Assert.assertEqualsImpl(Assert.java:149)
	at org.testng.Assert.assertEquals(Assert.java:131)
	at org.testng.Assert.assertEquals(Assert.java:655)
	at org.testng.Assert.assertEquals(Assert.java:665)
	at com.salesforce.base.BaseClass.assertTitle(BaseClass.java:256)
	at com.salesforce.automation.SalesforceUserMenu_Testcases.MyProfile(SalesforceUserMenu_Testcases.java:71)
	at java.base/jdk.internal.reflect.NativeMethodAccessorImpl.invoke0(Native Method)
	at java.base/jdk.internal.reflect.NativeMethodAccessorImpl.invoke(NativeMethodAccessorImpl.java:77)
	at java.base/jdk.internal.reflect.DelegatingMethodAccessorImpl.invoke(DelegatingMethodAccessorImpl.java:43)
	at java.base/java.lang.reflect.Method.invoke(Method.java:568)
	at org.testng.internal.invokers.MethodInvocationHelper.invokeMethod(MethodInvocationHelper.java:139)
	at org.testng.internal.invokers.TestInvoker.invokeMethod(TestInvoker.java:677)
	at org.testng.internal.invokers.TestInvoker.invokeTestMethod(TestInvoker.java:221)
	at org.testng.internal.invokers.MethodRunner.runInSequence(MethodRunner.java:50)
	at org.testng.internal.invokers.TestInvoker$MethodInvocationAgent.invoke(TestInvoker.java:969)
	at org.testng.internal.invokers.TestInvoker.invokeTestMethods(TestInvoker.java:194)
	at org.testng.internal.invokers.TestMethodWorker.invokeTestMethods(TestMethodWorker.java:148)
	at org.testng.internal.invokers.TestMethodWorker.run(TestMethodWorker.java:128)
	at java.base/java.util.ArrayList.forEach(ArrayList.java:1511)
	at org.testng.TestRunner.privateRun(TestRunner.java:829)
	at org.testng.TestRunner.run(TestRunner.java:602)
	at org.testng.SuiteRunner.runTest(SuiteRunner.java:437)
	at org.testng.SuiteRunner.runSequentially(SuiteRunner.java:431)
	at org.testng.SuiteRunner.privateRun(SuiteRunner.java:391)
	at org.testng.SuiteRunner.run(SuiteRunner.java:330)
	at org.testng.SuiteRunnerWorker.runSuite(SuiteRunnerWorker.java:52)
	at org.testng.SuiteRunnerWorker.run(SuiteRunnerWorker.java:95)
	at org.testng.TestNG.runSuitesSequentially(TestNG.java:1256)
	at org.testng.TestNG.runSuitesLocally(TestNG.java:1176)
	at org.testng.TestNG.runSuites(TestNG.java:1099)
	at org.testng.TestNG.run(TestNG.java:1067)
	at org.apache.maven.surefire.testng.TestNGExecutor.run(TestNGExecutor.java:308)
	at org.apache.maven.surefire.testng.TestNGXmlTestSuite.execute(TestNGXmlTestSuite.java:71)
	at org.apache.maven.surefire.testng.TestNGProvider.invoke(TestNGProvider.java:113)
	at org.apache.maven.surefire.booter.ForkedBooter.runSuitesInProcess(ForkedBooter.java:385)
	at org.apache.maven.surefire.booter.ForkedBooter.execute(ForkedBooter.java:162)
	at org.apache.maven.surefire.booter.ForkedBooter.run(ForkedBooter.java:507)
	at org.apache.maven.surefire.booter.ForkedBooter.main(ForkedBooter.java:495)
]]></failure>
    <system-out><![CDATA[2024-02-19 17:08:25,475 INFO  SalesforceListenerUtility.java:70 - .......<test> execution completed........
2024-02-19 17:08:25,543 INFO  SalesforceListenerUtility.java:62 - .......<test> execution started........
2024-02-19 17:08:28,410 INFO  BaseClass.java:70 - Browser instance has started
2024-02-19 17:08:29,059 INFO  BaseClass.java:231 - https://login.salesforce.com/ is launched
2024-02-19 17:08:29,059 INFO  BaseClass.java:472 - Waiting until page loads within  expectedtime period
2024-02-19 17:08:29,063 INFO  SalesforceListenerUtility.java:27 - MyProfile.......test execution started........
2024-02-19 17:08:29,634 INFO  BaseClass.java:94 - email_field is IS WAITED FOR VISIBLITY
ObjectLogger->com.aventstack.extentreports.ExtentTest@77d0dbba
2024-02-19 17:08:30,387 INFO  BaseClass.java:145 - [[FirefoxDriver: firefox on MAC (0299d6bb-515f-4d58-8218-37a24dbb20d1)] -> xpath: //*[@id='username']]Is enabled and clicked
ObjectLogger->com.aventstack.extentreports.ExtentTest@77d0dbba
2024-02-19 17:08:30,400 INFO  BaseClass.java:150 - UsernameIs displayed  in textarea
ObjectLogger->com.aventstack.extentreports.ExtentTest@77d0dbba
2024-02-19 17:08:30,400 INFO  BaseSalesForceClass.java:66 - Email is entered in a Field 
2024-02-19 17:08:30,663 INFO  BaseClass.java:145 - [[FirefoxDriver: firefox on MAC (0299d6bb-515f-4d58-8218-37a24dbb20d1)] -> xpath: //*[@id='password']]Is enabled and clicked
ObjectLogger->com.aventstack.extentreports.ExtentTest@77d0dbba
2024-02-19 17:08:30,682 INFO  BaseClass.java:150 - PasswordIs displayed  in textarea
ObjectLogger->com.aventstack.extentreports.ExtentTest@77d0dbba
2024-02-19 17:08:30,682 INFO  BaseSalesForceClass.java:70 - Password is entered in a Field 
2024-02-19 17:08:30,708 INFO  BaseClass.java:94 - Login  IS WAITED FOR VISIBLITY
ObjectLogger->com.aventstack.extentreports.ExtentTest@77d0dbba
2024-02-19 17:08:32,929 INFO  BaseClass.java:213 - login  Is enabled and clicked
ObjectLogger->com.aventstack.extentreports.ExtentTest@77d0dbba
2024-02-19 17:08:32,929 INFO  BaseSalesForceClass.java:75 - Successfully logged to the Home page
ObjectLogger->com.aventstack.extentreports.ExtentTest@77d0dbba
2024-02-19 17:08:32,931 ERROR BaseClass.java:260 - not   matched with Home Page ~ Salesforce - Developer Edition
]]></system-out>
    <system-err><![CDATA[1708391305573	geckodriver	INFO	Listening on 127.0.0.1:18245
1708391305584	mozrunner::runner	INFO	Running command: MOZ_CRASHREPORTER="1" MOZ_CRASHREPORTER_NO_REPORT="1" MOZ_CRASHREPORTER_SHUTDOWN="1" MOZ_NO_REMOTE="1" "/App ... "--marionette" "-foreground" "-no-remote" "-profile" "/var/folders/gx/qjsbcn6d6d33b4myp5smvrgr0000gp/T/rust_mozprofileB8lkdR"
console.warn: services.settings: Ignoring preference override of remote settings server
console.warn: services.settings: Allow by setting MOZ_REMOTE_SETTINGS_DEVTOOLS=1 in the environment
1708391306206	Marionette	INFO	Marionette enabled
1708391306463	Marionette	INFO	Listening on port 57815
Read port: 57815
1708391307133	RemoteAgent	WARN	TLS certificate errors will be ignored for this session
Feb 19, 2024 5:08:28 PM org.openqa.selenium.remote.ProtocolHandshake createSession
INFO: Detected dialect: W3C
1708391310180	Marionette	WARN	TimedPromise timed out after 500 ms: stacktrace:
TimedPromise/<@chrome://remote/content/marionette/sync.sys.mjs:219:24
TimedPromise@chrome://remote/content/marionette/sync.sys.mjs:203:10
interaction.flushEventLoop@chrome://remote/content/marionette/interaction.sys.mjs:466:10
webdriverClickElement@chrome://remote/content/marionette/interaction.sys.mjs:219:33
e@https://www.salesforce.com/etc/clientlibs/sfdc-aem-master/clientlibs_www_tags.min.js:2:111
@https://www.salesforce.com/etc/clientlibs/sfdc-aem-master/clientlibs_www_tags.min.js:2:146
@https://www.salesforce.com/etc/clientlibs/sfdc-aem-master/clientlibs_www_tags.min.js:2:395
@https://www.salesforce.com/etc/clientlibs/sfdc-aem-master/clientlibs_www_tags.min.js:2:399
console.warn: LoginRecipes: "Falling back to a synchronous message for: https://login.salesforce.com."
console.warn: LoginRecipes: "Falling back to a synchronous message for: https://login.salesforce.com."
]]></system-err>
  </testcase>
  <testcase name="developerConsole" classname="com.salesforce.automation.SalesforceUserMenu_Testcases" time="4.108">
    <failure message="expected [Home Page ~ Salesforce - Developer Edition] but found []" type="java.lang.AssertionError"><![CDATA[java.lang.AssertionError: expected [Home Page ~ Salesforce - Developer Edition] but found []
	at org.testng.Assert.fail(Assert.java:110)
	at org.testng.Assert.failNotEquals(Assert.java:1577)
	at org.testng.Assert.assertEqualsImpl(Assert.java:149)
	at org.testng.Assert.assertEquals(Assert.java:131)
	at org.testng.Assert.assertEquals(Assert.java:655)
	at org.testng.Assert.assertEquals(Assert.java:665)
	at com.salesforce.base.BaseClass.assertTitle(BaseClass.java:256)
	at com.salesforce.automation.SalesforceUserMenu_Testcases.developerConsole(SalesforceUserMenu_Testcases.java:584)
	at java.base/jdk.internal.reflect.NativeMethodAccessorImpl.invoke0(Native Method)
	at java.base/jdk.internal.reflect.NativeMethodAccessorImpl.invoke(NativeMethodAccessorImpl.java:77)
	at java.base/jdk.internal.reflect.DelegatingMethodAccessorImpl.invoke(DelegatingMethodAccessorImpl.java:43)
	at java.base/java.lang.reflect.Method.invoke(Method.java:568)
	at org.testng.internal.invokers.MethodInvocationHelper.invokeMethod(MethodInvocationHelper.java:139)
	at org.testng.internal.invokers.TestInvoker.invokeMethod(TestInvoker.java:677)
	at org.testng.internal.invokers.TestInvoker.invokeTestMethod(TestInvoker.java:221)
	at org.testng.internal.invokers.MethodRunner.runInSequence(MethodRunner.java:50)
	at org.testng.internal.invokers.TestInvoker$MethodInvocationAgent.invoke(TestInvoker.java:969)
	at org.testng.internal.invokers.TestInvoker.invokeTestMethods(TestInvoker.java:194)
	at org.testng.internal.invokers.TestMethodWorker.invokeTestMethods(TestMethodWorker.java:148)
	at org.testng.internal.invokers.TestMethodWorker.run(TestMethodWorker.java:128)
	at java.base/java.util.ArrayList.forEach(ArrayList.java:1511)
	at org.testng.TestRunner.privateRun(TestRunner.java:829)
	at org.testng.TestRunner.run(TestRunner.java:602)
	at org.testng.SuiteRunner.runTest(SuiteRunner.java:437)
	at org.testng.SuiteRunner.runSequentially(SuiteRunner.java:431)
	at org.testng.SuiteRunner.privateRun(SuiteRunner.java:391)
	at org.testng.SuiteRunner.run(SuiteRunner.java:330)
	at org.testng.SuiteRunnerWorker.runSuite(SuiteRunnerWorker.java:52)
	at org.testng.SuiteRunnerWorker.run(SuiteRunnerWorker.java:95)
	at org.testng.TestNG.runSuitesSequentially(TestNG.java:1256)
	at org.testng.TestNG.runSuitesLocally(TestNG.java:1176)
	at org.testng.TestNG.runSuites(TestNG.java:1099)
	at org.testng.TestNG.run(TestNG.java:1067)
	at org.apache.maven.surefire.testng.TestNGExecutor.run(TestNGExecutor.java:308)
	at org.apache.maven.surefire.testng.TestNGXmlTestSuite.execute(TestNGXmlTestSuite.java:71)
	at org.apache.maven.surefire.testng.TestNGProvider.invoke(TestNGProvider.java:113)
	at org.apache.maven.surefire.booter.ForkedBooter.runSuitesInProcess(ForkedBooter.java:385)
	at org.apache.maven.surefire.booter.ForkedBooter.execute(ForkedBooter.java:162)
	at org.apache.maven.surefire.booter.ForkedBooter.run(ForkedBooter.java:507)
	at org.apache.maven.surefire.booter.ForkedBooter.main(ForkedBooter.java:495)
]]></failure>
    <system-out><![CDATA[2024-02-19 17:08:32,932 ERROR SalesforceListenerUtility.java:45 - MyProfile.......test execution completed with failure........
ObjectLogger->com.aventstack.extentreports.ExtentTest@77d0dbba
2024-02-19 17:08:33,020 INFO  BaseClass.java:424 - captures the screenshot
ObjectLogger->com.aventstack.extentreports.ExtentTest@77d0dbba
ObjectLogger->com.aventstack.extentreports.ExtentTest@77d0dbba
ObjectLogger->com.aventstack.extentreports.ExtentTest@77d0dbba
2024-02-19 17:08:33,764 INFO  BaseClass.java:242 - browser is closed
2024-02-19 17:08:36,215 INFO  BaseClass.java:70 - Browser instance has started
2024-02-19 17:08:36,862 INFO  BaseClass.java:231 - https://login.salesforce.com/ is launched
2024-02-19 17:08:36,862 INFO  BaseClass.java:472 - Waiting until page loads within  expectedtime period
2024-02-19 17:08:36,871 INFO  SalesforceListenerUtility.java:27 - developerConsole.......test execution started........
2024-02-19 17:08:37,481 INFO  BaseClass.java:94 - email_field is IS WAITED FOR VISIBLITY
ObjectLogger->com.aventstack.extentreports.ExtentTest@75b363c3
2024-02-19 17:08:38,352 INFO  BaseClass.java:145 - [[FirefoxDriver: firefox on MAC (4c6d5bfc-8a22-4304-8072-dff39b3bfaaf)] -> xpath: //*[@id='username']]Is enabled and clicked
ObjectLogger->com.aventstack.extentreports.ExtentTest@75b363c3
2024-02-19 17:08:38,368 INFO  BaseClass.java:150 - UsernameIs displayed  in textarea
ObjectLogger->com.aventstack.extentreports.ExtentTest@75b363c3
2024-02-19 17:08:38,368 INFO  BaseSalesForceClass.java:66 - Email is entered in a Field 
2024-02-19 17:08:38,599 INFO  BaseClass.java:145 - [[FirefoxDriver: firefox on MAC (4c6d5bfc-8a22-4304-8072-dff39b3bfaaf)] -> xpath: //*[@id='password']]Is enabled and clicked
ObjectLogger->com.aventstack.extentreports.ExtentTest@75b363c3
2024-02-19 17:08:38,609 INFO  BaseClass.java:150 - PasswordIs displayed  in textarea
ObjectLogger->com.aventstack.extentreports.ExtentTest@75b363c3
2024-02-19 17:08:38,609 INFO  BaseSalesForceClass.java:70 - Password is entered in a Field 
2024-02-19 17:08:38,625 INFO  BaseClass.java:94 - Login  IS WAITED FOR VISIBLITY
ObjectLogger->com.aventstack.extentreports.ExtentTest@75b363c3
2024-02-19 17:08:40,978 INFO  BaseClass.java:213 - login  Is enabled and clicked
ObjectLogger->com.aventstack.extentreports.ExtentTest@75b363c3
2024-02-19 17:08:40,978 INFO  BaseSalesForceClass.java:75 - Successfully logged to the Home page
ObjectLogger->com.aventstack.extentreports.ExtentTest@75b363c3
2024-02-19 17:08:40,980 ERROR BaseClass.java:260 - not   matched with Home Page ~ Salesforce - Developer Edition
]]></system-out>
    <system-err><![CDATA[1708391313025	Marionette	INFO	Stopped listening on port 57815
1708391313789	geckodriver	INFO	Listening on 127.0.0.1:39567
1708391313802	mozrunner::runner	INFO	Running command: MOZ_CRASHREPORTER="1" MOZ_CRASHREPORTER_NO_REPORT="1" MOZ_CRASHREPORTER_SHUTDOWN="1" MOZ_NO_REMOTE="1" "/App ... "--marionette" "-foreground" "-no-remote" "-profile" "/var/folders/gx/qjsbcn6d6d33b4myp5smvrgr0000gp/T/rust_mozprofileTMB97T"
console.warn: services.settings: Ignoring preference override of remote settings server
console.warn: services.settings: Allow by setting MOZ_REMOTE_SETTINGS_DEVTOOLS=1 in the environment
1708391314343	Marionette	INFO	Marionette enabled
1708391314553	Marionette	INFO	Listening on port 57924
Read port: 57924
1708391314998	RemoteAgent	WARN	TLS certificate errors will be ignored for this session
Feb 19, 2024 5:08:36 PM org.openqa.selenium.remote.ProtocolHandshake createSession
INFO: Detected dialect: W3C
1708391318142	Marionette	WARN	TimedPromise timed out after 500 ms: stacktrace:
TimedPromise/<@chrome://remote/content/marionette/sync.sys.mjs:219:24
TimedPromise@chrome://remote/content/marionette/sync.sys.mjs:203:10
interaction.flushEventLoop@chrome://remote/content/marionette/interaction.sys.mjs:466:10
webdriverClickElement@chrome://remote/content/marionette/interaction.sys.mjs:219:33
e@https://www.salesforce.com/etc/clientlibs/sfdc-aem-master/clientlibs_www_tags.min.js:2:111
@https://www.salesforce.com/etc/clientlibs/sfdc-aem-master/clientlibs_www_tags.min.js:2:146
@https://www.salesforce.com/etc/clientlibs/sfdc-aem-master/clientlibs_www_tags.min.js:2:395
@https://www.salesforce.com/etc/clientlibs/sfdc-aem-master/clientlibs_www_tags.min.js:2:399
console.warn: LoginRecipes: "Falling back to a synchronous message for: https://login.salesforce.com."
console.warn: LoginRecipes: "Falling back to a synchronous message for: https://login.salesforce.com."
]]></system-err>
  </testcase>
  <testcase name="logoutOption" classname="com.salesforce.automation.SalesforceUserMenu_Testcases" time="3.591">
    <failure message="expected [Home Page ~ Salesforce - Developer Edition] but found []" type="java.lang.AssertionError"><![CDATA[java.lang.AssertionError: expected [Home Page ~ Salesforce - Developer Edition] but found []
	at org.testng.Assert.fail(Assert.java:110)
	at org.testng.Assert.failNotEquals(Assert.java:1577)
	at org.testng.Assert.assertEqualsImpl(Assert.java:149)
	at org.testng.Assert.assertEquals(Assert.java:131)
	at org.testng.Assert.assertEquals(Assert.java:655)
	at org.testng.Assert.assertEquals(Assert.java:665)
	at com.salesforce.base.BaseClass.assertTitle(BaseClass.java:256)
	at com.salesforce.automation.SalesforceUserMenu_Testcases.logoutOption(SalesforceUserMenu_Testcases.java:640)
	at java.base/jdk.internal.reflect.NativeMethodAccessorImpl.invoke0(Native Method)
	at java.base/jdk.internal.reflect.NativeMethodAccessorImpl.invoke(NativeMethodAccessorImpl.java:77)
	at java.base/jdk.internal.reflect.DelegatingMethodAccessorImpl.invoke(DelegatingMethodAccessorImpl.java:43)
	at java.base/java.lang.reflect.Method.invoke(Method.java:568)
	at org.testng.internal.invokers.MethodInvocationHelper.invokeMethod(MethodInvocationHelper.java:139)
	at org.testng.internal.invokers.TestInvoker.invokeMethod(TestInvoker.java:677)
	at org.testng.internal.invokers.TestInvoker.invokeTestMethod(TestInvoker.java:221)
	at org.testng.internal.invokers.MethodRunner.runInSequence(MethodRunner.java:50)
	at org.testng.internal.invokers.TestInvoker$MethodInvocationAgent.invoke(TestInvoker.java:969)
	at org.testng.internal.invokers.TestInvoker.invokeTestMethods(TestInvoker.java:194)
	at org.testng.internal.invokers.TestMethodWorker.invokeTestMethods(TestMethodWorker.java:148)
	at org.testng.internal.invokers.TestMethodWorker.run(TestMethodWorker.java:128)
	at java.base/java.util.ArrayList.forEach(ArrayList.java:1511)
	at org.testng.TestRunner.privateRun(TestRunner.java:829)
	at org.testng.TestRunner.run(TestRunner.java:602)
	at org.testng.SuiteRunner.runTest(SuiteRunner.java:437)
	at org.testng.SuiteRunner.runSequentially(SuiteRunner.java:431)
	at org.testng.SuiteRunner.privateRun(SuiteRunner.java:391)
	at org.testng.SuiteRunner.run(SuiteRunner.java:330)
	at org.testng.SuiteRunnerWorker.runSuite(SuiteRunnerWorker.java:52)
	at org.testng.SuiteRunnerWorker.run(SuiteRunnerWorker.java:95)
	at org.testng.TestNG.runSuitesSequentially(TestNG.java:1256)
	at org.testng.TestNG.runSuitesLocally(TestNG.java:1176)
	at org.testng.TestNG.runSuites(TestNG.java:1099)
	at org.testng.TestNG.run(TestNG.java:1067)
	at org.apache.maven.surefire.testng.TestNGExecutor.run(TestNGExecutor.java:308)
	at org.apache.maven.surefire.testng.TestNGXmlTestSuite.execute(TestNGXmlTestSuite.java:71)
	at org.apache.maven.surefire.testng.TestNGProvider.invoke(TestNGProvider.java:113)
	at org.apache.maven.surefire.booter.ForkedBooter.runSuitesInProcess(ForkedBooter.java:385)
	at org.apache.maven.surefire.booter.ForkedBooter.execute(ForkedBooter.java:162)
	at org.apache.maven.surefire.booter.ForkedBooter.run(ForkedBooter.java:507)
	at org.apache.maven.surefire.booter.ForkedBooter.main(ForkedBooter.java:495)
]]></failure>
    <system-out><![CDATA[2024-02-19 17:08:40,981 ERROR SalesforceListenerUtility.java:45 - developerConsole.......test execution completed with failure........
ObjectLogger->com.aventstack.extentreports.ExtentTest@75b363c3
2024-02-19 17:08:41,093 INFO  BaseClass.java:424 - captures the screenshot
ObjectLogger->com.aventstack.extentreports.ExtentTest@75b363c3
ObjectLogger->com.aventstack.extentreports.ExtentTest@75b363c3
ObjectLogger->com.aventstack.extentreports.ExtentTest@75b363c3
2024-02-19 17:08:42,018 INFO  BaseClass.java:242 - browser is closed
2024-02-19 17:08:45,897 INFO  BaseClass.java:70 - Browser instance has started
2024-02-19 17:08:46,680 INFO  BaseClass.java:231 - https://login.salesforce.com/ is launched
2024-02-19 17:08:46,680 INFO  BaseClass.java:472 - Waiting until page loads within  expectedtime period
2024-02-19 17:08:46,686 INFO  SalesforceListenerUtility.java:27 - logoutOption.......test execution started........
2024-02-19 17:08:47,244 INFO  BaseClass.java:94 - email_field is IS WAITED FOR VISIBLITY
ObjectLogger->com.aventstack.extentreports.ExtentTest@20914835
2024-02-19 17:08:47,502 INFO  BaseClass.java:145 - [[FirefoxDriver: firefox on MAC (23f93434-bd32-4aa4-ac14-5897fb18afc9)] -> xpath: //*[@id='username']]Is enabled and clicked
ObjectLogger->com.aventstack.extentreports.ExtentTest@20914835
2024-02-19 17:08:47,532 INFO  BaseClass.java:150 - UsernameIs displayed  in textarea
ObjectLogger->com.aventstack.extentreports.ExtentTest@20914835
2024-02-19 17:08:47,532 INFO  BaseSalesForceClass.java:66 - Email is entered in a Field 
2024-02-19 17:08:47,805 INFO  BaseClass.java:145 - [[FirefoxDriver: firefox on MAC (23f93434-bd32-4aa4-ac14-5897fb18afc9)] -> xpath: //*[@id='password']]Is enabled and clicked
ObjectLogger->com.aventstack.extentreports.ExtentTest@20914835
2024-02-19 17:08:47,818 INFO  BaseClass.java:150 - PasswordIs displayed  in textarea
ObjectLogger->com.aventstack.extentreports.ExtentTest@20914835
2024-02-19 17:08:47,818 INFO  BaseSalesForceClass.java:70 - Password is entered in a Field 
2024-02-19 17:08:47,840 INFO  BaseClass.java:94 - Login  IS WAITED FOR VISIBLITY
ObjectLogger->com.aventstack.extentreports.ExtentTest@20914835
2024-02-19 17:08:50,272 INFO  BaseClass.java:213 - login  Is enabled and clicked
ObjectLogger->com.aventstack.extentreports.ExtentTest@20914835
2024-02-19 17:08:50,272 INFO  BaseSalesForceClass.java:75 - Successfully logged to the Home page
ObjectLogger->com.aventstack.extentreports.ExtentTest@20914835
2024-02-19 17:08:50,278 ERROR BaseClass.java:260 - not   matched with Home Page ~ Salesforce - Developer Edition
]]></system-out>
    <system-err><![CDATA[1708391321098	Marionette	INFO	Stopped listening on port 57924
1708391322680	geckodriver	INFO	Listening on 127.0.0.1:44098
1708391322699	mozrunner::runner	INFO	Running command: MOZ_CRASHREPORTER="1" MOZ_CRASHREPORTER_NO_REPORT="1" MOZ_CRASHREPORTER_SHUTDOWN="1" MOZ_NO_REMOTE="1" "/App ... "--marionette" "-foreground" "-no-remote" "-profile" "/var/folders/gx/qjsbcn6d6d33b4myp5smvrgr0000gp/T/rust_mozprofilee7Nzx8"
console.warn: services.settings: Ignoring preference override of remote settings server
console.warn: services.settings: Allow by setting MOZ_REMOTE_SETTINGS_DEVTOOLS=1 in the environment
1708391323493	Marionette	INFO	Marionette enabled
1708391323761	Marionette	INFO	Listening on port 58028
Read port: 58028
1708391324042	RemoteAgent	WARN	TLS certificate errors will be ignored for this session
Feb 19, 2024 5:08:45 PM org.openqa.selenium.remote.ProtocolHandshake createSession
INFO: Detected dialect: W3C
console.warn: LoginRecipes: "Falling back to a synchronous message for: https://login.salesforce.com."
console.warn: LoginRecipes: "Falling back to a synchronous message for: https://login.salesforce.com."
]]></system-err>
  </testcase>
  <testcase name="mySettingOption" classname="com.salesforce.automation.SalesforceUserMenu_Testcases" time="1.79">
    <failure message="expected [Home Page ~ Salesforce - Developer Edition] but found [Login | Salesforce]" type="java.lang.AssertionError"><![CDATA[java.lang.AssertionError: expected [Home Page ~ Salesforce - Developer Edition] but found [Login | Salesforce]
	at org.testng.Assert.fail(Assert.java:110)
	at org.testng.Assert.failNotEquals(Assert.java:1577)
	at org.testng.Assert.assertEqualsImpl(Assert.java:149)
	at org.testng.Assert.assertEquals(Assert.java:131)
	at org.testng.Assert.assertEquals(Assert.java:655)
	at org.testng.Assert.assertEquals(Assert.java:665)
	at com.salesforce.base.BaseClass.assertTitle(BaseClass.java:256)
	at com.salesforce.automation.SalesforceUserMenu_Testcases.mySettingOption(SalesforceUserMenu_Testcases.java:341)
	at java.base/jdk.internal.reflect.NativeMethodAccessorImpl.invoke0(Native Method)
	at java.base/jdk.internal.reflect.NativeMethodAccessorImpl.invoke(NativeMethodAccessorImpl.java:77)
	at java.base/jdk.internal.reflect.DelegatingMethodAccessorImpl.invoke(DelegatingMethodAccessorImpl.java:43)
	at java.base/java.lang.reflect.Method.invoke(Method.java:568)
	at org.testng.internal.invokers.MethodInvocationHelper.invokeMethod(MethodInvocationHelper.java:139)
	at org.testng.internal.invokers.TestInvoker.invokeMethod(TestInvoker.java:677)
	at org.testng.internal.invokers.TestInvoker.invokeTestMethod(TestInvoker.java:221)
	at org.testng.internal.invokers.MethodRunner.runInSequence(MethodRunner.java:50)
	at org.testng.internal.invokers.TestInvoker$MethodInvocationAgent.invoke(TestInvoker.java:969)
	at org.testng.internal.invokers.TestInvoker.invokeTestMethods(TestInvoker.java:194)
	at org.testng.internal.invokers.TestMethodWorker.invokeTestMethods(TestMethodWorker.java:148)
	at org.testng.internal.invokers.TestMethodWorker.run(TestMethodWorker.java:128)
	at java.base/java.util.ArrayList.forEach(ArrayList.java:1511)
	at org.testng.TestRunner.privateRun(TestRunner.java:829)
	at org.testng.TestRunner.run(TestRunner.java:602)
	at org.testng.SuiteRunner.runTest(SuiteRunner.java:437)
	at org.testng.SuiteRunner.runSequentially(SuiteRunner.java:431)
	at org.testng.SuiteRunner.privateRun(SuiteRunner.java:391)
	at org.testng.SuiteRunner.run(SuiteRunner.java:330)
	at org.testng.SuiteRunnerWorker.runSuite(SuiteRunnerWorker.java:52)
	at org.testng.SuiteRunnerWorker.run(SuiteRunnerWorker.java:95)
	at org.testng.TestNG.runSuitesSequentially(TestNG.java:1256)
	at org.testng.TestNG.runSuitesLocally(TestNG.java:1176)
	at org.testng.TestNG.runSuites(TestNG.java:1099)
	at org.testng.TestNG.run(TestNG.java:1067)
	at org.apache.maven.surefire.testng.TestNGExecutor.run(TestNGExecutor.java:308)
	at org.apache.maven.surefire.testng.TestNGXmlTestSuite.execute(TestNGXmlTestSuite.java:71)
	at org.apache.maven.surefire.testng.TestNGProvider.invoke(TestNGProvider.java:113)
	at org.apache.maven.surefire.booter.ForkedBooter.runSuitesInProcess(ForkedBooter.java:385)
	at org.apache.maven.surefire.booter.ForkedBooter.execute(ForkedBooter.java:162)
	at org.apache.maven.surefire.booter.ForkedBooter.run(ForkedBooter.java:507)
	at org.apache.maven.surefire.booter.ForkedBooter.main(ForkedBooter.java:495)
]]></failure>
    <system-out><![CDATA[2024-02-19 17:08:50,278 ERROR SalesforceListenerUtility.java:45 - logoutOption.......test execution completed with failure........
ObjectLogger->com.aventstack.extentreports.ExtentTest@20914835
2024-02-19 17:08:50,494 INFO  BaseClass.java:424 - captures the screenshot
ObjectLogger->com.aventstack.extentreports.ExtentTest@20914835
ObjectLogger->com.aventstack.extentreports.ExtentTest@20914835
ObjectLogger->com.aventstack.extentreports.ExtentTest@20914835
2024-02-19 17:08:51,391 INFO  BaseClass.java:242 - browser is closed
2024-02-19 17:08:54,606 INFO  BaseClass.java:70 - Browser instance has started
2024-02-19 17:08:55,281 INFO  BaseClass.java:231 - https://login.salesforce.com/ is launched
2024-02-19 17:08:55,281 INFO  BaseClass.java:472 - Waiting until page loads within  expectedtime period
2024-02-19 17:08:55,288 INFO  SalesforceListenerUtility.java:27 - mySettingOption.......test execution started........
2024-02-19 17:08:55,845 INFO  BaseClass.java:94 - email_field is IS WAITED FOR VISIBLITY
ObjectLogger->com.aventstack.extentreports.ExtentTest@311a09b2
2024-02-19 17:08:56,084 INFO  BaseClass.java:145 - [[FirefoxDriver: firefox on MAC (49652ae2-65f3-4963-987a-9c36ffa44c85)] -> xpath: //*[@id='username']]Is enabled and clicked
ObjectLogger->com.aventstack.extentreports.ExtentTest@311a09b2
2024-02-19 17:08:56,097 INFO  BaseClass.java:150 - UsernameIs displayed  in textarea
ObjectLogger->com.aventstack.extentreports.ExtentTest@311a09b2
2024-02-19 17:08:56,098 INFO  BaseSalesForceClass.java:66 - Email is entered in a Field 
2024-02-19 17:08:56,321 INFO  BaseClass.java:145 - [[FirefoxDriver: firefox on MAC (49652ae2-65f3-4963-987a-9c36ffa44c85)] -> xpath: //*[@id='password']]Is enabled and clicked
ObjectLogger->com.aventstack.extentreports.ExtentTest@311a09b2
2024-02-19 17:08:56,326 INFO  BaseClass.java:150 - PasswordIs displayed  in textarea
ObjectLogger->com.aventstack.extentreports.ExtentTest@311a09b2
2024-02-19 17:08:56,327 INFO  BaseSalesForceClass.java:70 - Password is entered in a Field 
2024-02-19 17:08:56,342 INFO  BaseClass.java:94 - Login  IS WAITED FOR VISIBLITY
ObjectLogger->com.aventstack.extentreports.ExtentTest@311a09b2
2024-02-19 17:08:57,074 INFO  BaseClass.java:213 - login  Is enabled and clicked
ObjectLogger->com.aventstack.extentreports.ExtentTest@311a09b2
2024-02-19 17:08:57,075 INFO  BaseSalesForceClass.java:75 - Successfully logged to the Home page
ObjectLogger->com.aventstack.extentreports.ExtentTest@311a09b2
2024-02-19 17:08:57,077 ERROR BaseClass.java:260 - Login | Salesforcenot   matched with Home Page ~ Salesforce - Developer Edition
]]></system-out>
    <system-err><![CDATA[1708391330499	Marionette	INFO	Stopped listening on port 58028
1708391331413	geckodriver	INFO	Listening on 127.0.0.1:34221
1708391331589	mozrunner::runner	INFO	Running command: MOZ_CRASHREPORTER="1" MOZ_CRASHREPORTER_NO_REPORT="1" MOZ_CRASHREPORTER_SHUTDOWN="1" MOZ_NO_REMOTE="1" "/App ... "--marionette" "-foreground" "-no-remote" "-profile" "/var/folders/gx/qjsbcn6d6d33b4myp5smvrgr0000gp/T/rust_mozprofilebVTdNr"
console.warn: services.settings: Ignoring preference override of remote settings server
console.warn: services.settings: Allow by setting MOZ_REMOTE_SETTINGS_DEVTOOLS=1 in the environment
1708391332160	Marionette	INFO	Marionette enabled
1708391332368	Marionette	INFO	Listening on port 58153
Read port: 58153
1708391333022	RemoteAgent	WARN	TLS certificate errors will be ignored for this session
Feb 19, 2024 5:08:54 PM org.openqa.selenium.remote.ProtocolHandshake createSession
INFO: Detected dialect: W3C
1708391336867	Marionette	WARN	TimedPromise timed out after 500 ms: stacktrace:
TimedPromise/<@chrome://remote/content/marionette/sync.sys.mjs:219:24
TimedPromise@chrome://remote/content/marionette/sync.sys.mjs:203:10
interaction.flushEventLoop@chrome://remote/content/marionette/interaction.sys.mjs:466:10
webdriverClickElement@chrome://remote/content/marionette/interaction.sys.mjs:219:33
e@https://www.salesforce.com/etc/clientlibs/sfdc-aem-master/clientlibs_www_tags.min.js:2:111
@https://www.salesforce.com/etc/clientlibs/sfdc-aem-master/clientlibs_www_tags.min.js:2:146
@https://www.salesforce.com/etc/clientlibs/sfdc-aem-master/clientlibs_www_tags.min.js:2:395
@https://www.salesforce.com/etc/clientlibs/sfdc-aem-master/clientlibs_www_tags.min.js:2:399
]]></system-err>
  </testcase>
  <testcase name="verifySelectuserMenu" classname="com.salesforce.automation.SalesforceUserMenu_Testcases" time="4.427">
    <failure message="expected [Home ~ Salesforce - Developer Edition] but found []" type="java.lang.AssertionError"><![CDATA[java.lang.AssertionError: expected [Home ~ Salesforce - Developer Edition] but found []
	at org.testng.Assert.fail(Assert.java:110)
	at org.testng.Assert.failNotEquals(Assert.java:1577)
	at org.testng.Assert.assertEqualsImpl(Assert.java:149)
	at org.testng.Assert.assertEquals(Assert.java:131)
	at org.testng.Assert.assertEquals(Assert.java:655)
	at org.testng.Assert.assertEquals(Assert.java:665)
	at com.salesforce.base.BaseClass.assertTitle(BaseClass.java:256)
	at com.salesforce.automation.SalesforceUserMenu_Testcases.verifySelectuserMenu(SalesforceUserMenu_Testcases.java:42)
	at java.base/jdk.internal.reflect.NativeMethodAccessorImpl.invoke0(Native Method)
	at java.base/jdk.internal.reflect.NativeMethodAccessorImpl.invoke(NativeMethodAccessorImpl.java:77)
	at java.base/jdk.internal.reflect.DelegatingMethodAccessorImpl.invoke(DelegatingMethodAccessorImpl.java:43)
	at java.base/java.lang.reflect.Method.invoke(Method.java:568)
	at org.testng.internal.invokers.MethodInvocationHelper.invokeMethod(MethodInvocationHelper.java:139)
	at org.testng.internal.invokers.TestInvoker.invokeMethod(TestInvoker.java:677)
	at org.testng.internal.invokers.TestInvoker.invokeTestMethod(TestInvoker.java:221)
	at org.testng.internal.invokers.MethodRunner.runInSequence(MethodRunner.java:50)
	at org.testng.internal.invokers.TestInvoker$MethodInvocationAgent.invoke(TestInvoker.java:969)
	at org.testng.internal.invokers.TestInvoker.invokeTestMethods(TestInvoker.java:194)
	at org.testng.internal.invokers.TestMethodWorker.invokeTestMethods(TestMethodWorker.java:148)
	at org.testng.internal.invokers.TestMethodWorker.run(TestMethodWorker.java:128)
	at java.base/java.util.ArrayList.forEach(ArrayList.java:1511)
	at org.testng.TestRunner.privateRun(TestRunner.java:829)
	at org.testng.TestRunner.run(TestRunner.java:602)
	at org.testng.SuiteRunner.runTest(SuiteRunner.java:437)
	at org.testng.SuiteRunner.runSequentially(SuiteRunner.java:431)
	at org.testng.SuiteRunner.privateRun(SuiteRunner.java:391)
	at org.testng.SuiteRunner.run(SuiteRunner.java:330)
	at org.testng.SuiteRunnerWorker.runSuite(SuiteRunnerWorker.java:52)
	at org.testng.SuiteRunnerWorker.run(SuiteRunnerWorker.java:95)
	at org.testng.TestNG.runSuitesSequentially(TestNG.java:1256)
	at org.testng.TestNG.runSuitesLocally(TestNG.java:1176)
	at org.testng.TestNG.runSuites(TestNG.java:1099)
	at org.testng.TestNG.run(TestNG.java:1067)
	at org.apache.maven.surefire.testng.TestNGExecutor.run(TestNGExecutor.java:308)
	at org.apache.maven.surefire.testng.TestNGXmlTestSuite.execute(TestNGXmlTestSuite.java:71)
	at org.apache.maven.surefire.testng.TestNGProvider.invoke(TestNGProvider.java:113)
	at org.apache.maven.surefire.booter.ForkedBooter.runSuitesInProcess(ForkedBooter.java:385)
	at org.apache.maven.surefire.booter.ForkedBooter.execute(ForkedBooter.java:162)
	at org.apache.maven.surefire.booter.ForkedBooter.run(ForkedBooter.java:507)
	at org.apache.maven.surefire.booter.ForkedBooter.main(ForkedBooter.java:495)
]]></failure>
    <system-out><![CDATA[2024-02-19 17:08:57,078 ERROR SalesforceListenerUtility.java:45 - mySettingOption.......test execution completed with failure........
ObjectLogger->com.aventstack.extentreports.ExtentTest@311a09b2
2024-02-19 17:08:57,460 INFO  BaseClass.java:424 - captures the screenshot
ObjectLogger->com.aventstack.extentreports.ExtentTest@311a09b2
ObjectLogger->com.aventstack.extentreports.ExtentTest@311a09b2
ObjectLogger->com.aventstack.extentreports.ExtentTest@311a09b2
2024-02-19 17:08:58,573 INFO  BaseClass.java:242 - browser is closed
2024-02-19 17:09:01,610 INFO  BaseClass.java:70 - Browser instance has started
2024-02-19 17:09:02,274 INFO  BaseClass.java:231 - https://login.salesforce.com/ is launched
2024-02-19 17:09:02,275 INFO  BaseClass.java:472 - Waiting until page loads within  expectedtime period
2024-02-19 17:09:02,284 INFO  SalesforceListenerUtility.java:27 - verifySelectuserMenu.......test execution started........
2024-02-19 17:09:02,899 INFO  BaseClass.java:94 - email_field is IS WAITED FOR VISIBLITY
ObjectLogger->com.aventstack.extentreports.ExtentTest@745cf754
2024-02-19 17:09:03,340 INFO  BaseClass.java:145 - [[FirefoxDriver: firefox on MAC (abadddf0-0390-4486-9b86-76ad6c029253)] -> xpath: //*[@id='username']]Is enabled and clicked
ObjectLogger->com.aventstack.extentreports.ExtentTest@745cf754
2024-02-19 17:09:03,593 INFO  BaseClass.java:150 - UsernameIs displayed  in textarea
ObjectLogger->com.aventstack.extentreports.ExtentTest@745cf754
2024-02-19 17:09:03,593 INFO  BaseSalesForceClass.java:66 - Email is entered in a Field 
2024-02-19 17:09:03,999 INFO  BaseClass.java:145 - [[FirefoxDriver: firefox on MAC (abadddf0-0390-4486-9b86-76ad6c029253)] -> xpath: //*[@id='password']]Is enabled and clicked
ObjectLogger->com.aventstack.extentreports.ExtentTest@745cf754
2024-02-19 17:09:04,008 INFO  BaseClass.java:150 - PasswordIs displayed  in textarea
ObjectLogger->com.aventstack.extentreports.ExtentTest@745cf754
2024-02-19 17:09:04,008 INFO  BaseSalesForceClass.java:70 - Password is entered in a Field 
2024-02-19 17:09:04,026 INFO  BaseClass.java:94 - Login  IS WAITED FOR VISIBLITY
ObjectLogger->com.aventstack.extentreports.ExtentTest@745cf754
2024-02-19 17:09:06,707 INFO  BaseClass.java:213 - login  Is enabled and clicked
ObjectLogger->com.aventstack.extentreports.ExtentTest@745cf754
2024-02-19 17:09:06,707 INFO  BaseSalesForceClass.java:75 - Successfully logged to the Home page
ObjectLogger->com.aventstack.extentreports.ExtentTest@745cf754
2024-02-19 17:09:06,712 ERROR BaseClass.java:260 - not   matched with Home ~ Salesforce - Developer Edition
]]></system-out>
    <system-err><![CDATA[1708391337468	Marionette	INFO	Stopped listening on port 58153
1708391338612	geckodriver	INFO	Listening on 127.0.0.1:22859
1708391338627	mozrunner::runner	INFO	Running command: MOZ_CRASHREPORTER="1" MOZ_CRASHREPORTER_NO_REPORT="1" MOZ_CRASHREPORTER_SHUTDOWN="1" MOZ_NO_REMOTE="1" "/App ... "--marionette" "-foreground" "-no-remote" "-profile" "/var/folders/gx/qjsbcn6d6d33b4myp5smvrgr0000gp/T/rust_mozprofilemmF1ab"
console.warn: services.settings: Ignoring preference override of remote settings server
console.warn: services.settings: Allow by setting MOZ_REMOTE_SETTINGS_DEVTOOLS=1 in the environment
1708391339346	Marionette	INFO	Marionette enabled
1708391339620	Marionette	INFO	Listening on port 58263
Read port: 58263
1708391340337	RemoteAgent	WARN	TLS certificate errors will be ignored for this session
Feb 19, 2024 5:09:01 PM org.openqa.selenium.remote.ProtocolHandshake createSession
INFO: Detected dialect: W3C
console.warn: LoginRecipes: "Falling back to a synchronous message for: https://login.salesforce.com."
console.warn: LoginRecipes: "Falling back to a synchronous message for: https://login.salesforce.com."
]]></system-err>
  </testcase>
  <testcase name="Leadstablink" classname="com.salesforce.automation.SalesforceLeads_Testcases" time="6.633">
    <system-out><![CDATA[2024-02-19 17:09:06,713 ERROR SalesforceListenerUtility.java:45 - verifySelectuserMenu.......test execution completed with failure........
ObjectLogger->com.aventstack.extentreports.ExtentTest@745cf754
2024-02-19 17:09:06,891 INFO  BaseClass.java:424 - captures the screenshot
ObjectLogger->com.aventstack.extentreports.ExtentTest@745cf754
ObjectLogger->com.aventstack.extentreports.ExtentTest@745cf754
ObjectLogger->com.aventstack.extentreports.ExtentTest@745cf754
2024-02-19 17:09:07,799 INFO  BaseClass.java:242 - browser is closed
2024-02-19 17:09:07,811 INFO  SalesforceListenerUtility.java:70 - .......<test> execution completed........
2024-02-19 17:09:07,867 INFO  SalesforceListenerUtility.java:62 - .......<test> execution started........
2024-02-19 17:09:07,879 INFO  BaseClass.java:59 - Browser instance has started
2024-02-19 17:09:09,571 INFO  BaseClass.java:231 - https://login.salesforce.com/ is launched
2024-02-19 17:09:09,572 INFO  BaseClass.java:472 - Waiting until page loads within  expectedtime period
2024-02-19 17:09:09,576 INFO  SalesforceListenerUtility.java:27 - Leadstablink.......test execution started........
2024-02-19 17:09:09,587 INFO  BaseClass.java:271 - Current URL is = https://login.salesforce.com/
2024-02-19 17:09:09,587 INFO  BaseClass.java:274 - https://login.salesforce.com/  matched with https://login.salesforce.com/
ObjectLogger->com.aventstack.extentreports.ExtentTest@3387ab0
2024-02-19 17:09:09,588 INFO  SalesforceLeads_Testcases.java:26 - Current URL assertion passed
2024-02-19 17:09:10,353 INFO  BaseClass.java:94 - email_field is IS WAITED FOR VISIBLITY
ObjectLogger->com.aventstack.extentreports.ExtentTest@3387ab0
2024-02-19 17:09:10,619 INFO  BaseClass.java:145 - [[ChromeDriver: chrome on MAC (075ff162b8e82321e69033e8a58b2c00)] -> xpath: //*[@id='username']]Is enabled and clicked
ObjectLogger->com.aventstack.extentreports.ExtentTest@3387ab0
2024-02-19 17:09:10,936 INFO  BaseClass.java:150 - UsernameIs displayed  in textarea
ObjectLogger->com.aventstack.extentreports.ExtentTest@3387ab0
2024-02-19 17:09:10,937 INFO  BaseSalesForceClass.java:66 - Email is entered in a Field 
2024-02-19 17:09:11,329 INFO  BaseClass.java:145 - [[ChromeDriver: chrome on MAC (075ff162b8e82321e69033e8a58b2c00)] -> xpath: //*[@id='password']]Is enabled and clicked
ObjectLogger->com.aventstack.extentreports.ExtentTest@3387ab0
2024-02-19 17:09:11,369 INFO  BaseClass.java:150 - PasswordIs displayed  in textarea
ObjectLogger->com.aventstack.extentreports.ExtentTest@3387ab0
2024-02-19 17:09:11,369 INFO  BaseSalesForceClass.java:70 - Password is entered in a Field 
2024-02-19 17:09:11,398 INFO  BaseClass.java:94 - Login  IS WAITED FOR VISIBLITY
ObjectLogger->com.aventstack.extentreports.ExtentTest@3387ab0
2024-02-19 17:09:13,726 INFO  BaseClass.java:213 - login  Is enabled and clicked
ObjectLogger->com.aventstack.extentreports.ExtentTest@3387ab0
2024-02-19 17:09:13,726 INFO  BaseSalesForceClass.java:75 - Successfully logged to the Home page
ObjectLogger->com.aventstack.extentreports.ExtentTest@3387ab0
2024-02-19 17:09:15,632 INFO  BaseClass.java:257 - Home Page ~ Salesforce - Developer Edition  matched with Home Page ~ Salesforce - Developer Edition
ObjectLogger->com.aventstack.extentreports.ExtentTest@3387ab0
2024-02-19 17:09:15,632 INFO  SalesforceLeads_Testcases.java:29 - Title assertion passed
2024-02-19 17:09:16,205 INFO  BaseClass.java:213 - LeadsIs enabled and clicked
ObjectLogger->com.aventstack.extentreports.ExtentTest@3387ab0
2024-02-19 17:09:16,209 INFO  BaseClass.java:257 - Leads: Home ~ Salesforce - Developer Edition  matched with Leads: Home ~ Salesforce - Developer Edition
ObjectLogger->com.aventstack.extentreports.ExtentTest@3387ab0
2024-02-19 17:09:16,209 INFO  SalesforceLeads_Testcases.java:39 - All assertion passed
ObjectLogger->com.aventstack.extentreports.ExtentTest@3387ab0
]]></system-out>
    <system-err><![CDATA[1708391346898	Marionette	INFO	Stopped listening on port 58263
Starting ChromeDriver 121.0.6167.184 (057a8ae7deb3374d0f1b04b36304d236f0136188-refs/branch-heads/6167@{#1818}) on port 33018
Only local connections are allowed.
Please see https://chromedriver.chromium.org/security-considerations for suggestions on keeping ChromeDriver safe.
ChromeDriver was started successfully.
Feb 19, 2024 5:09:08 PM org.openqa.selenium.remote.ProtocolHandshake createSession
INFO: Detected dialect: W3C
]]></system-err>
  </testcase>
  <testcase name="defaultView" classname="com.salesforce.automation.SalesforceLeads_Testcases" time="18.756">
    <system-out><![CDATA[2024-02-19 17:09:16,210 INFO  SalesforceListenerUtility.java:36 - Leadstablink.......test execution sucess........
ObjectLogger->com.aventstack.extentreports.ExtentTest@3387ab0
2024-02-19 17:09:16,329 INFO  BaseClass.java:242 - browser is closed
2024-02-19 17:09:16,510 INFO  BaseClass.java:59 - Browser instance has started
2024-02-19 17:09:18,562 INFO  BaseClass.java:231 - https://login.salesforce.com/ is launched
2024-02-19 17:09:18,562 INFO  BaseClass.java:472 - Waiting until page loads within  expectedtime period
2024-02-19 17:09:18,566 INFO  SalesforceListenerUtility.java:27 - defaultView.......test execution started........
2024-02-19 17:09:18,570 INFO  BaseClass.java:271 - Current URL is = https://login.salesforce.com/
2024-02-19 17:09:18,571 INFO  BaseClass.java:274 - https://login.salesforce.com/  matched with https://login.salesforce.com/
ObjectLogger->com.aventstack.extentreports.ExtentTest@12f3fcd
2024-02-19 17:09:18,571 INFO  SalesforceLeads_Testcases.java:26 - Current URL assertion passed
2024-02-19 17:09:19,232 INFO  BaseClass.java:94 - email_field is IS WAITED FOR VISIBLITY
ObjectLogger->com.aventstack.extentreports.ExtentTest@12f3fcd
2024-02-19 17:09:19,624 INFO  BaseClass.java:145 - [[ChromeDriver: chrome on MAC (4989aa4b8ea6cb0c6c9548793aa1aa3a)] -> xpath: //*[@id='username']]Is enabled and clicked
ObjectLogger->com.aventstack.extentreports.ExtentTest@12f3fcd
2024-02-19 17:09:19,747 INFO  BaseClass.java:150 - UsernameIs displayed  in textarea
ObjectLogger->com.aventstack.extentreports.ExtentTest@12f3fcd
2024-02-19 17:09:19,747 INFO  BaseSalesForceClass.java:66 - Email is entered in a Field 
2024-02-19 17:09:20,024 INFO  BaseClass.java:145 - [[ChromeDriver: chrome on MAC (4989aa4b8ea6cb0c6c9548793aa1aa3a)] -> xpath: //*[@id='password']]Is enabled and clicked
ObjectLogger->com.aventstack.extentreports.ExtentTest@12f3fcd
2024-02-19 17:09:20,135 INFO  BaseClass.java:150 - PasswordIs displayed  in textarea
ObjectLogger->com.aventstack.extentreports.ExtentTest@12f3fcd
2024-02-19 17:09:20,135 INFO  BaseSalesForceClass.java:70 - Password is entered in a Field 
2024-02-19 17:09:20,299 INFO  BaseClass.java:94 - Login  IS WAITED FOR VISIBLITY
ObjectLogger->com.aventstack.extentreports.ExtentTest@12f3fcd
2024-02-19 17:09:24,103 INFO  BaseClass.java:213 - login  Is enabled and clicked
ObjectLogger->com.aventstack.extentreports.ExtentTest@12f3fcd
2024-02-19 17:09:24,103 INFO  BaseSalesForceClass.java:75 - Successfully logged to the Home page
ObjectLogger->com.aventstack.extentreports.ExtentTest@12f3fcd
2024-02-19 17:09:24,107 INFO  BaseClass.java:257 - Home Page ~ Salesforce - Developer Edition  matched with Home Page ~ Salesforce - Developer Edition
ObjectLogger->com.aventstack.extentreports.ExtentTest@12f3fcd
2024-02-19 17:09:24,108 INFO  SalesforceLeads_Testcases.java:29 - Title assertion passed
2024-02-19 17:09:24,765 INFO  BaseClass.java:213 - LeadsIs enabled and clicked
ObjectLogger->com.aventstack.extentreports.ExtentTest@12f3fcd
2024-02-19 17:09:24,769 INFO  BaseClass.java:257 - Leads: Home ~ Salesforce - Developer Edition  matched with Leads: Home ~ Salesforce - Developer Edition
ObjectLogger->com.aventstack.extentreports.ExtentTest@12f3fcd
2024-02-19 17:09:24,769 INFO  SalesforceLeads_Testcases.java:39 - All assertion passed
ObjectLogger->com.aventstack.extentreports.ExtentTest@12f3fcd
2024-02-19 17:09:24,862 INFO  BaseClass.java:506 - Dropdown element is clicked
ObjectLogger->com.aventstack.extentreports.ExtentTest@12f3fcd
2024-02-19 17:09:24,943 INFO  BaseClass.java:510 - Select  default value is: Today's Leads
ObjectLogger->com.aventstack.extentreports.ExtentTest@12f3fcd
2024-02-19 17:09:24,943 INFO  BaseClass.java:517 - Default selected option matches to the Actual option
ObjectLogger->com.aventstack.extentreports.ExtentTest@12f3fcd
2024-02-19 17:09:24,987 INFO  BaseClass.java:530 - Dropdown element is clicked
ObjectLogger->com.aventstack.extentreports.ExtentTest@12f3fcd
2024-02-19 17:09:26,065 INFO  BaseClass.java:535 - Text 'My Unread Leads' is selected from dropdown
2024-02-19 17:09:26,071 ERROR BaseClass.java:545 - Desired Visible textMy Unread Leadsis not selected
2024-02-19 17:09:29,382 INFO  BaseClass.java:213 - Logout Is enabled and clicked
ObjectLogger->com.aventstack.extentreports.ExtentTest@12f3fcd
2024-02-19 17:09:29,591 INFO  BaseClass.java:94 - email_field is IS WAITED FOR VISIBLITY
ObjectLogger->com.aventstack.extentreports.ExtentTest@12f3fcd
2024-02-19 17:09:29,673 INFO  BaseClass.java:145 - [[ChromeDriver: chrome on MAC (4989aa4b8ea6cb0c6c9548793aa1aa3a)] -> xpath: //*[@id='username']]Is enabled and clicked
ObjectLogger->com.aventstack.extentreports.ExtentTest@12f3fcd
2024-02-19 17:09:30,195 INFO  BaseClass.java:150 - UsernameIs displayed  in textarea
ObjectLogger->com.aventstack.extentreports.ExtentTest@12f3fcd
2024-02-19 17:09:30,195 INFO  BaseSalesForceClass.java:66 - Email is entered in a Field 
2024-02-19 17:09:30,313 INFO  BaseClass.java:145 - [[ChromeDriver: chrome on MAC (4989aa4b8ea6cb0c6c9548793aa1aa3a)] -> xpath: //*[@id='password']]Is enabled and clicked
ObjectLogger->com.aventstack.extentreports.ExtentTest@12f3fcd
2024-02-19 17:09:30,351 INFO  BaseClass.java:150 - PasswordIs displayed  in textarea
ObjectLogger->com.aventstack.extentreports.ExtentTest@12f3fcd
2024-02-19 17:09:30,351 INFO  BaseSalesForceClass.java:70 - Password is entered in a Field 
2024-02-19 17:09:30,383 INFO  BaseClass.java:94 - Login  IS WAITED FOR VISIBLITY
ObjectLogger->com.aventstack.extentreports.ExtentTest@12f3fcd
2024-02-19 17:09:32,872 INFO  BaseClass.java:213 - login  Is enabled and clicked
ObjectLogger->com.aventstack.extentreports.ExtentTest@12f3fcd
2024-02-19 17:09:32,872 INFO  BaseSalesForceClass.java:75 - Successfully logged to the Home page
ObjectLogger->com.aventstack.extentreports.ExtentTest@12f3fcd
2024-02-19 17:09:35,878 INFO  BaseClass.java:257 - Home Page ~ Salesforce - Developer Edition  matched with Home Page ~ Salesforce - Developer Edition
ObjectLogger->com.aventstack.extentreports.ExtentTest@12f3fcd
2024-02-19 17:09:35,879 INFO  SalesforceLeads_Testcases.java:95 - Title assertion passed
2024-02-19 17:09:36,504 INFO  BaseClass.java:213 - LeadsIs enabled and clicked
ObjectLogger->com.aventstack.extentreports.ExtentTest@12f3fcd
2024-02-19 17:09:36,512 INFO  BaseClass.java:257 - Leads: Home ~ Salesforce - Developer Edition  matched with Leads: Home ~ Salesforce - Developer Edition
ObjectLogger->com.aventstack.extentreports.ExtentTest@12f3fcd
2024-02-19 17:09:36,597 INFO  BaseClass.java:506 - Dropdown element is clicked
ObjectLogger->com.aventstack.extentreports.ExtentTest@12f3fcd
2024-02-19 17:09:36,641 INFO  BaseClass.java:510 - Select  default value is: My Unread Leads
ObjectLogger->com.aventstack.extentreports.ExtentTest@12f3fcd
2024-02-19 17:09:36,641 INFO  BaseClass.java:517 - Default selected option matches to the Actual option
ObjectLogger->com.aventstack.extentreports.ExtentTest@12f3fcd
2024-02-19 17:09:37,172 INFO  BaseClass.java:213 - GoIs enabled and clicked
ObjectLogger->com.aventstack.extentreports.ExtentTest@12f3fcd
2024-02-19 17:09:37,280 INFO  BaseClass.java:506 - Dropdown element is clicked
ObjectLogger->com.aventstack.extentreports.ExtentTest@12f3fcd
2024-02-19 17:09:37,321 INFO  BaseClass.java:510 - Select  default value is: My Unread Leads
ObjectLogger->com.aventstack.extentreports.ExtentTest@12f3fcd
2024-02-19 17:09:37,321 INFO  BaseClass.java:517 - Default selected option matches to the Actual option
ObjectLogger->com.aventstack.extentreports.ExtentTest@12f3fcd
2024-02-19 17:09:37,322 INFO  SalesforceLeads_Testcases.java:116 - All assertion passed
ObjectLogger->com.aventstack.extentreports.ExtentTest@12f3fcd
]]></system-out>
    <system-err><![CDATA[Starting ChromeDriver 121.0.6167.184 (057a8ae7deb3374d0f1b04b36304d236f0136188-refs/branch-heads/6167@{#1818}) on port 44541
Only local connections are allowed.
Please see https://chromedriver.chromium.org/security-considerations for suggestions on keeping ChromeDriver safe.
ChromeDriver was started successfully.
Feb 19, 2024 5:09:17 PM org.openqa.selenium.remote.ProtocolHandshake createSession
INFO: Detected dialect: W3C
]]></system-err>
  </testcase>
  <testcase name="leadsSelectView" classname="com.salesforce.automation.SalesforceLeads_Testcases" time="6.421">
    <system-out><![CDATA[2024-02-19 17:09:37,322 INFO  SalesforceListenerUtility.java:36 - defaultView.......test execution sucess........
ObjectLogger->com.aventstack.extentreports.ExtentTest@12f3fcd
2024-02-19 17:09:53,065 INFO  BaseClass.java:242 - browser is closed
2024-02-19 17:09:53,088 INFO  BaseClass.java:59 - Browser instance has started
2024-02-19 17:09:54,610 INFO  BaseClass.java:231 - https://login.salesforce.com/ is launched
2024-02-19 17:09:54,610 INFO  BaseClass.java:472 - Waiting until page loads within  expectedtime period
2024-02-19 17:09:54,613 INFO  SalesforceListenerUtility.java:27 - leadsSelectView.......test execution started........
2024-02-19 17:09:54,618 INFO  BaseClass.java:271 - Current URL is = https://login.salesforce.com/
2024-02-19 17:09:54,618 INFO  BaseClass.java:274 - https://login.salesforce.com/  matched with https://login.salesforce.com/
ObjectLogger->com.aventstack.extentreports.ExtentTest@581d5b33
2024-02-19 17:09:54,618 INFO  SalesforceLeads_Testcases.java:26 - Current URL assertion passed
2024-02-19 17:09:55,237 INFO  BaseClass.java:94 - email_field is IS WAITED FOR VISIBLITY
ObjectLogger->com.aventstack.extentreports.ExtentTest@581d5b33
2024-02-19 17:09:55,374 INFO  BaseClass.java:145 - [[ChromeDriver: chrome on MAC (b6811daa345b399271e3863c881df26e)] -> xpath: //*[@id='username']]Is enabled and clicked
ObjectLogger->com.aventstack.extentreports.ExtentTest@581d5b33
2024-02-19 17:09:55,564 INFO  BaseClass.java:150 - UsernameIs displayed  in textarea
ObjectLogger->com.aventstack.extentreports.ExtentTest@581d5b33
2024-02-19 17:09:55,564 INFO  BaseSalesForceClass.java:66 - Email is entered in a Field 
2024-02-19 17:09:55,699 INFO  BaseClass.java:145 - [[ChromeDriver: chrome on MAC (b6811daa345b399271e3863c881df26e)] -> xpath: //*[@id='password']]Is enabled and clicked
ObjectLogger->com.aventstack.extentreports.ExtentTest@581d5b33
2024-02-19 17:09:55,742 INFO  BaseClass.java:150 - PasswordIs displayed  in textarea
ObjectLogger->com.aventstack.extentreports.ExtentTest@581d5b33
2024-02-19 17:09:55,743 INFO  BaseSalesForceClass.java:70 - Password is entered in a Field 
2024-02-19 17:09:55,774 INFO  BaseClass.java:94 - Login  IS WAITED FOR VISIBLITY
ObjectLogger->com.aventstack.extentreports.ExtentTest@581d5b33
2024-02-19 17:10:00,082 INFO  BaseClass.java:213 - login  Is enabled and clicked
ObjectLogger->com.aventstack.extentreports.ExtentTest@581d5b33
2024-02-19 17:10:00,082 INFO  BaseSalesForceClass.java:75 - Successfully logged to the Home page
ObjectLogger->com.aventstack.extentreports.ExtentTest@581d5b33
2024-02-19 17:10:00,087 INFO  BaseClass.java:257 - Home Page ~ Salesforce - Developer Edition  matched with Home Page ~ Salesforce - Developer Edition
ObjectLogger->com.aventstack.extentreports.ExtentTest@581d5b33
2024-02-19 17:10:00,087 INFO  SalesforceLeads_Testcases.java:29 - Title assertion passed
2024-02-19 17:10:00,864 INFO  BaseClass.java:213 - LeadsIs enabled and clicked
ObjectLogger->com.aventstack.extentreports.ExtentTest@581d5b33
2024-02-19 17:10:00,869 INFO  BaseClass.java:257 - Leads: Home ~ Salesforce - Developer Edition  matched with Leads: Home ~ Salesforce - Developer Edition
ObjectLogger->com.aventstack.extentreports.ExtentTest@581d5b33
2024-02-19 17:10:00,870 INFO  SalesforceLeads_Testcases.java:39 - All assertion passed
ObjectLogger->com.aventstack.extentreports.ExtentTest@581d5b33
2024-02-19 17:10:01,033 INFO  BaseClass.java:626 - Dropdown options match the expected list options.
ObjectLogger->com.aventstack.extentreports.ExtentTest@581d5b33
2024-02-19 17:10:01,034 INFO  SalesforceLeads_Testcases.java:58 - Dropdown all contents matches Assertion is passed.in 
ObjectLogger->com.aventstack.extentreports.ExtentTest@581d5b33
2024-02-19 17:10:01,034 INFO  SalesforceLeads_Testcases.java:60 - All assertion passed
ObjectLogger->com.aventstack.extentreports.ExtentTest@581d5b33
]]></system-out>
    <system-err><![CDATA[Starting ChromeDriver 121.0.6167.184 (057a8ae7deb3374d0f1b04b36304d236f0136188-refs/branch-heads/6167@{#1818}) on port 16435
Only local connections are allowed.
Please see https://chromedriver.chromium.org/security-considerations for suggestions on keeping ChromeDriver safe.
ChromeDriver was started successfully.
Feb 19, 2024 5:09:54 PM org.openqa.selenium.remote.ProtocolHandshake createSession
INFO: Detected dialect: W3C
]]></system-err>
  </testcase>
  <testcase name="verifyListitemTodaysLeads" classname="com.salesforce.automation.SalesforceLeads_Testcases" time="7.872">
    <failure message="no such element: Unable to locate element: {&quot;method&quot;:&quot;xpath&quot;,&quot;selector&quot;:&quot;//select[@id=&apos;fcf&apos;]&quot;}&#10;  (Session info: chrome=121.0.6167.184)&#10;For documentation on this error, please visit: https://www.seleniumhq.org/exceptions/no_such_element.html&#10;Build info: version: &apos;3.141.59&apos;, revision: &apos;e82be7d358&apos;, time: &apos;2018-11-14T08:17:03&apos;&#10;System info: host: &apos;Nitins-MacBook-Pro.local&apos;, ip: &apos;2601:646:8084:4d20:0:0:0:ec4a%en0&apos;, os.name: &apos;Mac OS X&apos;, os.arch: &apos;x86_64&apos;, os.version: &apos;11.4&apos;, java.version: &apos;17.0.10&apos;&#10;Driver info: org.openqa.selenium.chrome.ChromeDriver&#10;Capabilities {acceptInsecureCerts: false, browserName: chrome, browserVersion: 121.0.6167.184, chrome: {chromedriverVersion: 121.0.6167.184 (057a8ae7deb..., userDataDir: /var/folders/gx/qjsbcn6d6d3...}, fedcm:accounts: true, goog:chromeOptions: {debuggerAddress: localhost:58549}, javascriptEnabled: true, networkConnectionEnabled: false, pageLoadStrategy: normal, platform: MAC, platformName: MAC, proxy: Proxy(), setWindowRect: true, strictFileInteractability: false, timeouts: {implicit: 0, pageLoad: 300000, script: 30000}, unhandledPromptBehavior: dismiss and notify, webauthn:extension:credBlob: true, webauthn:extension:largeBlob: true, webauthn:extension:minPinLength: true, webauthn:extension:prf: true, webauthn:virtualAuthenticators: true}&#10;Session ID: 30d580f5a78772de0811c13eff4d4e90&#10;*** Element info: {Using=xpath, value=//select[@id=&apos;fcf&apos;]}" type="org.openqa.selenium.NoSuchElementException"><![CDATA[org.openqa.selenium.NoSuchElementException: 
no such element: Unable to locate element: {"method":"xpath","selector":"//select[@id='fcf']"}
  (Session info: chrome=121.0.6167.184)
For documentation on this error, please visit: https://www.seleniumhq.org/exceptions/no_such_element.html
Build info: version: '3.141.59', revision: 'e82be7d358', time: '2018-11-14T08:17:03'
System info: host: 'Nitins-MacBook-Pro.local', ip: '2601:646:8084:4d20:0:0:0:ec4a%en0', os.name: 'Mac OS X', os.arch: 'x86_64', os.version: '11.4', java.version: '17.0.10'
Driver info: org.openqa.selenium.chrome.ChromeDriver
Capabilities {acceptInsecureCerts: false, browserName: chrome, browserVersion: 121.0.6167.184, chrome: {chromedriverVersion: 121.0.6167.184 (057a8ae7deb..., userDataDir: /var/folders/gx/qjsbcn6d6d3...}, fedcm:accounts: true, goog:chromeOptions: {debuggerAddress: localhost:58549}, javascriptEnabled: true, networkConnectionEnabled: false, pageLoadStrategy: normal, platform: MAC, platformName: MAC, proxy: Proxy(), setWindowRect: true, strictFileInteractability: false, timeouts: {implicit: 0, pageLoad: 300000, script: 30000}, unhandledPromptBehavior: dismiss and notify, webauthn:extension:credBlob: true, webauthn:extension:largeBlob: true, webauthn:extension:minPinLength: true, webauthn:extension:prf: true, webauthn:virtualAuthenticators: true}
Session ID: 30d580f5a78772de0811c13eff4d4e90
*** Element info: {Using=xpath, value=//select[@id='fcf']}
	at java.base/jdk.internal.reflect.NativeConstructorAccessorImpl.newInstance0(Native Method)
	at java.base/jdk.internal.reflect.NativeConstructorAccessorImpl.newInstance(NativeConstructorAccessorImpl.java:77)
	at java.base/jdk.internal.reflect.DelegatingConstructorAccessorImpl.newInstance(DelegatingConstructorAccessorImpl.java:45)
	at java.base/java.lang.reflect.Constructor.newInstanceWithCaller(Constructor.java:499)
	at java.base/java.lang.reflect.Constructor.newInstance(Constructor.java:480)
	at org.openqa.selenium.remote.http.W3CHttpResponseCodec.createException(W3CHttpResponseCodec.java:187)
	at org.openqa.selenium.remote.http.W3CHttpResponseCodec.decode(W3CHttpResponseCodec.java:122)
	at org.openqa.selenium.remote.http.W3CHttpResponseCodec.decode(W3CHttpResponseCodec.java:49)
	at org.openqa.selenium.remote.HttpCommandExecutor.execute(HttpCommandExecutor.java:158)
	at org.openqa.selenium.remote.service.DriverCommandExecutor.execute(DriverCommandExecutor.java:83)
	at org.openqa.selenium.remote.RemoteWebDriver.execute(RemoteWebDriver.java:552)
	at org.openqa.selenium.remote.RemoteWebDriver.findElement(RemoteWebDriver.java:323)
	at org.openqa.selenium.remote.RemoteWebDriver.findElementByXPath(RemoteWebDriver.java:428)
	at org.openqa.selenium.By$ByXPath.findElement(By.java:353)
	at org.openqa.selenium.remote.RemoteWebDriver.findElement(RemoteWebDriver.java:315)
	at com.salesforce.base.BaseClass.assertDefaultoption(BaseClass.java:504)
	at com.salesforce.automation.SalesforceLeads_Testcases.verifyListitemTodaysLeads(SalesforceLeads_Testcases.java:129)
	at java.base/jdk.internal.reflect.NativeMethodAccessorImpl.invoke0(Native Method)
	at java.base/jdk.internal.reflect.NativeMethodAccessorImpl.invoke(NativeMethodAccessorImpl.java:77)
	at java.base/jdk.internal.reflect.DelegatingMethodAccessorImpl.invoke(DelegatingMethodAccessorImpl.java:43)
	at java.base/java.lang.reflect.Method.invoke(Method.java:568)
	at org.testng.internal.invokers.MethodInvocationHelper.invokeMethod(MethodInvocationHelper.java:139)
	at org.testng.internal.invokers.TestInvoker.invokeMethod(TestInvoker.java:677)
	at org.testng.internal.invokers.TestInvoker.invokeTestMethod(TestInvoker.java:221)
	at org.testng.internal.invokers.MethodRunner.runInSequence(MethodRunner.java:50)
	at org.testng.internal.invokers.TestInvoker$MethodInvocationAgent.invoke(TestInvoker.java:969)
	at org.testng.internal.invokers.TestInvoker.invokeTestMethods(TestInvoker.java:194)
	at org.testng.internal.invokers.TestMethodWorker.invokeTestMethods(TestMethodWorker.java:148)
	at org.testng.internal.invokers.TestMethodWorker.run(TestMethodWorker.java:128)
	at java.base/java.util.ArrayList.forEach(ArrayList.java:1511)
	at org.testng.TestRunner.privateRun(TestRunner.java:829)
	at org.testng.TestRunner.run(TestRunner.java:602)
	at org.testng.SuiteRunner.runTest(SuiteRunner.java:437)
	at org.testng.SuiteRunner.runSequentially(SuiteRunner.java:431)
	at org.testng.SuiteRunner.privateRun(SuiteRunner.java:391)
	at org.testng.SuiteRunner.run(SuiteRunner.java:330)
	at org.testng.SuiteRunnerWorker.runSuite(SuiteRunnerWorker.java:52)
	at org.testng.SuiteRunnerWorker.run(SuiteRunnerWorker.java:95)
	at org.testng.TestNG.runSuitesSequentially(TestNG.java:1256)
	at org.testng.TestNG.runSuitesLocally(TestNG.java:1176)
	at org.testng.TestNG.runSuites(TestNG.java:1099)
	at org.testng.TestNG.run(TestNG.java:1067)
	at org.apache.maven.surefire.testng.TestNGExecutor.run(TestNGExecutor.java:308)
	at org.apache.maven.surefire.testng.TestNGXmlTestSuite.execute(TestNGXmlTestSuite.java:71)
	at org.apache.maven.surefire.testng.TestNGProvider.invoke(TestNGProvider.java:113)
	at org.apache.maven.surefire.booter.ForkedBooter.runSuitesInProcess(ForkedBooter.java:385)
	at org.apache.maven.surefire.booter.ForkedBooter.execute(ForkedBooter.java:162)
	at org.apache.maven.surefire.booter.ForkedBooter.run(ForkedBooter.java:507)
	at org.apache.maven.surefire.booter.ForkedBooter.main(ForkedBooter.java:495)
]]></failure>
    <system-out><![CDATA[2024-02-19 17:10:01,035 INFO  SalesforceListenerUtility.java:36 - leadsSelectView.......test execution sucess........
ObjectLogger->com.aventstack.extentreports.ExtentTest@581d5b33
2024-02-19 17:10:16,240 INFO  BaseClass.java:242 - browser is closed
2024-02-19 17:10:16,252 INFO  BaseClass.java:59 - Browser instance has started
2024-02-19 17:10:17,840 INFO  BaseClass.java:231 - https://login.salesforce.com/ is launched
2024-02-19 17:10:17,840 INFO  BaseClass.java:472 - Waiting until page loads within  expectedtime period
2024-02-19 17:10:17,843 INFO  SalesforceListenerUtility.java:27 - verifyListitemTodaysLeads.......test execution started........
2024-02-19 17:10:17,847 INFO  BaseClass.java:271 - Current URL is = https://login.salesforce.com/
2024-02-19 17:10:17,847 INFO  BaseClass.java:274 - https://login.salesforce.com/  matched with https://login.salesforce.com/
ObjectLogger->com.aventstack.extentreports.ExtentTest@77e5c765
2024-02-19 17:10:17,847 INFO  SalesforceLeads_Testcases.java:26 - Current URL assertion passed
2024-02-19 17:10:18,497 INFO  BaseClass.java:94 - email_field is IS WAITED FOR VISIBLITY
ObjectLogger->com.aventstack.extentreports.ExtentTest@77e5c765
2024-02-19 17:10:18,671 INFO  BaseClass.java:145 - [[ChromeDriver: chrome on MAC (30d580f5a78772de0811c13eff4d4e90)] -> xpath: //*[@id='username']]Is enabled and clicked
ObjectLogger->com.aventstack.extentreports.ExtentTest@77e5c765
2024-02-19 17:10:18,787 INFO  BaseClass.java:150 - UsernameIs displayed  in textarea
ObjectLogger->com.aventstack.extentreports.ExtentTest@77e5c765
2024-02-19 17:10:18,787 INFO  BaseSalesForceClass.java:66 - Email is entered in a Field 
2024-02-19 17:10:19,015 INFO  BaseClass.java:145 - [[ChromeDriver: chrome on MAC (30d580f5a78772de0811c13eff4d4e90)] -> xpath: //*[@id='password']]Is enabled and clicked
ObjectLogger->com.aventstack.extentreports.ExtentTest@77e5c765
2024-02-19 17:10:19,044 INFO  BaseClass.java:150 - PasswordIs displayed  in textarea
ObjectLogger->com.aventstack.extentreports.ExtentTest@77e5c765
2024-02-19 17:10:19,044 INFO  BaseSalesForceClass.java:70 - Password is entered in a Field 
2024-02-19 17:10:19,076 INFO  BaseClass.java:94 - Login  IS WAITED FOR VISIBLITY
ObjectLogger->com.aventstack.extentreports.ExtentTest@77e5c765
2024-02-19 17:10:21,672 INFO  BaseClass.java:213 - login  Is enabled and clicked
ObjectLogger->com.aventstack.extentreports.ExtentTest@77e5c765
2024-02-19 17:10:21,672 INFO  BaseSalesForceClass.java:75 - Successfully logged to the Home page
ObjectLogger->com.aventstack.extentreports.ExtentTest@77e5c765
2024-02-19 17:10:23,722 INFO  BaseClass.java:257 - Home Page ~ Salesforce - Developer Edition  matched with Home Page ~ Salesforce - Developer Edition
ObjectLogger->com.aventstack.extentreports.ExtentTest@77e5c765
2024-02-19 17:10:23,722 INFO  SalesforceLeads_Testcases.java:29 - Title assertion passed
2024-02-19 17:10:24,721 INFO  BaseClass.java:213 - LeadsIs enabled and clicked
ObjectLogger->com.aventstack.extentreports.ExtentTest@77e5c765
2024-02-19 17:10:24,725 INFO  BaseClass.java:257 - Leads: Home ~ Salesforce - Developer Edition  matched with Leads: Home ~ Salesforce - Developer Edition
ObjectLogger->com.aventstack.extentreports.ExtentTest@77e5c765
2024-02-19 17:10:24,726 INFO  SalesforceLeads_Testcases.java:39 - All assertion passed
ObjectLogger->com.aventstack.extentreports.ExtentTest@77e5c765
2024-02-19 17:10:24,800 INFO  BaseClass.java:530 - Dropdown element is clicked
ObjectLogger->com.aventstack.extentreports.ExtentTest@77e5c765
2024-02-19 17:10:25,699 INFO  BaseClass.java:535 - Text 'Today's Leads' is selected from dropdown
2024-02-19 17:10:25,705 ERROR BaseClass.java:545 - Desired Visible textToday's Leadsis not selected
]]></system-out>
    <system-err><![CDATA[Starting ChromeDriver 121.0.6167.184 (057a8ae7deb3374d0f1b04b36304d236f0136188-refs/branch-heads/6167@{#1818}) on port 6191
Only local connections are allowed.
Please see https://chromedriver.chromium.org/security-considerations for suggestions on keeping ChromeDriver safe.
ChromeDriver was started successfully.
Feb 19, 2024 5:10:17 PM org.openqa.selenium.remote.ProtocolHandshake createSession
INFO: Detected dialect: W3C
]]></system-err>
  </testcase>
  <testcase name="verifyNewButtonOnLeads" classname="com.salesforce.automation.SalesforceLeads_Testcases" time="11.706">
    <system-out><![CDATA[2024-02-19 17:10:25,715 ERROR SalesforceListenerUtility.java:45 - verifyListitemTodaysLeads.......test execution completed with failure........
ObjectLogger->com.aventstack.extentreports.ExtentTest@77e5c765
2024-02-19 17:10:26,118 INFO  BaseClass.java:424 - captures the screenshot
ObjectLogger->com.aventstack.extentreports.ExtentTest@77e5c765
ObjectLogger->com.aventstack.extentreports.ExtentTest@77e5c765
ObjectLogger->com.aventstack.extentreports.ExtentTest@77e5c765
2024-02-19 17:10:26,244 INFO  BaseClass.java:242 - browser is closed
2024-02-19 17:10:26,259 INFO  BaseClass.java:59 - Browser instance has started
2024-02-19 17:10:27,950 INFO  BaseClass.java:231 - https://login.salesforce.com/ is launched
2024-02-19 17:10:27,950 INFO  BaseClass.java:472 - Waiting until page loads within  expectedtime period
2024-02-19 17:10:27,952 INFO  SalesforceListenerUtility.java:27 - verifyNewButtonOnLeads.......test execution started........
2024-02-19 17:10:27,959 INFO  BaseClass.java:271 - Current URL is = https://login.salesforce.com/
2024-02-19 17:10:27,959 INFO  BaseClass.java:274 - https://login.salesforce.com/  matched with https://login.salesforce.com/
ObjectLogger->com.aventstack.extentreports.ExtentTest@23b087c3
2024-02-19 17:10:27,959 INFO  SalesforceLeads_Testcases.java:26 - Current URL assertion passed
2024-02-19 17:10:28,629 INFO  BaseClass.java:94 - email_field is IS WAITED FOR VISIBLITY
ObjectLogger->com.aventstack.extentreports.ExtentTest@23b087c3
2024-02-19 17:10:29,023 INFO  BaseClass.java:145 - [[ChromeDriver: chrome on MAC (d89187201e8b6bfd4bc24ab1fd6ce7e6)] -> xpath: //*[@id='username']]Is enabled and clicked
ObjectLogger->com.aventstack.extentreports.ExtentTest@23b087c3
2024-02-19 17:10:29,153 INFO  BaseClass.java:150 - UsernameIs displayed  in textarea
ObjectLogger->com.aventstack.extentreports.ExtentTest@23b087c3
2024-02-19 17:10:29,153 INFO  BaseSalesForceClass.java:66 - Email is entered in a Field 
2024-02-19 17:10:29,289 INFO  BaseClass.java:145 - [[ChromeDriver: chrome on MAC (d89187201e8b6bfd4bc24ab1fd6ce7e6)] -> xpath: //*[@id='password']]Is enabled and clicked
ObjectLogger->com.aventstack.extentreports.ExtentTest@23b087c3
2024-02-19 17:10:29,331 INFO  BaseClass.java:150 - PasswordIs displayed  in textarea
ObjectLogger->com.aventstack.extentreports.ExtentTest@23b087c3
2024-02-19 17:10:29,331 INFO  BaseSalesForceClass.java:70 - Password is entered in a Field 
2024-02-19 17:10:29,399 INFO  BaseClass.java:94 - Login  IS WAITED FOR VISIBLITY
ObjectLogger->com.aventstack.extentreports.ExtentTest@23b087c3
2024-02-19 17:10:31,420 INFO  BaseClass.java:213 - login  Is enabled and clicked
ObjectLogger->com.aventstack.extentreports.ExtentTest@23b087c3
2024-02-19 17:10:31,420 INFO  BaseSalesForceClass.java:75 - Successfully logged to the Home page
ObjectLogger->com.aventstack.extentreports.ExtentTest@23b087c3
2024-02-19 17:10:33,142 INFO  BaseClass.java:257 - Home Page ~ Salesforce - Developer Edition  matched with Home Page ~ Salesforce - Developer Edition
ObjectLogger->com.aventstack.extentreports.ExtentTest@23b087c3
2024-02-19 17:10:33,143 INFO  SalesforceLeads_Testcases.java:29 - Title assertion passed
2024-02-19 17:10:34,078 INFO  BaseClass.java:213 - LeadsIs enabled and clicked
ObjectLogger->com.aventstack.extentreports.ExtentTest@23b087c3
2024-02-19 17:10:34,083 INFO  BaseClass.java:257 - Leads: Home ~ Salesforce - Developer Edition  matched with Leads: Home ~ Salesforce - Developer Edition
ObjectLogger->com.aventstack.extentreports.ExtentTest@23b087c3
2024-02-19 17:10:34,084 INFO  SalesforceLeads_Testcases.java:39 - All assertion passed
ObjectLogger->com.aventstack.extentreports.ExtentTest@23b087c3
2024-02-19 17:10:34,650 INFO  BaseClass.java:213 - New ..Is enabled and clicked
ObjectLogger->com.aventstack.extentreports.ExtentTest@23b087c3
2024-02-19 17:10:34,655 INFO  BaseClass.java:271 - Current URL is = https://dan000000cz3teag-dev-ed.develop.my.salesforce.com/00Q/e?retURL=%2F00Q%2Fo
2024-02-19 17:10:34,655 INFO  BaseClass.java:274 - https://dan000000cz3teag-dev-ed.develop.my.salesforce.com/00Q/e?retURL=%2F00Q%2Fo  matched with https://dan000000cz3teag-dev-ed.develop.my.salesforce.com/00Q/e?retURL=%2F00Q%2Fo
ObjectLogger->com.aventstack.extentreports.ExtentTest@23b087c3
All required fields is not null and its is displaying
2024-02-19 17:10:34,806 INFO  BaseClass.java:145 - [[ChromeDriver: chrome on MAC (d89187201e8b6bfd4bc24ab1fd6ce7e6)] -> xpath: //*[@id='name_firstlea2']]Is enabled and clicked
ObjectLogger->com.aventstack.extentreports.ExtentTest@23b087c3
2024-02-19 17:10:34,839 INFO  BaseClass.java:150 - AB data Is displayed  in textarea
ObjectLogger->com.aventstack.extentreports.ExtentTest@23b087c3
2024-02-19 17:10:34,905 INFO  BaseClass.java:145 - [[ChromeDriver: chrome on MAC (d89187201e8b6bfd4bc24ab1fd6ce7e6)] -> xpath: //*[@id='name_lastlea2']]Is enabled and clicked
ObjectLogger->com.aventstack.extentreports.ExtentTest@23b087c3
2024-02-19 17:10:34,938 INFO  BaseClass.java:150 - ABCD lastname data Is displayed  in textarea
ObjectLogger->com.aventstack.extentreports.ExtentTest@23b087c3
2024-02-19 17:10:35,011 INFO  BaseClass.java:145 - [[ChromeDriver: chrome on MAC (d89187201e8b6bfd4bc24ab1fd6ce7e6)] -> xpath: //*[@id='lea3']]Is enabled and clicked
ObjectLogger->com.aventstack.extentreports.ExtentTest@23b087c3
2024-02-19 17:10:35,043 INFO  BaseClass.java:150 - ABCD Company data Is displayed  in textarea
ObjectLogger->com.aventstack.extentreports.ExtentTest@23b087c3
2024-02-19 17:10:38,631 INFO  BaseClass.java:213 - Save Is enabled and clicked
ObjectLogger->com.aventstack.extentreports.ExtentTest@23b087c3
2024-02-19 17:10:39,658 INFO  BaseClass.java:460 - Actual value AB ABCD match the expected valueAB ABCD
ObjectLogger->com.aventstack.extentreports.ExtentTest@23b087c3
2024-02-19 17:10:39,659 INFO  SalesforceLeads_Testcases.java:174 - All assertion passed
ObjectLogger->com.aventstack.extentreports.ExtentTest@23b087c3
]]></system-out>
    <system-err><![CDATA[Starting ChromeDriver 121.0.6167.184 (057a8ae7deb3374d0f1b04b36304d236f0136188-refs/branch-heads/6167@{#1818}) on port 11789
Only local connections are allowed.
Please see https://chromedriver.chromium.org/security-considerations for suggestions on keeping ChromeDriver safe.
ChromeDriver was started successfully.
Feb 19, 2024 5:10:27 PM org.openqa.selenium.remote.ProtocolHandshake createSession
INFO: Detected dialect: W3C
]]></system-err>
  </testcase>
  <testcase name="blockingAnEventCalender" classname="com.salesforce.automation.SalesforceRandomScenarios_Testcases" time="4.746">
    <failure message="expected [Home Page ~ Salesforce - Developer Edition] but found []" type="java.lang.AssertionError"><![CDATA[java.lang.AssertionError: expected [Home Page ~ Salesforce - Developer Edition] but found []
	at org.testng.Assert.fail(Assert.java:110)
	at org.testng.Assert.failNotEquals(Assert.java:1577)
	at org.testng.Assert.assertEqualsImpl(Assert.java:149)
	at org.testng.Assert.assertEquals(Assert.java:131)
	at org.testng.Assert.assertEquals(Assert.java:655)
	at org.testng.Assert.assertEquals(Assert.java:665)
	at com.salesforce.base.BaseClass.assertTitle(BaseClass.java:256)
	at com.salesforce.automation.SalesforceRandomScenarios_Testcases.blockingAnEventCalender(SalesforceRandomScenarios_Testcases.java:298)
	at java.base/jdk.internal.reflect.NativeMethodAccessorImpl.invoke0(Native Method)
	at java.base/jdk.internal.reflect.NativeMethodAccessorImpl.invoke(NativeMethodAccessorImpl.java:77)
	at java.base/jdk.internal.reflect.DelegatingMethodAccessorImpl.invoke(DelegatingMethodAccessorImpl.java:43)
	at java.base/java.lang.reflect.Method.invoke(Method.java:568)
	at org.testng.internal.invokers.MethodInvocationHelper.invokeMethod(MethodInvocationHelper.java:139)
	at org.testng.internal.invokers.TestInvoker.invokeMethod(TestInvoker.java:677)
	at org.testng.internal.invokers.TestInvoker.invokeTestMethod(TestInvoker.java:221)
	at org.testng.internal.invokers.MethodRunner.runInSequence(MethodRunner.java:50)
	at org.testng.internal.invokers.TestInvoker$MethodInvocationAgent.invoke(TestInvoker.java:969)
	at org.testng.internal.invokers.TestInvoker.invokeTestMethods(TestInvoker.java:194)
	at org.testng.internal.invokers.TestMethodWorker.invokeTestMethods(TestMethodWorker.java:148)
	at org.testng.internal.invokers.TestMethodWorker.run(TestMethodWorker.java:128)
	at java.base/java.util.ArrayList.forEach(ArrayList.java:1511)
	at org.testng.TestRunner.privateRun(TestRunner.java:829)
	at org.testng.TestRunner.run(TestRunner.java:602)
	at org.testng.SuiteRunner.runTest(SuiteRunner.java:437)
	at org.testng.SuiteRunner.runSequentially(SuiteRunner.java:431)
	at org.testng.SuiteRunner.privateRun(SuiteRunner.java:391)
	at org.testng.SuiteRunner.run(SuiteRunner.java:330)
	at org.testng.SuiteRunnerWorker.runSuite(SuiteRunnerWorker.java:52)
	at org.testng.SuiteRunnerWorker.run(SuiteRunnerWorker.java:95)
	at org.testng.TestNG.runSuitesSequentially(TestNG.java:1256)
	at org.testng.TestNG.runSuitesLocally(TestNG.java:1176)
	at org.testng.TestNG.runSuites(TestNG.java:1099)
	at org.testng.TestNG.run(TestNG.java:1067)
	at org.apache.maven.surefire.testng.TestNGExecutor.run(TestNGExecutor.java:308)
	at org.apache.maven.surefire.testng.TestNGXmlTestSuite.execute(TestNGXmlTestSuite.java:71)
	at org.apache.maven.surefire.testng.TestNGProvider.invoke(TestNGProvider.java:113)
	at org.apache.maven.surefire.booter.ForkedBooter.runSuitesInProcess(ForkedBooter.java:385)
	at org.apache.maven.surefire.booter.ForkedBooter.execute(ForkedBooter.java:162)
	at org.apache.maven.surefire.booter.ForkedBooter.run(ForkedBooter.java:507)
	at org.apache.maven.surefire.booter.ForkedBooter.main(ForkedBooter.java:495)
]]></failure>
    <system-out><![CDATA[2024-02-19 17:10:39,659 INFO  SalesforceListenerUtility.java:36 - verifyNewButtonOnLeads.......test execution sucess........
ObjectLogger->com.aventstack.extentreports.ExtentTest@23b087c3
2024-02-19 17:10:39,808 INFO  BaseClass.java:242 - browser is closed
2024-02-19 17:10:39,814 INFO  SalesforceListenerUtility.java:70 - .......<test> execution completed........
2024-02-19 17:10:39,874 INFO  SalesforceListenerUtility.java:62 - .......<test> execution started........
2024-02-19 17:10:42,698 INFO  BaseClass.java:70 - Browser instance has started
2024-02-19 17:10:43,463 INFO  BaseClass.java:231 - https://login.salesforce.com/ is launched
2024-02-19 17:10:43,463 INFO  BaseClass.java:472 - Waiting until page loads within  expectedtime period
2024-02-19 17:10:43,471 INFO  SalesforceListenerUtility.java:27 - blockingAnEventCalender.......test execution started........
2024-02-19 17:10:43,473 INFO  BaseClass.java:271 - Current URL is = https://login.salesforce.com/
2024-02-19 17:10:43,474 INFO  BaseClass.java:274 - https://login.salesforce.com/  matched with https://login.salesforce.com/
ObjectLogger->com.aventstack.extentreports.ExtentTest@5a5c2889
2024-02-19 17:10:44,148 INFO  BaseClass.java:94 - email_field is IS WAITED FOR VISIBLITY
ObjectLogger->com.aventstack.extentreports.ExtentTest@5a5c2889
2024-02-19 17:10:44,982 INFO  BaseClass.java:145 - [[FirefoxDriver: firefox on MAC (ae9b3109-0907-4e08-b2ba-79d7886f16ef)] -> xpath: //*[@id='username']]Is enabled and clicked
ObjectLogger->com.aventstack.extentreports.ExtentTest@5a5c2889
2024-02-19 17:10:44,996 INFO  BaseClass.java:150 - UsernameIs displayed  in textarea
ObjectLogger->com.aventstack.extentreports.ExtentTest@5a5c2889
2024-02-19 17:10:44,997 INFO  BaseSalesForceClass.java:66 - Email is entered in a Field 
2024-02-19 17:10:45,220 INFO  BaseClass.java:145 - [[FirefoxDriver: firefox on MAC (ae9b3109-0907-4e08-b2ba-79d7886f16ef)] -> xpath: //*[@id='password']]Is enabled and clicked
ObjectLogger->com.aventstack.extentreports.ExtentTest@5a5c2889
2024-02-19 17:10:45,229 INFO  BaseClass.java:150 - PasswordIs displayed  in textarea
ObjectLogger->com.aventstack.extentreports.ExtentTest@5a5c2889
2024-02-19 17:10:45,230 INFO  BaseSalesForceClass.java:70 - Password is entered in a Field 
2024-02-19 17:10:45,244 INFO  BaseClass.java:94 - Login  IS WAITED FOR VISIBLITY
ObjectLogger->com.aventstack.extentreports.ExtentTest@5a5c2889
2024-02-19 17:10:48,214 INFO  BaseClass.java:213 - login  Is enabled and clicked
ObjectLogger->com.aventstack.extentreports.ExtentTest@5a5c2889
2024-02-19 17:10:48,215 INFO  BaseSalesForceClass.java:75 - Successfully logged to the Home page
ObjectLogger->com.aventstack.extentreports.ExtentTest@5a5c2889
2024-02-19 17:10:48,217 ERROR BaseClass.java:260 - not   matched with Home Page ~ Salesforce - Developer Edition
]]></system-out>
    <system-err><![CDATA[1708391439906	geckodriver	INFO	Listening on 127.0.0.1:32568
1708391439921	mozrunner::runner	INFO	Running command: MOZ_CRASHREPORTER="1" MOZ_CRASHREPORTER_NO_REPORT="1" MOZ_CRASHREPORTER_SHUTDOWN="1" MOZ_NO_REMOTE="1" "/App ... "--marionette" "-foreground" "-no-remote" "-profile" "/var/folders/gx/qjsbcn6d6d33b4myp5smvrgr0000gp/T/rust_mozprofile3D0IlZ"
console.warn: services.settings: Ignoring preference override of remote settings server
console.warn: services.settings: Allow by setting MOZ_REMOTE_SETTINGS_DEVTOOLS=1 in the environment
1708391440516	Marionette	INFO	Marionette enabled
1708391440767	Marionette	INFO	Listening on port 58705
Read port: 58705
1708391441468	RemoteAgent	WARN	TLS certificate errors will be ignored for this session
Feb 19, 2024 5:10:42 PM org.openqa.selenium.remote.ProtocolHandshake createSession
INFO: Detected dialect: W3C
1708391444774	Marionette	WARN	TimedPromise timed out after 500 ms: stacktrace:
TimedPromise/<@chrome://remote/content/marionette/sync.sys.mjs:219:24
TimedPromise@chrome://remote/content/marionette/sync.sys.mjs:203:10
interaction.flushEventLoop@chrome://remote/content/marionette/interaction.sys.mjs:466:10
webdriverClickElement@chrome://remote/content/marionette/interaction.sys.mjs:219:33
e@https://www.salesforce.com/etc/clientlibs/sfdc-aem-master/clientlibs_www_tags.min.js:2:111
@https://www.salesforce.com/etc/clientlibs/sfdc-aem-master/clientlibs_www_tags.min.js:2:146
@https://www.salesforce.com/etc/clientlibs/sfdc-aem-master/clientlibs_www_tags.min.js:2:395
@https://www.salesforce.com/etc/clientlibs/sfdc-aem-master/clientlibs_www_tags.min.js:2:399
console.warn: LoginRecipes: "Falling back to a synchronous message for: https://login.salesforce.com."
console.warn: LoginRecipes: "Falling back to a synchronous message for: https://login.salesforce.com."
]]></system-err>
  </testcase>
  <testcase name="verifyAccountHolder" classname="com.salesforce.automation.SalesforceRandomScenarios_Testcases" time="1.302">
    <failure message="expected [Home Page ~ Salesforce - Developer Edition] but found [Login | Salesforce]" type="java.lang.AssertionError"><![CDATA[java.lang.AssertionError: expected [Home Page ~ Salesforce - Developer Edition] but found [Login | Salesforce]
	at org.testng.Assert.fail(Assert.java:110)
	at org.testng.Assert.failNotEquals(Assert.java:1577)
	at org.testng.Assert.assertEqualsImpl(Assert.java:149)
	at org.testng.Assert.assertEquals(Assert.java:131)
	at org.testng.Assert.assertEquals(Assert.java:655)
	at org.testng.Assert.assertEquals(Assert.java:665)
	at com.salesforce.base.BaseClass.assertTitle(BaseClass.java:256)
	at com.salesforce.automation.SalesforceRandomScenarios_Testcases.verifyAccountHolder(SalesforceRandomScenarios_Testcases.java:42)
	at java.base/jdk.internal.reflect.NativeMethodAccessorImpl.invoke0(Native Method)
	at java.base/jdk.internal.reflect.NativeMethodAccessorImpl.invoke(NativeMethodAccessorImpl.java:77)
	at java.base/jdk.internal.reflect.DelegatingMethodAccessorImpl.invoke(DelegatingMethodAccessorImpl.java:43)
	at java.base/java.lang.reflect.Method.invoke(Method.java:568)
	at org.testng.internal.invokers.MethodInvocationHelper.invokeMethod(MethodInvocationHelper.java:139)
	at org.testng.internal.invokers.TestInvoker.invokeMethod(TestInvoker.java:677)
	at org.testng.internal.invokers.TestInvoker.invokeTestMethod(TestInvoker.java:221)
	at org.testng.internal.invokers.MethodRunner.runInSequence(MethodRunner.java:50)
	at org.testng.internal.invokers.TestInvoker$MethodInvocationAgent.invoke(TestInvoker.java:969)
	at org.testng.internal.invokers.TestInvoker.invokeTestMethods(TestInvoker.java:194)
	at org.testng.internal.invokers.TestMethodWorker.invokeTestMethods(TestMethodWorker.java:148)
	at org.testng.internal.invokers.TestMethodWorker.run(TestMethodWorker.java:128)
	at java.base/java.util.ArrayList.forEach(ArrayList.java:1511)
	at org.testng.TestRunner.privateRun(TestRunner.java:829)
	at org.testng.TestRunner.run(TestRunner.java:602)
	at org.testng.SuiteRunner.runTest(SuiteRunner.java:437)
	at org.testng.SuiteRunner.runSequentially(SuiteRunner.java:431)
	at org.testng.SuiteRunner.privateRun(SuiteRunner.java:391)
	at org.testng.SuiteRunner.run(SuiteRunner.java:330)
	at org.testng.SuiteRunnerWorker.runSuite(SuiteRunnerWorker.java:52)
	at org.testng.SuiteRunnerWorker.run(SuiteRunnerWorker.java:95)
	at org.testng.TestNG.runSuitesSequentially(TestNG.java:1256)
	at org.testng.TestNG.runSuitesLocally(TestNG.java:1176)
	at org.testng.TestNG.runSuites(TestNG.java:1099)
	at org.testng.TestNG.run(TestNG.java:1067)
	at org.apache.maven.surefire.testng.TestNGExecutor.run(TestNGExecutor.java:308)
	at org.apache.maven.surefire.testng.TestNGXmlTestSuite.execute(TestNGXmlTestSuite.java:71)
	at org.apache.maven.surefire.testng.TestNGProvider.invoke(TestNGProvider.java:113)
	at org.apache.maven.surefire.booter.ForkedBooter.runSuitesInProcess(ForkedBooter.java:385)
	at org.apache.maven.surefire.booter.ForkedBooter.execute(ForkedBooter.java:162)
	at org.apache.maven.surefire.booter.ForkedBooter.run(ForkedBooter.java:507)
	at org.apache.maven.surefire.booter.ForkedBooter.main(ForkedBooter.java:495)
]]></failure>
    <system-out><![CDATA[2024-02-19 17:10:48,218 ERROR SalesforceListenerUtility.java:45 - blockingAnEventCalender.......test execution completed with failure........
ObjectLogger->com.aventstack.extentreports.ExtentTest@5a5c2889
2024-02-19 17:10:48,331 INFO  BaseClass.java:424 - captures the screenshot
ObjectLogger->com.aventstack.extentreports.ExtentTest@5a5c2889
ObjectLogger->com.aventstack.extentreports.ExtentTest@5a5c2889
ObjectLogger->com.aventstack.extentreports.ExtentTest@5a5c2889
2024-02-19 17:10:49,206 INFO  BaseClass.java:242 - browser is closed
2024-02-19 17:10:51,965 INFO  BaseClass.java:70 - Browser instance has started
2024-02-19 17:10:52,645 INFO  BaseClass.java:231 - https://login.salesforce.com/ is launched
2024-02-19 17:10:52,645 INFO  BaseClass.java:472 - Waiting until page loads within  expectedtime period
2024-02-19 17:10:52,649 INFO  SalesforceListenerUtility.java:27 - verifyAccountHolder.......test execution started........
2024-02-19 17:10:52,651 INFO  BaseClass.java:271 - Current URL is = https://login.salesforce.com/
2024-02-19 17:10:52,651 INFO  BaseClass.java:274 - https://login.salesforce.com/  matched with https://login.salesforce.com/
ObjectLogger->com.aventstack.extentreports.ExtentTest@62f73b0c
2024-02-19 17:10:52,651 INFO  SalesforceRandomScenarios_Testcases.java:39 - Current URL assertion passed
2024-02-19 17:10:53,205 INFO  BaseClass.java:94 - email_field is IS WAITED FOR VISIBLITY
ObjectLogger->com.aventstack.extentreports.ExtentTest@62f73b0c
2024-02-19 17:10:53,446 INFO  BaseClass.java:145 - [[FirefoxDriver: firefox on MAC (de50530e-de93-4201-9335-efd63b20ca55)] -> xpath: //*[@id='username']]Is enabled and clicked
ObjectLogger->com.aventstack.extentreports.ExtentTest@62f73b0c
2024-02-19 17:10:53,453 INFO  BaseClass.java:150 - UsernameIs displayed  in textarea
ObjectLogger->com.aventstack.extentreports.ExtentTest@62f73b0c
2024-02-19 17:10:53,453 INFO  BaseSalesForceClass.java:66 - Email is entered in a Field 
2024-02-19 17:10:53,721 INFO  BaseClass.java:145 - [[FirefoxDriver: firefox on MAC (de50530e-de93-4201-9335-efd63b20ca55)] -> xpath: //*[@id='password']]Is enabled and clicked
ObjectLogger->com.aventstack.extentreports.ExtentTest@62f73b0c
2024-02-19 17:10:53,731 INFO  BaseClass.java:150 - PasswordIs displayed  in textarea
ObjectLogger->com.aventstack.extentreports.ExtentTest@62f73b0c
2024-02-19 17:10:53,731 INFO  BaseSalesForceClass.java:70 - Password is entered in a Field 
2024-02-19 17:10:53,748 INFO  BaseClass.java:94 - Login  IS WAITED FOR VISIBLITY
ObjectLogger->com.aventstack.extentreports.ExtentTest@62f73b0c
2024-02-19 17:10:53,948 INFO  BaseClass.java:213 - login  Is enabled and clicked
ObjectLogger->com.aventstack.extentreports.ExtentTest@62f73b0c
2024-02-19 17:10:53,948 INFO  BaseSalesForceClass.java:75 - Successfully logged to the Home page
ObjectLogger->com.aventstack.extentreports.ExtentTest@62f73b0c
2024-02-19 17:10:53,950 ERROR BaseClass.java:260 - Login | Salesforcenot   matched with Home Page ~ Salesforce - Developer Edition
]]></system-out>
    <system-err><![CDATA[1708391448336	Marionette	INFO	Stopped listening on port 58705
1708391449228	geckodriver	INFO	Listening on 127.0.0.1:11407
1708391449239	mozrunner::runner	INFO	Running command: MOZ_CRASHREPORTER="1" MOZ_CRASHREPORTER_NO_REPORT="1" MOZ_CRASHREPORTER_SHUTDOWN="1" MOZ_NO_REMOTE="1" "/App ... "--marionette" "-foreground" "-no-remote" "-profile" "/var/folders/gx/qjsbcn6d6d33b4myp5smvrgr0000gp/T/rust_mozprofilekIP4DH"
console.warn: services.settings: Ignoring preference override of remote settings server
console.warn: services.settings: Allow by setting MOZ_REMOTE_SETTINGS_DEVTOOLS=1 in the environment
1708391449829	Marionette	INFO	Marionette enabled
1708391450046	Marionette	INFO	Listening on port 58825
Read port: 58825
1708391450729	RemoteAgent	WARN	TLS certificate errors will be ignored for this session
Feb 19, 2024 5:10:51 PM org.openqa.selenium.remote.ProtocolHandshake createSession
INFO: Detected dialect: W3C
console.warn: LoginRecipes: "Falling back to a synchronous message for: https://login.salesforce.com."
console.warn: LoginRecipes: "Falling back to a synchronous message for: https://login.salesforce.com."
]]></system-err>
  </testcase>
  <testcase name="verifylastnameEdit_Variousplace" classname="com.salesforce.automation.SalesforceRandomScenarios_Testcases" time="4.32">
    <failure message="expected [Home Page ~ Salesforce - Developer Edition] but found []" type="java.lang.AssertionError"><![CDATA[java.lang.AssertionError: expected [Home Page ~ Salesforce - Developer Edition] but found []
	at org.testng.Assert.fail(Assert.java:110)
	at org.testng.Assert.failNotEquals(Assert.java:1577)
	at org.testng.Assert.assertEqualsImpl(Assert.java:149)
	at org.testng.Assert.assertEquals(Assert.java:131)
	at org.testng.Assert.assertEquals(Assert.java:655)
	at org.testng.Assert.assertEquals(Assert.java:665)
	at com.salesforce.base.BaseClass.assertTitle(BaseClass.java:256)
	at com.salesforce.automation.SalesforceRandomScenarios_Testcases.verifylastnameEdit_Variousplace(SalesforceRandomScenarios_Testcases.java:79)
	at java.base/jdk.internal.reflect.NativeMethodAccessorImpl.invoke0(Native Method)
	at java.base/jdk.internal.reflect.NativeMethodAccessorImpl.invoke(NativeMethodAccessorImpl.java:77)
	at java.base/jdk.internal.reflect.DelegatingMethodAccessorImpl.invoke(DelegatingMethodAccessorImpl.java:43)
	at java.base/java.lang.reflect.Method.invoke(Method.java:568)
	at org.testng.internal.invokers.MethodInvocationHelper.invokeMethod(MethodInvocationHelper.java:139)
	at org.testng.internal.invokers.TestInvoker.invokeMethod(TestInvoker.java:677)
	at org.testng.internal.invokers.TestInvoker.invokeTestMethod(TestInvoker.java:221)
	at org.testng.internal.invokers.MethodRunner.runInSequence(MethodRunner.java:50)
	at org.testng.internal.invokers.TestInvoker$MethodInvocationAgent.invoke(TestInvoker.java:969)
	at org.testng.internal.invokers.TestInvoker.invokeTestMethods(TestInvoker.java:194)
	at org.testng.internal.invokers.TestMethodWorker.invokeTestMethods(TestMethodWorker.java:148)
	at org.testng.internal.invokers.TestMethodWorker.run(TestMethodWorker.java:128)
	at java.base/java.util.ArrayList.forEach(ArrayList.java:1511)
	at org.testng.TestRunner.privateRun(TestRunner.java:829)
	at org.testng.TestRunner.run(TestRunner.java:602)
	at org.testng.SuiteRunner.runTest(SuiteRunner.java:437)
	at org.testng.SuiteRunner.runSequentially(SuiteRunner.java:431)
	at org.testng.SuiteRunner.privateRun(SuiteRunner.java:391)
	at org.testng.SuiteRunner.run(SuiteRunner.java:330)
	at org.testng.SuiteRunnerWorker.runSuite(SuiteRunnerWorker.java:52)
	at org.testng.SuiteRunnerWorker.run(SuiteRunnerWorker.java:95)
	at org.testng.TestNG.runSuitesSequentially(TestNG.java:1256)
	at org.testng.TestNG.runSuitesLocally(TestNG.java:1176)
	at org.testng.TestNG.runSuites(TestNG.java:1099)
	at org.testng.TestNG.run(TestNG.java:1067)
	at org.apache.maven.surefire.testng.TestNGExecutor.run(TestNGExecutor.java:308)
	at org.apache.maven.surefire.testng.TestNGXmlTestSuite.execute(TestNGXmlTestSuite.java:71)
	at org.apache.maven.surefire.testng.TestNGProvider.invoke(TestNGProvider.java:113)
	at org.apache.maven.surefire.booter.ForkedBooter.runSuitesInProcess(ForkedBooter.java:385)
	at org.apache.maven.surefire.booter.ForkedBooter.execute(ForkedBooter.java:162)
	at org.apache.maven.surefire.booter.ForkedBooter.run(ForkedBooter.java:507)
	at org.apache.maven.surefire.booter.ForkedBooter.main(ForkedBooter.java:495)
]]></failure>
    <system-out><![CDATA[2024-02-19 17:10:53,951 ERROR SalesforceListenerUtility.java:45 - verifyAccountHolder.......test execution completed with failure........
ObjectLogger->com.aventstack.extentreports.ExtentTest@62f73b0c
2024-02-19 17:10:54,178 INFO  BaseClass.java:424 - captures the screenshot
ObjectLogger->com.aventstack.extentreports.ExtentTest@62f73b0c
ObjectLogger->com.aventstack.extentreports.ExtentTest@62f73b0c
ObjectLogger->com.aventstack.extentreports.ExtentTest@62f73b0c
2024-02-19 17:10:54,988 INFO  BaseClass.java:242 - browser is closed
2024-02-19 17:10:57,640 INFO  BaseClass.java:70 - Browser instance has started
2024-02-19 17:10:58,308 INFO  BaseClass.java:231 - https://login.salesforce.com/ is launched
2024-02-19 17:10:58,308 INFO  BaseClass.java:472 - Waiting until page loads within  expectedtime period
2024-02-19 17:10:58,317 INFO  SalesforceListenerUtility.java:27 - verifylastnameEdit_Variousplace.......test execution started........
2024-02-19 17:10:58,884 INFO  BaseClass.java:94 - email_field is IS WAITED FOR VISIBLITY
ObjectLogger->com.aventstack.extentreports.ExtentTest@6464f017
2024-02-19 17:10:59,752 INFO  BaseClass.java:145 - [[FirefoxDriver: firefox on MAC (9dbff81c-b6ae-41fb-a082-1f55987921ed)] -> xpath: //*[@id='username']]Is enabled and clicked
ObjectLogger->com.aventstack.extentreports.ExtentTest@6464f017
2024-02-19 17:10:59,767 INFO  BaseClass.java:150 - UsernameIs displayed  in textarea
ObjectLogger->com.aventstack.extentreports.ExtentTest@6464f017
2024-02-19 17:10:59,767 INFO  BaseSalesForceClass.java:66 - Email is entered in a Field 
2024-02-19 17:10:59,994 INFO  BaseClass.java:145 - [[FirefoxDriver: firefox on MAC (9dbff81c-b6ae-41fb-a082-1f55987921ed)] -> xpath: //*[@id='password']]Is enabled and clicked
ObjectLogger->com.aventstack.extentreports.ExtentTest@6464f017
2024-02-19 17:11:00,003 INFO  BaseClass.java:150 - PasswordIs displayed  in textarea
ObjectLogger->com.aventstack.extentreports.ExtentTest@6464f017
2024-02-19 17:11:00,003 INFO  BaseSalesForceClass.java:70 - Password is entered in a Field 
2024-02-19 17:11:00,018 INFO  BaseClass.java:94 - Login  IS WAITED FOR VISIBLITY
ObjectLogger->com.aventstack.extentreports.ExtentTest@6464f017
2024-02-19 17:11:02,634 INFO  BaseClass.java:213 - login  Is enabled and clicked
ObjectLogger->com.aventstack.extentreports.ExtentTest@6464f017
2024-02-19 17:11:02,634 INFO  BaseSalesForceClass.java:75 - Successfully logged to the Home page
ObjectLogger->com.aventstack.extentreports.ExtentTest@6464f017
2024-02-19 17:11:02,636 ERROR BaseClass.java:260 - not   matched with Home Page ~ Salesforce - Developer Edition
]]></system-out>
    <system-err><![CDATA[1708391454190	Marionette	INFO	Stopped listening on port 58825
JavaScript warning: https://login.salesforce.com/marketing/survey/survey4/1386, line 14: Script terminated by timeout at:
c@https://login.salesforce.com/marketing/survey/survey4/1386:14:187

1708391455014	geckodriver	INFO	Listening on 127.0.0.1:31758
1708391455028	mozrunner::runner	INFO	Running command: MOZ_CRASHREPORTER="1" MOZ_CRASHREPORTER_NO_REPORT="1" MOZ_CRASHREPORTER_SHUTDOWN="1" MOZ_NO_REMOTE="1" "/App ... "--marionette" "-foreground" "-no-remote" "-profile" "/var/folders/gx/qjsbcn6d6d33b4myp5smvrgr0000gp/T/rust_mozprofile3ZjbNl"
console.warn: services.settings: Ignoring preference override of remote settings server
console.warn: services.settings: Allow by setting MOZ_REMOTE_SETTINGS_DEVTOOLS=1 in the environment
1708391455606	Marionette	INFO	Marionette enabled
1708391455833	Marionette	INFO	Listening on port 58922
Read port: 58922
1708391456375	RemoteAgent	WARN	TLS certificate errors will be ignored for this session
Feb 19, 2024 5:10:57 PM org.openqa.selenium.remote.ProtocolHandshake createSession
INFO: Detected dialect: W3C
1708391459527	Marionette	WARN	TimedPromise timed out after 500 ms: stacktrace:
TimedPromise/<@chrome://remote/content/marionette/sync.sys.mjs:219:24
TimedPromise@chrome://remote/content/marionette/sync.sys.mjs:203:10
interaction.flushEventLoop@chrome://remote/content/marionette/interaction.sys.mjs:466:10
webdriverClickElement@chrome://remote/content/marionette/interaction.sys.mjs:219:33
e@https://www.salesforce.com/etc/clientlibs/sfdc-aem-master/clientlibs_www_tags.min.js:2:111
@https://www.salesforce.com/etc/clientlibs/sfdc-aem-master/clientlibs_www_tags.min.js:2:146
@https://www.salesforce.com/etc/clientlibs/sfdc-aem-master/clientlibs_www_tags.min.js:2:395
@https://www.salesforce.com/etc/clientlibs/sfdc-aem-master/clientlibs_www_tags.min.js:2:399
console.warn: LoginRecipes: "Falling back to a synchronous message for: https://login.salesforce.com."
console.warn: LoginRecipes: "Falling back to a synchronous message for: https://login.salesforce.com."
]]></system-err>
  </testcase>
  <testcase name="verifytabcustomization" classname="com.salesforce.automation.SalesforceRandomScenarios_Testcases" time="4.45">
    <failure message="Unable to locate element: //li[@id=&apos;AllTab_Tab&apos;]/a[@href]&#10;For documentation on this error, please visit: https://www.seleniumhq.org/exceptions/no_such_element.html&#10;Build info: version: &apos;3.141.59&apos;, revision: &apos;e82be7d358&apos;, time: &apos;2018-11-14T08:17:03&apos;&#10;System info: host: &apos;Nitins-MacBook-Pro.local&apos;, ip: &apos;2601:646:8084:4d20:0:0:0:ec4a%en0&apos;, os.name: &apos;Mac OS X&apos;, os.arch: &apos;x86_64&apos;, os.version: &apos;11.4&apos;, java.version: &apos;17.0.10&apos;&#10;Driver info: org.openqa.selenium.firefox.FirefoxDriver&#10;Capabilities {acceptInsecureCerts: true, browserName: firefox, browserVersion: 120.0.1, javascriptEnabled: true, moz:accessibilityChecks: false, moz:buildID: 20231129155202, moz:geckodriverVersion: 0.33.0, moz:headless: false, moz:platformVersion: 20.5.0, moz:processID: 49665, moz:profile: /var/folders/gx/qjsbcn6d6d3..., moz:shutdownTimeout: 60000, moz:webdriverClick: true, moz:windowless: false, pageLoadStrategy: normal, platform: MAC, platformName: MAC, proxy: Proxy(), setWindowRect: true, strictFileInteractability: false, timeouts: {implicit: 0, pageLoad: 300000, script: 30000}, unhandledPromptBehavior: dismiss and notify}&#10;Session ID: e72bab5b-027e-4873-99d0-9bb185e3638d&#10;*** Element info: {Using=xpath, value=//li[@id=&apos;AllTab_Tab&apos;]/a[@href]}" type="org.openqa.selenium.NoSuchElementException"><![CDATA[org.openqa.selenium.NoSuchElementException: 
Unable to locate element: //li[@id='AllTab_Tab']/a[@href]
For documentation on this error, please visit: https://www.seleniumhq.org/exceptions/no_such_element.html
Build info: version: '3.141.59', revision: 'e82be7d358', time: '2018-11-14T08:17:03'
System info: host: 'Nitins-MacBook-Pro.local', ip: '2601:646:8084:4d20:0:0:0:ec4a%en0', os.name: 'Mac OS X', os.arch: 'x86_64', os.version: '11.4', java.version: '17.0.10'
Driver info: org.openqa.selenium.firefox.FirefoxDriver
Capabilities {acceptInsecureCerts: true, browserName: firefox, browserVersion: 120.0.1, javascriptEnabled: true, moz:accessibilityChecks: false, moz:buildID: 20231129155202, moz:geckodriverVersion: 0.33.0, moz:headless: false, moz:platformVersion: 20.5.0, moz:processID: 49665, moz:profile: /var/folders/gx/qjsbcn6d6d3..., moz:shutdownTimeout: 60000, moz:webdriverClick: true, moz:windowless: false, pageLoadStrategy: normal, platform: MAC, platformName: MAC, proxy: Proxy(), setWindowRect: true, strictFileInteractability: false, timeouts: {implicit: 0, pageLoad: 300000, script: 30000}, unhandledPromptBehavior: dismiss and notify}
Session ID: e72bab5b-027e-4873-99d0-9bb185e3638d
*** Element info: {Using=xpath, value=//li[@id='AllTab_Tab']/a[@href]}
	at java.base/jdk.internal.reflect.NativeConstructorAccessorImpl.newInstance0(Native Method)
	at java.base/jdk.internal.reflect.NativeConstructorAccessorImpl.newInstance(NativeConstructorAccessorImpl.java:77)
	at java.base/jdk.internal.reflect.DelegatingConstructorAccessorImpl.newInstance(DelegatingConstructorAccessorImpl.java:45)
	at java.base/java.lang.reflect.Constructor.newInstanceWithCaller(Constructor.java:499)
	at java.base/java.lang.reflect.Constructor.newInstance(Constructor.java:480)
	at org.openqa.selenium.remote.http.W3CHttpResponseCodec.createException(W3CHttpResponseCodec.java:187)
	at org.openqa.selenium.remote.http.W3CHttpResponseCodec.decode(W3CHttpResponseCodec.java:122)
	at org.openqa.selenium.remote.http.W3CHttpResponseCodec.decode(W3CHttpResponseCodec.java:49)
	at org.openqa.selenium.remote.HttpCommandExecutor.execute(HttpCommandExecutor.java:158)
	at org.openqa.selenium.remote.service.DriverCommandExecutor.execute(DriverCommandExecutor.java:83)
	at org.openqa.selenium.remote.RemoteWebDriver.execute(RemoteWebDriver.java:552)
	at org.openqa.selenium.remote.RemoteWebDriver.findElement(RemoteWebDriver.java:323)
	at org.openqa.selenium.remote.RemoteWebDriver.findElementByXPath(RemoteWebDriver.java:428)
	at org.openqa.selenium.By$ByXPath.findElement(By.java:353)
	at org.openqa.selenium.remote.RemoteWebDriver.findElement(RemoteWebDriver.java:315)
	at com.salesforce.automation.SalesforceRandomScenarios_Testcases.verifytabcustomization(SalesforceRandomScenarios_Testcases.java:205)
	at java.base/jdk.internal.reflect.NativeMethodAccessorImpl.invoke0(Native Method)
	at java.base/jdk.internal.reflect.NativeMethodAccessorImpl.invoke(NativeMethodAccessorImpl.java:77)
	at java.base/jdk.internal.reflect.DelegatingMethodAccessorImpl.invoke(DelegatingMethodAccessorImpl.java:43)
	at java.base/java.lang.reflect.Method.invoke(Method.java:568)
	at org.testng.internal.invokers.MethodInvocationHelper.invokeMethod(MethodInvocationHelper.java:139)
	at org.testng.internal.invokers.TestInvoker.invokeMethod(TestInvoker.java:677)
	at org.testng.internal.invokers.TestInvoker.invokeTestMethod(TestInvoker.java:221)
	at org.testng.internal.invokers.MethodRunner.runInSequence(MethodRunner.java:50)
	at org.testng.internal.invokers.TestInvoker$MethodInvocationAgent.invoke(TestInvoker.java:969)
	at org.testng.internal.invokers.TestInvoker.invokeTestMethods(TestInvoker.java:194)
	at org.testng.internal.invokers.TestMethodWorker.invokeTestMethods(TestMethodWorker.java:148)
	at org.testng.internal.invokers.TestMethodWorker.run(TestMethodWorker.java:128)
	at java.base/java.util.ArrayList.forEach(ArrayList.java:1511)
	at org.testng.TestRunner.privateRun(TestRunner.java:829)
	at org.testng.TestRunner.run(TestRunner.java:602)
	at org.testng.SuiteRunner.runTest(SuiteRunner.java:437)
	at org.testng.SuiteRunner.runSequentially(SuiteRunner.java:431)
	at org.testng.SuiteRunner.privateRun(SuiteRunner.java:391)
	at org.testng.SuiteRunner.run(SuiteRunner.java:330)
	at org.testng.SuiteRunnerWorker.runSuite(SuiteRunnerWorker.java:52)
	at org.testng.SuiteRunnerWorker.run(SuiteRunnerWorker.java:95)
	at org.testng.TestNG.runSuitesSequentially(TestNG.java:1256)
	at org.testng.TestNG.runSuitesLocally(TestNG.java:1176)
	at org.testng.TestNG.runSuites(TestNG.java:1099)
	at org.testng.TestNG.run(TestNG.java:1067)
	at org.apache.maven.surefire.testng.TestNGExecutor.run(TestNGExecutor.java:308)
	at org.apache.maven.surefire.testng.TestNGXmlTestSuite.execute(TestNGXmlTestSuite.java:71)
	at org.apache.maven.surefire.testng.TestNGProvider.invoke(TestNGProvider.java:113)
	at org.apache.maven.surefire.booter.ForkedBooter.runSuitesInProcess(ForkedBooter.java:385)
	at org.apache.maven.surefire.booter.ForkedBooter.execute(ForkedBooter.java:162)
	at org.apache.maven.surefire.booter.ForkedBooter.run(ForkedBooter.java:507)
	at org.apache.maven.surefire.booter.ForkedBooter.main(ForkedBooter.java:495)
]]></failure>
    <system-out><![CDATA[2024-02-19 17:11:02,637 ERROR SalesforceListenerUtility.java:45 - verifylastnameEdit_Variousplace.......test execution completed with failure........
ObjectLogger->com.aventstack.extentreports.ExtentTest@6464f017
2024-02-19 17:11:02,728 INFO  BaseClass.java:424 - captures the screenshot
ObjectLogger->com.aventstack.extentreports.ExtentTest@6464f017
ObjectLogger->com.aventstack.extentreports.ExtentTest@6464f017
ObjectLogger->com.aventstack.extentreports.ExtentTest@6464f017
2024-02-19 17:11:03,498 INFO  BaseClass.java:242 - browser is closed
2024-02-19 17:11:06,350 INFO  BaseClass.java:70 - Browser instance has started
2024-02-19 17:11:06,962 INFO  BaseClass.java:231 - https://login.salesforce.com/ is launched
2024-02-19 17:11:06,963 INFO  BaseClass.java:472 - Waiting until page loads within  expectedtime period
2024-02-19 17:11:06,972 INFO  SalesforceListenerUtility.java:27 - verifytabcustomization.......test execution started........
2024-02-19 17:11:07,555 INFO  BaseClass.java:94 - email_field is IS WAITED FOR VISIBLITY
ObjectLogger->com.aventstack.extentreports.ExtentTest@5c7d675c
2024-02-19 17:11:08,375 INFO  BaseClass.java:145 - [[FirefoxDriver: firefox on MAC (e72bab5b-027e-4873-99d0-9bb185e3638d)] -> xpath: //*[@id='username']]Is enabled and clicked
ObjectLogger->com.aventstack.extentreports.ExtentTest@5c7d675c
2024-02-19 17:11:08,388 INFO  BaseClass.java:150 - UsernameIs displayed  in textarea
ObjectLogger->com.aventstack.extentreports.ExtentTest@5c7d675c
2024-02-19 17:11:08,388 INFO  BaseSalesForceClass.java:66 - Email is entered in a Field 
2024-02-19 17:11:08,638 INFO  BaseClass.java:145 - [[FirefoxDriver: firefox on MAC (e72bab5b-027e-4873-99d0-9bb185e3638d)] -> xpath: //*[@id='password']]Is enabled and clicked
ObjectLogger->com.aventstack.extentreports.ExtentTest@5c7d675c
2024-02-19 17:11:08,647 INFO  BaseClass.java:150 - PasswordIs displayed  in textarea
ObjectLogger->com.aventstack.extentreports.ExtentTest@5c7d675c
2024-02-19 17:11:08,647 INFO  BaseSalesForceClass.java:70 - Password is entered in a Field 
2024-02-19 17:11:08,662 INFO  BaseClass.java:94 - Login  IS WAITED FOR VISIBLITY
ObjectLogger->com.aventstack.extentreports.ExtentTest@5c7d675c
2024-02-19 17:11:11,410 INFO  BaseClass.java:213 - login  Is enabled and clicked
ObjectLogger->com.aventstack.extentreports.ExtentTest@5c7d675c
2024-02-19 17:11:11,411 INFO  BaseSalesForceClass.java:75 - Successfully logged to the Home page
ObjectLogger->com.aventstack.extentreports.ExtentTest@5c7d675c
]]></system-out>
    <system-err><![CDATA[1708391462733	Marionette	INFO	Stopped listening on port 58922
1708391463527	geckodriver	INFO	Listening on 127.0.0.1:37918
1708391463551	mozrunner::runner	INFO	Running command: MOZ_CRASHREPORTER="1" MOZ_CRASHREPORTER_NO_REPORT="1" MOZ_CRASHREPORTER_SHUTDOWN="1" MOZ_NO_REMOTE="1" "/App ... "--marionette" "-foreground" "-no-remote" "-profile" "/var/folders/gx/qjsbcn6d6d33b4myp5smvrgr0000gp/T/rust_mozprofileqTWHhg"
console.warn: services.settings: Ignoring preference override of remote settings server
console.warn: services.settings: Allow by setting MOZ_REMOTE_SETTINGS_DEVTOOLS=1 in the environment
1708391464146	Marionette	INFO	Marionette enabled
1708391464359	Marionette	INFO	Listening on port 59037
Read port: 59037
1708391465021	RemoteAgent	WARN	TLS certificate errors will be ignored for this session
Feb 19, 2024 5:11:06 PM org.openqa.selenium.remote.ProtocolHandshake createSession
INFO: Detected dialect: W3C
1708391468167	Marionette	WARN	TimedPromise timed out after 500 ms: stacktrace:
TimedPromise/<@chrome://remote/content/marionette/sync.sys.mjs:219:24
TimedPromise@chrome://remote/content/marionette/sync.sys.mjs:203:10
interaction.flushEventLoop@chrome://remote/content/marionette/interaction.sys.mjs:466:10
webdriverClickElement@chrome://remote/content/marionette/interaction.sys.mjs:219:33
e@https://www.salesforce.com/etc/clientlibs/sfdc-aem-master/clientlibs_www_tags.min.js:2:111
@https://www.salesforce.com/etc/clientlibs/sfdc-aem-master/clientlibs_www_tags.min.js:2:146
@https://www.salesforce.com/etc/clientlibs/sfdc-aem-master/clientlibs_www_tags.min.js:2:395
@https://www.salesforce.com/etc/clientlibs/sfdc-aem-master/clientlibs_www_tags.min.js:2:399
console.warn: LoginRecipes: "Falling back to a synchronous message for: https://login.salesforce.com."
console.warn: LoginRecipes: "Falling back to a synchronous message for: https://login.salesforce.com."
]]></system-err>
  </testcase>
  <testcase name="weeklyrecurranceCalender" classname="com.salesforce.automation.SalesforceRandomScenarios_Testcases" time="4.161">
    <failure message="expected [Home Page ~ Salesforce - Developer Edition] but found []" type="java.lang.AssertionError"><![CDATA[java.lang.AssertionError: expected [Home Page ~ Salesforce - Developer Edition] but found []
	at org.testng.Assert.fail(Assert.java:110)
	at org.testng.Assert.failNotEquals(Assert.java:1577)
	at org.testng.Assert.assertEqualsImpl(Assert.java:149)
	at org.testng.Assert.assertEquals(Assert.java:131)
	at org.testng.Assert.assertEquals(Assert.java:655)
	at org.testng.Assert.assertEquals(Assert.java:665)
	at com.salesforce.base.BaseClass.assertTitle(BaseClass.java:256)
	at com.salesforce.automation.SalesforceRandomScenarios_Testcases.weeklyrecurranceCalender(SalesforceRandomScenarios_Testcases.java:476)
	at java.base/jdk.internal.reflect.NativeMethodAccessorImpl.invoke0(Native Method)
	at java.base/jdk.internal.reflect.NativeMethodAccessorImpl.invoke(NativeMethodAccessorImpl.java:77)
	at java.base/jdk.internal.reflect.DelegatingMethodAccessorImpl.invoke(DelegatingMethodAccessorImpl.java:43)
	at java.base/java.lang.reflect.Method.invoke(Method.java:568)
	at org.testng.internal.invokers.MethodInvocationHelper.invokeMethod(MethodInvocationHelper.java:139)
	at org.testng.internal.invokers.TestInvoker.invokeMethod(TestInvoker.java:677)
	at org.testng.internal.invokers.TestInvoker.invokeTestMethod(TestInvoker.java:221)
	at org.testng.internal.invokers.MethodRunner.runInSequence(MethodRunner.java:50)
	at org.testng.internal.invokers.TestInvoker$MethodInvocationAgent.invoke(TestInvoker.java:969)
	at org.testng.internal.invokers.TestInvoker.invokeTestMethods(TestInvoker.java:194)
	at org.testng.internal.invokers.TestMethodWorker.invokeTestMethods(TestMethodWorker.java:148)
	at org.testng.internal.invokers.TestMethodWorker.run(TestMethodWorker.java:128)
	at java.base/java.util.ArrayList.forEach(ArrayList.java:1511)
	at org.testng.TestRunner.privateRun(TestRunner.java:829)
	at org.testng.TestRunner.run(TestRunner.java:602)
	at org.testng.SuiteRunner.runTest(SuiteRunner.java:437)
	at org.testng.SuiteRunner.runSequentially(SuiteRunner.java:431)
	at org.testng.SuiteRunner.privateRun(SuiteRunner.java:391)
	at org.testng.SuiteRunner.run(SuiteRunner.java:330)
	at org.testng.SuiteRunnerWorker.runSuite(SuiteRunnerWorker.java:52)
	at org.testng.SuiteRunnerWorker.run(SuiteRunnerWorker.java:95)
	at org.testng.TestNG.runSuitesSequentially(TestNG.java:1256)
	at org.testng.TestNG.runSuitesLocally(TestNG.java:1176)
	at org.testng.TestNG.runSuites(TestNG.java:1099)
	at org.testng.TestNG.run(TestNG.java:1067)
	at org.apache.maven.surefire.testng.TestNGExecutor.run(TestNGExecutor.java:308)
	at org.apache.maven.surefire.testng.TestNGXmlTestSuite.execute(TestNGXmlTestSuite.java:71)
	at org.apache.maven.surefire.testng.TestNGProvider.invoke(TestNGProvider.java:113)
	at org.apache.maven.surefire.booter.ForkedBooter.runSuitesInProcess(ForkedBooter.java:385)
	at org.apache.maven.surefire.booter.ForkedBooter.execute(ForkedBooter.java:162)
	at org.apache.maven.surefire.booter.ForkedBooter.run(ForkedBooter.java:507)
	at org.apache.maven.surefire.booter.ForkedBooter.main(ForkedBooter.java:495)
]]></failure>
    <system-out><![CDATA[2024-02-19 17:11:11,422 ERROR SalesforceListenerUtility.java:45 - verifytabcustomization.......test execution completed with failure........
ObjectLogger->com.aventstack.extentreports.ExtentTest@5c7d675c
2024-02-19 17:11:11,504 INFO  BaseClass.java:424 - captures the screenshot
ObjectLogger->com.aventstack.extentreports.ExtentTest@5c7d675c
ObjectLogger->com.aventstack.extentreports.ExtentTest@5c7d675c
ObjectLogger->com.aventstack.extentreports.ExtentTest@5c7d675c
2024-02-19 17:11:12,311 INFO  BaseClass.java:242 - browser is closed
2024-02-19 17:11:14,837 INFO  BaseClass.java:70 - Browser instance has started
2024-02-19 17:11:15,484 INFO  BaseClass.java:231 - https://login.salesforce.com/ is launched
2024-02-19 17:11:15,484 INFO  BaseClass.java:472 - Waiting until page loads within  expectedtime period
2024-02-19 17:11:15,489 INFO  SalesforceListenerUtility.java:27 - weeklyrecurranceCalender.......test execution started........
2024-02-19 17:11:15,491 INFO  BaseClass.java:271 - Current URL is = https://login.salesforce.com/
2024-02-19 17:11:15,491 INFO  BaseClass.java:274 - https://login.salesforce.com/  matched with https://login.salesforce.com/
ObjectLogger->com.aventstack.extentreports.ExtentTest@58038583
2024-02-19 17:11:15,491 INFO  SalesforceRandomScenarios_Testcases.java:473 - Current URL assertion passed
2024-02-19 17:11:16,057 INFO  BaseClass.java:94 - email_field is IS WAITED FOR VISIBLITY
ObjectLogger->com.aventstack.extentreports.ExtentTest@58038583
2024-02-19 17:11:16,856 INFO  BaseClass.java:145 - [[FirefoxDriver: firefox on MAC (a2bb6d0a-d94c-40c6-a5d5-05d39893517a)] -> xpath: //*[@id='username']]Is enabled and clicked
ObjectLogger->com.aventstack.extentreports.ExtentTest@58038583
2024-02-19 17:11:16,870 INFO  BaseClass.java:150 - UsernameIs displayed  in textarea
ObjectLogger->com.aventstack.extentreports.ExtentTest@58038583
2024-02-19 17:11:16,871 INFO  BaseSalesForceClass.java:66 - Email is entered in a Field 
2024-02-19 17:11:17,096 INFO  BaseClass.java:145 - [[FirefoxDriver: firefox on MAC (a2bb6d0a-d94c-40c6-a5d5-05d39893517a)] -> xpath: //*[@id='password']]Is enabled and clicked
ObjectLogger->com.aventstack.extentreports.ExtentTest@58038583
2024-02-19 17:11:17,106 INFO  BaseClass.java:150 - PasswordIs displayed  in textarea
ObjectLogger->com.aventstack.extentreports.ExtentTest@58038583
2024-02-19 17:11:17,106 INFO  BaseSalesForceClass.java:70 - Password is entered in a Field 
2024-02-19 17:11:17,122 INFO  BaseClass.java:94 - Login  IS WAITED FOR VISIBLITY
ObjectLogger->com.aventstack.extentreports.ExtentTest@58038583
2024-02-19 17:11:19,643 INFO  BaseClass.java:213 - login  Is enabled and clicked
ObjectLogger->com.aventstack.extentreports.ExtentTest@58038583
2024-02-19 17:11:19,644 INFO  BaseSalesForceClass.java:75 - Successfully logged to the Home page
ObjectLogger->com.aventstack.extentreports.ExtentTest@58038583
2024-02-19 17:11:19,649 ERROR BaseClass.java:260 - not   matched with Home Page ~ Salesforce - Developer Edition
]]></system-out>
    <system-err><![CDATA[1708391471509	Marionette	INFO	Stopped listening on port 59037
1708391472335	geckodriver	INFO	Listening on 127.0.0.1:48784
1708391472347	mozrunner::runner	INFO	Running command: MOZ_CRASHREPORTER="1" MOZ_CRASHREPORTER_NO_REPORT="1" MOZ_CRASHREPORTER_SHUTDOWN="1" MOZ_NO_REMOTE="1" "/App ... "--marionette" "-foreground" "-no-remote" "-profile" "/var/folders/gx/qjsbcn6d6d33b4myp5smvrgr0000gp/T/rust_mozprofileOyA5Ym"
console.warn: services.settings: Ignoring preference override of remote settings server
console.warn: services.settings: Allow by setting MOZ_REMOTE_SETTINGS_DEVTOOLS=1 in the environment
1708391472896	Marionette	INFO	Marionette enabled
1708391473113	Marionette	INFO	Listening on port 59155
Read port: 59155
1708391473653	RemoteAgent	WARN	TLS certificate errors will be ignored for this session
Feb 19, 2024 5:11:14 PM org.openqa.selenium.remote.ProtocolHandshake createSession
INFO: Detected dialect: W3C
1708391476641	Marionette	WARN	TimedPromise timed out after 500 ms: stacktrace:
TimedPromise/<@chrome://remote/content/marionette/sync.sys.mjs:219:24
TimedPromise@chrome://remote/content/marionette/sync.sys.mjs:203:10
interaction.flushEventLoop@chrome://remote/content/marionette/interaction.sys.mjs:466:10
webdriverClickElement@chrome://remote/content/marionette/interaction.sys.mjs:219:33
e@https://www.salesforce.com/etc/clientlibs/sfdc-aem-master/clientlibs_www_tags.min.js:2:111
@https://www.salesforce.com/etc/clientlibs/sfdc-aem-master/clientlibs_www_tags.min.js:2:146
@https://www.salesforce.com/etc/clientlibs/sfdc-aem-master/clientlibs_www_tags.min.js:2:395
@https://www.salesforce.com/etc/clientlibs/sfdc-aem-master/clientlibs_www_tags.min.js:2:399
console.warn: LoginRecipes: "Falling back to a synchronous message for: https://login.salesforce.com."
console.warn: LoginRecipes: "Falling back to a synchronous message for: https://login.salesforce.com."
]]></system-err>
  </testcase>
  <testcase name="checkCancelButtn_NewView" classname="com.salesforce.automation.SalesforceContact_Testcases" time="8.298">
    <system-out><![CDATA[2024-02-19 17:11:19,650 ERROR SalesforceListenerUtility.java:45 - weeklyrecurranceCalender.......test execution completed with failure........
ObjectLogger->com.aventstack.extentreports.ExtentTest@58038583
2024-02-19 17:11:19,762 INFO  BaseClass.java:424 - captures the screenshot
ObjectLogger->com.aventstack.extentreports.ExtentTest@58038583
ObjectLogger->com.aventstack.extentreports.ExtentTest@58038583
ObjectLogger->com.aventstack.extentreports.ExtentTest@58038583
2024-02-19 17:11:20,709 INFO  BaseClass.java:242 - browser is closed
2024-02-19 17:11:20,756 INFO  SalesforceListenerUtility.java:70 - .......<test> execution completed........
2024-02-19 17:11:20,847 INFO  SalesforceListenerUtility.java:62 - .......<test> execution started........
2024-02-19 17:11:20,860 INFO  BaseClass.java:59 - Browser instance has started
2024-02-19 17:11:22,524 INFO  BaseClass.java:231 - https://login.salesforce.com/ is launched
2024-02-19 17:11:22,525 INFO  BaseClass.java:472 - Waiting until page loads within  expectedtime period
2024-02-19 17:11:22,528 INFO  SalesforceListenerUtility.java:27 - checkCancelButtn_NewView.......test execution started........
2024-02-19 17:11:22,535 INFO  BaseClass.java:271 - Current URL is = https://login.salesforce.com/
2024-02-19 17:11:22,535 INFO  BaseClass.java:274 - https://login.salesforce.com/  matched with https://login.salesforce.com/
ObjectLogger->com.aventstack.extentreports.ExtentTest@133d0471
2024-02-19 17:11:23,199 INFO  BaseClass.java:94 - email_field is IS WAITED FOR VISIBLITY
ObjectLogger->com.aventstack.extentreports.ExtentTest@133d0471
2024-02-19 17:11:23,352 INFO  BaseClass.java:145 - [[ChromeDriver: chrome on MAC (0834e1694891d8ddb3dc35f7a3781616)] -> xpath: //*[@id='username']]Is enabled and clicked
ObjectLogger->com.aventstack.extentreports.ExtentTest@133d0471
2024-02-19 17:11:23,633 INFO  BaseClass.java:150 - UsernameIs displayed  in textarea
ObjectLogger->com.aventstack.extentreports.ExtentTest@133d0471
2024-02-19 17:11:23,633 INFO  BaseSalesForceClass.java:66 - Email is entered in a Field 
2024-02-19 17:11:23,741 INFO  BaseClass.java:145 - [[ChromeDriver: chrome on MAC (0834e1694891d8ddb3dc35f7a3781616)] -> xpath: //*[@id='password']]Is enabled and clicked
ObjectLogger->com.aventstack.extentreports.ExtentTest@133d0471
2024-02-19 17:11:23,787 INFO  BaseClass.java:150 - PasswordIs displayed  in textarea
ObjectLogger->com.aventstack.extentreports.ExtentTest@133d0471
2024-02-19 17:11:23,787 INFO  BaseSalesForceClass.java:70 - Password is entered in a Field 
2024-02-19 17:11:23,890 INFO  BaseClass.java:94 - Login  IS WAITED FOR VISIBLITY
ObjectLogger->com.aventstack.extentreports.ExtentTest@133d0471
2024-02-19 17:11:28,132 INFO  BaseClass.java:213 - login  Is enabled and clicked
ObjectLogger->com.aventstack.extentreports.ExtentTest@133d0471
2024-02-19 17:11:28,133 INFO  BaseSalesForceClass.java:75 - Successfully logged to the Home page
ObjectLogger->com.aventstack.extentreports.ExtentTest@133d0471
2024-02-19 17:11:28,139 INFO  BaseClass.java:257 - Home Page ~ Salesforce - Developer Edition  matched with Home Page ~ Salesforce - Developer Edition
ObjectLogger->com.aventstack.extentreports.ExtentTest@133d0471
2024-02-19 17:11:28,157 INFO  BaseClass.java:117 - Contact tab  IS WAITED FOR clickable
2024-02-19 17:11:28,816 INFO  BaseClass.java:213 - Contacts  Is enabled and clicked
ObjectLogger->com.aventstack.extentreports.ExtentTest@133d0471
2024-02-19 17:11:28,822 INFO  BaseClass.java:257 - Contacts: Home ~ Salesforce - Developer Edition  matched with Contacts: Home ~ Salesforce - Developer Edition
ObjectLogger->com.aventstack.extentreports.ExtentTest@133d0471
2024-02-19 17:11:29,566 INFO  BaseClass.java:213 - New view link is Is enabled and clicked
ObjectLogger->com.aventstack.extentreports.ExtentTest@133d0471
2024-02-19 17:11:29,750 INFO  BaseClass.java:145 - [[ChromeDriver: chrome on MAC (0834e1694891d8ddb3dc35f7a3781616)] -> id: fname]Is enabled and clicked
ObjectLogger->com.aventstack.extentreports.ExtentTest@133d0471
2024-02-19 17:11:29,810 INFO  BaseClass.java:150 - View name is Is displayed  in textarea
ObjectLogger->com.aventstack.extentreports.ExtentTest@133d0471
2024-02-19 17:11:29,828 INFO  SalesforceContact_Testcases.java:241 - View name before Cancel is empty
2024-02-19 17:11:29,852 INFO  BaseClass.java:94 -  view name field  IS WAITED FOR VISIBLITY
ObjectLogger->com.aventstack.extentreports.ExtentTest@133d0471
2024-02-19 17:11:29,995 INFO  BaseClass.java:145 - [[ChromeDriver: chrome on MAC (0834e1694891d8ddb3dc35f7a3781616)] -> id: devname]Is enabled and clicked
ObjectLogger->com.aventstack.extentreports.ExtentTest@133d0471
2024-02-19 17:11:30,145 INFO  BaseClass.java:150 - unique contact name Is displayed  in textarea
ObjectLogger->com.aventstack.extentreports.ExtentTest@133d0471
2024-02-19 17:11:30,771 INFO  BaseClass.java:213 - Cancel Is enabled and clicked
ObjectLogger->com.aventstack.extentreports.ExtentTest@133d0471
2024-02-19 17:11:30,780 INFO  BaseClass.java:257 - Contacts: Home ~ Salesforce - Developer Edition  matched with Contacts: Home ~ Salesforce - Developer Edition
ObjectLogger->com.aventstack.extentreports.ExtentTest@133d0471
2024-02-19 17:11:30,824 INFO  SalesforceContact_Testcases.java:253 - View name is not displayed on the new page as expected.
2024-02-19 17:11:30,824 INFO  SalesforceContact_Testcases.java:258 - All assertion passed
ObjectLogger->com.aventstack.extentreports.ExtentTest@133d0471
]]></system-out>
    <system-err><![CDATA[1708391479767	Marionette	INFO	Stopped listening on port 59155
Starting ChromeDriver 121.0.6167.184 (057a8ae7deb3374d0f1b04b36304d236f0136188-refs/branch-heads/6167@{#1818}) on port 15045
Only local connections are allowed.
Please see https://chromedriver.chromium.org/security-considerations for suggestions on keeping ChromeDriver safe.
ChromeDriver was started successfully.
Feb 19, 2024 5:11:21 PM org.openqa.selenium.remote.ProtocolHandshake createSession
INFO: Detected dialect: W3C
]]></system-err>
  </testcase>
  <testcase name="checkSaveNewButtn" classname="com.salesforce.automation.SalesforceContact_Testcases" time="8.47">
    <failure message="no such window&#10;  (Session info: chrome=121.0.6167.184)&#10;Build info: version: &apos;3.141.59&apos;, revision: &apos;e82be7d358&apos;, time: &apos;2018-11-14T08:17:03&apos;&#10;System info: host: &apos;Nitins-MacBook-Pro.local&apos;, ip: &apos;2601:646:8084:4d20:0:0:0:ec4a%en0&apos;, os.name: &apos;Mac OS X&apos;, os.arch: &apos;x86_64&apos;, os.version: &apos;11.4&apos;, java.version: &apos;17.0.10&apos;&#10;Driver info: org.openqa.selenium.chrome.ChromeDriver&#10;Capabilities {acceptInsecureCerts: false, browserName: chrome, browserVersion: 121.0.6167.184, chrome: {chromedriverVersion: 121.0.6167.184 (057a8ae7deb..., userDataDir: /var/folders/gx/qjsbcn6d6d3...}, fedcm:accounts: true, goog:chromeOptions: {debuggerAddress: localhost:59258}, javascriptEnabled: true, networkConnectionEnabled: false, pageLoadStrategy: normal, platform: MAC, platformName: MAC, proxy: Proxy(), setWindowRect: true, strictFileInteractability: false, timeouts: {implicit: 0, pageLoad: 300000, script: 30000}, unhandledPromptBehavior: dismiss and notify, webauthn:extension:credBlob: true, webauthn:extension:largeBlob: true, webauthn:extension:minPinLength: true, webauthn:extension:prf: true, webauthn:virtualAuthenticators: true}&#10;Session ID: c65462b0f941009e14105a884ccdd222" type="org.openqa.selenium.NoSuchWindowException"><![CDATA[org.openqa.selenium.NoSuchWindowException: 
no such window
  (Session info: chrome=121.0.6167.184)
Build info: version: '3.141.59', revision: 'e82be7d358', time: '2018-11-14T08:17:03'
System info: host: 'Nitins-MacBook-Pro.local', ip: '2601:646:8084:4d20:0:0:0:ec4a%en0', os.name: 'Mac OS X', os.arch: 'x86_64', os.version: '11.4', java.version: '17.0.10'
Driver info: org.openqa.selenium.chrome.ChromeDriver
Capabilities {acceptInsecureCerts: false, browserName: chrome, browserVersion: 121.0.6167.184, chrome: {chromedriverVersion: 121.0.6167.184 (057a8ae7deb..., userDataDir: /var/folders/gx/qjsbcn6d6d3...}, fedcm:accounts: true, goog:chromeOptions: {debuggerAddress: localhost:59258}, javascriptEnabled: true, networkConnectionEnabled: false, pageLoadStrategy: normal, platform: MAC, platformName: MAC, proxy: Proxy(), setWindowRect: true, strictFileInteractability: false, timeouts: {implicit: 0, pageLoad: 300000, script: 30000}, unhandledPromptBehavior: dismiss and notify, webauthn:extension:credBlob: true, webauthn:extension:largeBlob: true, webauthn:extension:minPinLength: true, webauthn:extension:prf: true, webauthn:virtualAuthenticators: true}
Session ID: c65462b0f941009e14105a884ccdd222
	at java.base/jdk.internal.reflect.NativeConstructorAccessorImpl.newInstance0(Native Method)
	at java.base/jdk.internal.reflect.NativeConstructorAccessorImpl.newInstance(NativeConstructorAccessorImpl.java:77)
	at java.base/jdk.internal.reflect.DelegatingConstructorAccessorImpl.newInstance(DelegatingConstructorAccessorImpl.java:45)
	at java.base/java.lang.reflect.Constructor.newInstanceWithCaller(Constructor.java:499)
	at java.base/java.lang.reflect.Constructor.newInstance(Constructor.java:480)
	at org.openqa.selenium.remote.http.W3CHttpResponseCodec.createException(W3CHttpResponseCodec.java:187)
	at org.openqa.selenium.remote.http.W3CHttpResponseCodec.decode(W3CHttpResponseCodec.java:122)
	at org.openqa.selenium.remote.http.W3CHttpResponseCodec.decode(W3CHttpResponseCodec.java:49)
	at org.openqa.selenium.remote.HttpCommandExecutor.execute(HttpCommandExecutor.java:158)
	at org.openqa.selenium.remote.service.DriverCommandExecutor.execute(DriverCommandExecutor.java:83)
	at org.openqa.selenium.remote.RemoteWebDriver.execute(RemoteWebDriver.java:552)
	at org.openqa.selenium.remote.RemoteWebDriver$RemoteTargetLocator.window(RemoteWebDriver.java:903)
	at com.salesforce.automation.SalesforceContact_Testcases.checkSaveNewButtn(SalesforceContact_Testcases.java:295)
	at java.base/jdk.internal.reflect.NativeMethodAccessorImpl.invoke0(Native Method)
	at java.base/jdk.internal.reflect.NativeMethodAccessorImpl.invoke(NativeMethodAccessorImpl.java:77)
	at java.base/jdk.internal.reflect.DelegatingMethodAccessorImpl.invoke(DelegatingMethodAccessorImpl.java:43)
	at java.base/java.lang.reflect.Method.invoke(Method.java:568)
	at org.testng.internal.invokers.MethodInvocationHelper.invokeMethod(MethodInvocationHelper.java:139)
	at org.testng.internal.invokers.TestInvoker.invokeMethod(TestInvoker.java:677)
	at org.testng.internal.invokers.TestInvoker.invokeTestMethod(TestInvoker.java:221)
	at org.testng.internal.invokers.MethodRunner.runInSequence(MethodRunner.java:50)
	at org.testng.internal.invokers.TestInvoker$MethodInvocationAgent.invoke(TestInvoker.java:969)
	at org.testng.internal.invokers.TestInvoker.invokeTestMethods(TestInvoker.java:194)
	at org.testng.internal.invokers.TestMethodWorker.invokeTestMethods(TestMethodWorker.java:148)
	at org.testng.internal.invokers.TestMethodWorker.run(TestMethodWorker.java:128)
	at java.base/java.util.ArrayList.forEach(ArrayList.java:1511)
	at org.testng.TestRunner.privateRun(TestRunner.java:829)
	at org.testng.TestRunner.run(TestRunner.java:602)
	at org.testng.SuiteRunner.runTest(SuiteRunner.java:437)
	at org.testng.SuiteRunner.runSequentially(SuiteRunner.java:431)
	at org.testng.SuiteRunner.privateRun(SuiteRunner.java:391)
	at org.testng.SuiteRunner.run(SuiteRunner.java:330)
	at org.testng.SuiteRunnerWorker.runSuite(SuiteRunnerWorker.java:52)
	at org.testng.SuiteRunnerWorker.run(SuiteRunnerWorker.java:95)
	at org.testng.TestNG.runSuitesSequentially(TestNG.java:1256)
	at org.testng.TestNG.runSuitesLocally(TestNG.java:1176)
	at org.testng.TestNG.runSuites(TestNG.java:1099)
	at org.testng.TestNG.run(TestNG.java:1067)
	at org.apache.maven.surefire.testng.TestNGExecutor.run(TestNGExecutor.java:308)
	at org.apache.maven.surefire.testng.TestNGXmlTestSuite.execute(TestNGXmlTestSuite.java:71)
	at org.apache.maven.surefire.testng.TestNGProvider.invoke(TestNGProvider.java:113)
	at org.apache.maven.surefire.booter.ForkedBooter.runSuitesInProcess(ForkedBooter.java:385)
	at org.apache.maven.surefire.booter.ForkedBooter.execute(ForkedBooter.java:162)
	at org.apache.maven.surefire.booter.ForkedBooter.run(ForkedBooter.java:507)
	at org.apache.maven.surefire.booter.ForkedBooter.main(ForkedBooter.java:495)
]]></failure>
    <system-out><![CDATA[2024-02-19 17:11:30,825 INFO  SalesforceListenerUtility.java:36 - checkCancelButtn_NewView.......test execution sucess........
ObjectLogger->com.aventstack.extentreports.ExtentTest@133d0471
2024-02-19 17:11:30,951 INFO  BaseClass.java:242 - browser is closed
2024-02-19 17:11:30,970 INFO  BaseClass.java:59 - Browser instance has started
2024-02-19 17:11:33,891 INFO  BaseClass.java:231 - https://login.salesforce.com/ is launched
2024-02-19 17:11:33,892 INFO  BaseClass.java:472 - Waiting until page loads within  expectedtime period
2024-02-19 17:11:33,896 INFO  SalesforceListenerUtility.java:27 - checkSaveNewButtn.......test execution started........
2024-02-19 17:11:33,909 INFO  BaseClass.java:271 - Current URL is = https://login.salesforce.com/
2024-02-19 17:11:33,909 INFO  BaseClass.java:274 - https://login.salesforce.com/  matched with https://login.salesforce.com/
ObjectLogger->com.aventstack.extentreports.ExtentTest@6f9e6a85
2024-02-19 17:11:34,596 INFO  BaseClass.java:94 - email_field is IS WAITED FOR VISIBLITY
ObjectLogger->com.aventstack.extentreports.ExtentTest@6f9e6a85
2024-02-19 17:11:34,871 INFO  BaseClass.java:145 - [[ChromeDriver: chrome on MAC (c65462b0f941009e14105a884ccdd222)] -> xpath: //*[@id='username']]Is enabled and clicked
ObjectLogger->com.aventstack.extentreports.ExtentTest@6f9e6a85
2024-02-19 17:11:35,175 INFO  BaseClass.java:150 - UsernameIs displayed  in textarea
ObjectLogger->com.aventstack.extentreports.ExtentTest@6f9e6a85
2024-02-19 17:11:35,175 INFO  BaseSalesForceClass.java:66 - Email is entered in a Field 
2024-02-19 17:11:35,422 INFO  BaseClass.java:145 - [[ChromeDriver: chrome on MAC (c65462b0f941009e14105a884ccdd222)] -> xpath: //*[@id='password']]Is enabled and clicked
ObjectLogger->com.aventstack.extentreports.ExtentTest@6f9e6a85
2024-02-19 17:11:35,486 INFO  BaseClass.java:150 - PasswordIs displayed  in textarea
ObjectLogger->com.aventstack.extentreports.ExtentTest@6f9e6a85
2024-02-19 17:11:35,487 INFO  BaseSalesForceClass.java:70 - Password is entered in a Field 
2024-02-19 17:11:35,526 INFO  BaseClass.java:94 - Login  IS WAITED FOR VISIBLITY
ObjectLogger->com.aventstack.extentreports.ExtentTest@6f9e6a85
2024-02-19 17:11:37,594 INFO  BaseClass.java:213 - login  Is enabled and clicked
ObjectLogger->com.aventstack.extentreports.ExtentTest@6f9e6a85
2024-02-19 17:11:37,595 INFO  BaseSalesForceClass.java:75 - Successfully logged to the Home page
ObjectLogger->com.aventstack.extentreports.ExtentTest@6f9e6a85
2024-02-19 17:11:39,445 INFO  BaseClass.java:257 - Home Page ~ Salesforce - Developer Edition  matched with Home Page ~ Salesforce - Developer Edition
ObjectLogger->com.aventstack.extentreports.ExtentTest@6f9e6a85
2024-02-19 17:11:40,488 INFO  BaseClass.java:213 - Contacts  Is enabled and clicked
ObjectLogger->com.aventstack.extentreports.ExtentTest@6f9e6a85
2024-02-19 17:11:41,045 INFO  BaseClass.java:213 - New ..Is enabled and clicked
ObjectLogger->com.aventstack.extentreports.ExtentTest@6f9e6a85
2024-02-19 17:11:41,054 INFO  BaseClass.java:257 - Contact Edit: New Contact ~ Salesforce - Developer Edition  matched with Contact Edit: New Contact ~ Salesforce - Developer Edition
ObjectLogger->com.aventstack.extentreports.ExtentTest@6f9e6a85
2024-02-19 17:11:41,089 INFO  BaseClass.java:94 - Last name  IS WAITED FOR VISIBLITY
ObjectLogger->com.aventstack.extentreports.ExtentTest@6f9e6a85
2024-02-19 17:11:41,188 INFO  BaseClass.java:145 - [[ChromeDriver: chrome on MAC (c65462b0f941009e14105a884ccdd222)] -> id: name_lastcon2]Is enabled and clicked
ObjectLogger->com.aventstack.extentreports.ExtentTest@6f9e6a85
2024-02-19 17:11:41,233 INFO  BaseClass.java:150 - Last name Is displayed  in textarea
ObjectLogger->com.aventstack.extentreports.ExtentTest@6f9e6a85
2024-02-19 17:11:41,273 INFO  BaseClass.java:94 - Account name  IS WAITED FOR VISIBLITY
ObjectLogger->com.aventstack.extentreports.ExtentTest@6f9e6a85
2024-02-19 17:11:41,316 INFO  BaseClass.java:106 - lookup  IS WAITED FOR VISIBLITY OF ELEMENT TO BE LOCATED
ObjectLogger->com.aventstack.extentreports.ExtentTest@6f9e6a85
2024-02-19 17:11:41,635 INFO  BaseClass.java:213 - Look up  image to Find AccountsIs enabled and clicked
ObjectLogger->com.aventstack.extentreports.ExtentTest@6f9e6a85
2
2024-02-19 17:11:41,878 ERROR SalesforceContact_Testcases.java:311 - Lastname and account name fields shuld not be empty 
ObjectLogger->com.aventstack.extentreports.ExtentTest@6f9e6a85
2024-02-19 17:11:42,058 INFO  SalesforceContact_Testcases.java:317 - Switched Parent  window Title is :Contact Edit: New Contact ~ Salesforce - Developer Edition
ObjectLogger->com.aventstack.extentreports.ExtentTest@6f9e6a85
2024-02-19 17:11:42,196 INFO  SalesforceContact_Testcases.java:325 - Account name matches from the selected account names
]]></system-out>
    <system-err><![CDATA[Starting ChromeDriver 121.0.6167.184 (057a8ae7deb3374d0f1b04b36304d236f0136188-refs/branch-heads/6167@{#1818}) on port 22041
Only local connections are allowed.
Please see https://chromedriver.chromium.org/security-considerations for suggestions on keeping ChromeDriver safe.
ChromeDriver was started successfully.
Feb 19, 2024 5:11:32 PM org.openqa.selenium.remote.ProtocolHandshake createSession
INFO: Detected dialect: W3C
]]></system-err>
  </testcase>
  <testcase name="createNewContact" classname="com.salesforce.automation.SalesforceContact_Testcases" time="8.528">
    <failure message="no such element: Unable to locate element: {&quot;method&quot;:&quot;xpath&quot;,&quot;selector&quot;:&quot;//table[@class=&apos;list&apos;]//tr[2]/th/a&quot;}&#10;  (Session info: chrome=121.0.6167.184)&#10;For documentation on this error, please visit: https://www.seleniumhq.org/exceptions/no_such_element.html&#10;Build info: version: &apos;3.141.59&apos;, revision: &apos;e82be7d358&apos;, time: &apos;2018-11-14T08:17:03&apos;&#10;System info: host: &apos;Nitins-MacBook-Pro.local&apos;, ip: &apos;2601:646:8084:4d20:0:0:0:ec4a%en0&apos;, os.name: &apos;Mac OS X&apos;, os.arch: &apos;x86_64&apos;, os.version: &apos;11.4&apos;, java.version: &apos;17.0.10&apos;&#10;Driver info: org.openqa.selenium.chrome.ChromeDriver&#10;Capabilities {acceptInsecureCerts: false, browserName: chrome, browserVersion: 121.0.6167.184, chrome: {chromedriverVersion: 121.0.6167.184 (057a8ae7deb..., userDataDir: /var/folders/gx/qjsbcn6d6d3...}, fedcm:accounts: true, goog:chromeOptions: {debuggerAddress: localhost:59306}, javascriptEnabled: true, networkConnectionEnabled: false, pageLoadStrategy: normal, platform: MAC, platformName: MAC, proxy: Proxy(), setWindowRect: true, strictFileInteractability: false, timeouts: {implicit: 0, pageLoad: 300000, script: 30000}, unhandledPromptBehavior: dismiss and notify, webauthn:extension:credBlob: true, webauthn:extension:largeBlob: true, webauthn:extension:minPinLength: true, webauthn:extension:prf: true, webauthn:virtualAuthenticators: true}&#10;Session ID: 6a92a1359bf288a1bd16c9dbbee66941&#10;*** Element info: {Using=xpath, value=//table[@class=&apos;list&apos;]//tr[2]/th/a}" type="org.openqa.selenium.NoSuchElementException"><![CDATA[org.openqa.selenium.NoSuchElementException: 
no such element: Unable to locate element: {"method":"xpath","selector":"//table[@class='list']//tr[2]/th/a"}
  (Session info: chrome=121.0.6167.184)
For documentation on this error, please visit: https://www.seleniumhq.org/exceptions/no_such_element.html
Build info: version: '3.141.59', revision: 'e82be7d358', time: '2018-11-14T08:17:03'
System info: host: 'Nitins-MacBook-Pro.local', ip: '2601:646:8084:4d20:0:0:0:ec4a%en0', os.name: 'Mac OS X', os.arch: 'x86_64', os.version: '11.4', java.version: '17.0.10'
Driver info: org.openqa.selenium.chrome.ChromeDriver
Capabilities {acceptInsecureCerts: false, browserName: chrome, browserVersion: 121.0.6167.184, chrome: {chromedriverVersion: 121.0.6167.184 (057a8ae7deb..., userDataDir: /var/folders/gx/qjsbcn6d6d3...}, fedcm:accounts: true, goog:chromeOptions: {debuggerAddress: localhost:59306}, javascriptEnabled: true, networkConnectionEnabled: false, pageLoadStrategy: normal, platform: MAC, platformName: MAC, proxy: Proxy(), setWindowRect: true, strictFileInteractability: false, timeouts: {implicit: 0, pageLoad: 300000, script: 30000}, unhandledPromptBehavior: dismiss and notify, webauthn:extension:credBlob: true, webauthn:extension:largeBlob: true, webauthn:extension:minPinLength: true, webauthn:extension:prf: true, webauthn:virtualAuthenticators: true}
Session ID: 6a92a1359bf288a1bd16c9dbbee66941
*** Element info: {Using=xpath, value=//table[@class='list']//tr[2]/th/a}
	at java.base/jdk.internal.reflect.NativeConstructorAccessorImpl.newInstance0(Native Method)
	at java.base/jdk.internal.reflect.NativeConstructorAccessorImpl.newInstance(NativeConstructorAccessorImpl.java:77)
	at java.base/jdk.internal.reflect.DelegatingConstructorAccessorImpl.newInstance(DelegatingConstructorAccessorImpl.java:45)
	at java.base/java.lang.reflect.Constructor.newInstanceWithCaller(Constructor.java:499)
	at java.base/java.lang.reflect.Constructor.newInstance(Constructor.java:480)
	at org.openqa.selenium.remote.http.W3CHttpResponseCodec.createException(W3CHttpResponseCodec.java:187)
	at org.openqa.selenium.remote.http.W3CHttpResponseCodec.decode(W3CHttpResponseCodec.java:122)
	at org.openqa.selenium.remote.http.W3CHttpResponseCodec.decode(W3CHttpResponseCodec.java:49)
	at org.openqa.selenium.remote.HttpCommandExecutor.execute(HttpCommandExecutor.java:158)
	at org.openqa.selenium.remote.service.DriverCommandExecutor.execute(DriverCommandExecutor.java:83)
	at org.openqa.selenium.remote.RemoteWebDriver.execute(RemoteWebDriver.java:552)
	at org.openqa.selenium.remote.RemoteWebDriver.findElement(RemoteWebDriver.java:323)
	at org.openqa.selenium.remote.RemoteWebDriver.findElementByXPath(RemoteWebDriver.java:428)
	at org.openqa.selenium.By$ByXPath.findElement(By.java:353)
	at org.openqa.selenium.remote.RemoteWebDriver.findElement(RemoteWebDriver.java:315)
	at com.salesforce.automation.SalesforceContact_Testcases.createNewContact(SalesforceContact_Testcases.java:61)
	at java.base/jdk.internal.reflect.NativeMethodAccessorImpl.invoke0(Native Method)
	at java.base/jdk.internal.reflect.NativeMethodAccessorImpl.invoke(NativeMethodAccessorImpl.java:77)
	at java.base/jdk.internal.reflect.DelegatingMethodAccessorImpl.invoke(DelegatingMethodAccessorImpl.java:43)
	at java.base/java.lang.reflect.Method.invoke(Method.java:568)
	at org.testng.internal.invokers.MethodInvocationHelper.invokeMethod(MethodInvocationHelper.java:139)
	at org.testng.internal.invokers.TestInvoker.invokeMethod(TestInvoker.java:677)
	at org.testng.internal.invokers.TestInvoker.invokeTestMethod(TestInvoker.java:221)
	at org.testng.internal.invokers.MethodRunner.runInSequence(MethodRunner.java:50)
	at org.testng.internal.invokers.TestInvoker$MethodInvocationAgent.invoke(TestInvoker.java:969)
	at org.testng.internal.invokers.TestInvoker.invokeTestMethods(TestInvoker.java:194)
	at org.testng.internal.invokers.TestMethodWorker.invokeTestMethods(TestMethodWorker.java:148)
	at org.testng.internal.invokers.TestMethodWorker.run(TestMethodWorker.java:128)
	at java.base/java.util.ArrayList.forEach(ArrayList.java:1511)
	at org.testng.TestRunner.privateRun(TestRunner.java:829)
	at org.testng.TestRunner.run(TestRunner.java:602)
	at org.testng.SuiteRunner.runTest(SuiteRunner.java:437)
	at org.testng.SuiteRunner.runSequentially(SuiteRunner.java:431)
	at org.testng.SuiteRunner.privateRun(SuiteRunner.java:391)
	at org.testng.SuiteRunner.run(SuiteRunner.java:330)
	at org.testng.SuiteRunnerWorker.runSuite(SuiteRunnerWorker.java:52)
	at org.testng.SuiteRunnerWorker.run(SuiteRunnerWorker.java:95)
	at org.testng.TestNG.runSuitesSequentially(TestNG.java:1256)
	at org.testng.TestNG.runSuitesLocally(TestNG.java:1176)
	at org.testng.TestNG.runSuites(TestNG.java:1099)
	at org.testng.TestNG.run(TestNG.java:1067)
	at org.apache.maven.surefire.testng.TestNGExecutor.run(TestNGExecutor.java:308)
	at org.apache.maven.surefire.testng.TestNGXmlTestSuite.execute(TestNGXmlTestSuite.java:71)
	at org.apache.maven.surefire.testng.TestNGProvider.invoke(TestNGProvider.java:113)
	at org.apache.maven.surefire.booter.ForkedBooter.runSuitesInProcess(ForkedBooter.java:385)
	at org.apache.maven.surefire.booter.ForkedBooter.execute(ForkedBooter.java:162)
	at org.apache.maven.surefire.booter.ForkedBooter.run(ForkedBooter.java:507)
	at org.apache.maven.surefire.booter.ForkedBooter.main(ForkedBooter.java:495)
]]></failure>
    <system-out><![CDATA[2024-02-19 17:11:42,368 ERROR SalesforceListenerUtility.java:45 - checkSaveNewButtn.......test execution completed with failure........
ObjectLogger->com.aventstack.extentreports.ExtentTest@6f9e6a85
2024-02-19 17:11:42,915 INFO  BaseClass.java:424 - captures the screenshot
ObjectLogger->com.aventstack.extentreports.ExtentTest@6f9e6a85
ObjectLogger->com.aventstack.extentreports.ExtentTest@6f9e6a85
ObjectLogger->com.aventstack.extentreports.ExtentTest@6f9e6a85
2024-02-19 17:11:43,051 INFO  BaseClass.java:242 - browser is closed
2024-02-19 17:11:43,065 INFO  BaseClass.java:59 - Browser instance has started
2024-02-19 17:11:44,872 INFO  BaseClass.java:231 - https://login.salesforce.com/ is launched
2024-02-19 17:11:44,872 INFO  BaseClass.java:472 - Waiting until page loads within  expectedtime period
2024-02-19 17:11:44,874 INFO  SalesforceListenerUtility.java:27 - createNewContact.......test execution started........
2024-02-19 17:11:45,622 INFO  BaseClass.java:94 - email_field is IS WAITED FOR VISIBLITY
ObjectLogger->com.aventstack.extentreports.ExtentTest@289b7efe
2024-02-19 17:11:45,958 INFO  BaseClass.java:145 - [[ChromeDriver: chrome on MAC (6a92a1359bf288a1bd16c9dbbee66941)] -> xpath: //*[@id='username']]Is enabled and clicked
ObjectLogger->com.aventstack.extentreports.ExtentTest@289b7efe
2024-02-19 17:11:46,091 INFO  BaseClass.java:150 - UsernameIs displayed  in textarea
ObjectLogger->com.aventstack.extentreports.ExtentTest@289b7efe
2024-02-19 17:11:46,091 INFO  BaseSalesForceClass.java:66 - Email is entered in a Field 
2024-02-19 17:11:46,300 INFO  BaseClass.java:145 - [[ChromeDriver: chrome on MAC (6a92a1359bf288a1bd16c9dbbee66941)] -> xpath: //*[@id='password']]Is enabled and clicked
ObjectLogger->com.aventstack.extentreports.ExtentTest@289b7efe
2024-02-19 17:11:46,338 INFO  BaseClass.java:150 - PasswordIs displayed  in textarea
ObjectLogger->com.aventstack.extentreports.ExtentTest@289b7efe
2024-02-19 17:11:46,339 INFO  BaseSalesForceClass.java:70 - Password is entered in a Field 
2024-02-19 17:11:46,563 INFO  BaseClass.java:94 - Login  IS WAITED FOR VISIBLITY
ObjectLogger->com.aventstack.extentreports.ExtentTest@289b7efe
2024-02-19 17:11:48,585 INFO  BaseClass.java:213 - login  Is enabled and clicked
ObjectLogger->com.aventstack.extentreports.ExtentTest@289b7efe
2024-02-19 17:11:48,586 INFO  BaseSalesForceClass.java:75 - Successfully logged to the Home page
ObjectLogger->com.aventstack.extentreports.ExtentTest@289b7efe
2024-02-19 17:11:50,117 INFO  BaseClass.java:257 - Home Page ~ Salesforce - Developer Edition  matched with Home Page ~ Salesforce - Developer Edition
ObjectLogger->com.aventstack.extentreports.ExtentTest@289b7efe
2024-02-19 17:11:50,856 INFO  BaseClass.java:213 - Contacts  Is enabled and clicked
ObjectLogger->com.aventstack.extentreports.ExtentTest@289b7efe
2024-02-19 17:11:50,857 INFO  SalesforceContact_Testcases.java:34 - Contact Pge is opened
2024-02-19 17:11:51,517 INFO  BaseClass.java:213 - New ..Is enabled and clicked
ObjectLogger->com.aventstack.extentreports.ExtentTest@289b7efe
2024-02-19 17:11:51,518 INFO  SalesforceContact_Testcases.java:37 - New contact Page is opened
2024-02-19 17:11:51,522 INFO  BaseClass.java:257 - Contact Edit: New Contact ~ Salesforce - Developer Edition  matched with Contact Edit: New Contact ~ Salesforce - Developer Edition
ObjectLogger->com.aventstack.extentreports.ExtentTest@289b7efe
2024-02-19 17:11:51,637 INFO  BaseClass.java:145 - [[ChromeDriver: chrome on MAC (6a92a1359bf288a1bd16c9dbbee66941)] -> id: name_lastcon2]Is enabled and clicked
ObjectLogger->com.aventstack.extentreports.ExtentTest@289b7efe
2024-02-19 17:11:51,687 INFO  BaseClass.java:150 - Last name Is displayed  in textarea
ObjectLogger->com.aventstack.extentreports.ExtentTest@289b7efe
2024-02-19 17:11:51,742 INFO  BaseClass.java:106 - lookup  IS WAITED FOR VISIBLITY OF ELEMENT TO BE LOCATED
ObjectLogger->com.aventstack.extentreports.ExtentTest@289b7efe
2024-02-19 17:11:52,067 INFO  BaseClass.java:213 - Look up  image to Find AccountsIs enabled and clicked
ObjectLogger->com.aventstack.extentreports.ExtentTest@289b7efe
2024-02-19 17:11:53,340 INFO  SalesforceContact_Testcases.java:58 - Switched window Title is :Search ~ Salesforce - Developer Edition
ObjectLogger->com.aventstack.extentreports.ExtentTest@289b7efe
]]></system-out>
    <system-err><![CDATA[Starting ChromeDriver 121.0.6167.184 (057a8ae7deb3374d0f1b04b36304d236f0136188-refs/branch-heads/6167@{#1818}) on port 33238
Only local connections are allowed.
Please see https://chromedriver.chromium.org/security-considerations for suggestions on keeping ChromeDriver safe.
ChromeDriver was started successfully.
Feb 19, 2024 5:11:44 PM org.openqa.selenium.remote.ProtocolHandshake createSession
INFO: Detected dialect: W3C
]]></system-err>
  </testcase>
  <testcase name="createNewViewContact" classname="com.salesforce.automation.SalesforceContact_Testcases" time="8.527">
    <failure message="expected [Accounts: Home ~ Salesforce - Developer Edition] but found [Contacts: Home ~ Salesforce - Developer Edition]" type="java.lang.AssertionError"><![CDATA[java.lang.AssertionError: expected [Accounts: Home ~ Salesforce - Developer Edition] but found [Contacts: Home ~ Salesforce - Developer Edition]
	at org.testng.Assert.fail(Assert.java:110)
	at org.testng.Assert.failNotEquals(Assert.java:1577)
	at org.testng.Assert.assertEqualsImpl(Assert.java:149)
	at org.testng.Assert.assertEquals(Assert.java:131)
	at org.testng.Assert.assertEquals(Assert.java:655)
	at org.testng.Assert.assertEquals(Assert.java:665)
	at com.salesforce.base.BaseClass.assertTitle(BaseClass.java:256)
	at com.salesforce.automation.SalesforceContact_Testcases.createNewViewContact(SalesforceContact_Testcases.java:105)
	at java.base/jdk.internal.reflect.NativeMethodAccessorImpl.invoke0(Native Method)
	at java.base/jdk.internal.reflect.NativeMethodAccessorImpl.invoke(NativeMethodAccessorImpl.java:77)
	at java.base/jdk.internal.reflect.DelegatingMethodAccessorImpl.invoke(DelegatingMethodAccessorImpl.java:43)
	at java.base/java.lang.reflect.Method.invoke(Method.java:568)
	at org.testng.internal.invokers.MethodInvocationHelper.invokeMethod(MethodInvocationHelper.java:139)
	at org.testng.internal.invokers.TestInvoker.invokeMethod(TestInvoker.java:677)
	at org.testng.internal.invokers.TestInvoker.invokeTestMethod(TestInvoker.java:221)
	at org.testng.internal.invokers.MethodRunner.runInSequence(MethodRunner.java:50)
	at org.testng.internal.invokers.TestInvoker$MethodInvocationAgent.invoke(TestInvoker.java:969)
	at org.testng.internal.invokers.TestInvoker.invokeTestMethods(TestInvoker.java:194)
	at org.testng.internal.invokers.TestMethodWorker.invokeTestMethods(TestMethodWorker.java:148)
	at org.testng.internal.invokers.TestMethodWorker.run(TestMethodWorker.java:128)
	at java.base/java.util.ArrayList.forEach(ArrayList.java:1511)
	at org.testng.TestRunner.privateRun(TestRunner.java:829)
	at org.testng.TestRunner.run(TestRunner.java:602)
	at org.testng.SuiteRunner.runTest(SuiteRunner.java:437)
	at org.testng.SuiteRunner.runSequentially(SuiteRunner.java:431)
	at org.testng.SuiteRunner.privateRun(SuiteRunner.java:391)
	at org.testng.SuiteRunner.run(SuiteRunner.java:330)
	at org.testng.SuiteRunnerWorker.runSuite(SuiteRunnerWorker.java:52)
	at org.testng.SuiteRunnerWorker.run(SuiteRunnerWorker.java:95)
	at org.testng.TestNG.runSuitesSequentially(TestNG.java:1256)
	at org.testng.TestNG.runSuitesLocally(TestNG.java:1176)
	at org.testng.TestNG.runSuites(TestNG.java:1099)
	at org.testng.TestNG.run(TestNG.java:1067)
	at org.apache.maven.surefire.testng.TestNGExecutor.run(TestNGExecutor.java:308)
	at org.apache.maven.surefire.testng.TestNGXmlTestSuite.execute(TestNGXmlTestSuite.java:71)
	at org.apache.maven.surefire.testng.TestNGProvider.invoke(TestNGProvider.java:113)
	at org.apache.maven.surefire.booter.ForkedBooter.runSuitesInProcess(ForkedBooter.java:385)
	at org.apache.maven.surefire.booter.ForkedBooter.execute(ForkedBooter.java:162)
	at org.apache.maven.surefire.booter.ForkedBooter.run(ForkedBooter.java:507)
	at org.apache.maven.surefire.booter.ForkedBooter.main(ForkedBooter.java:495)
]]></failure>
    <system-out><![CDATA[2024-02-19 17:11:53,402 ERROR SalesforceListenerUtility.java:45 - createNewContact.......test execution completed with failure........
ObjectLogger->com.aventstack.extentreports.ExtentTest@289b7efe
2024-02-19 17:11:53,585 INFO  BaseClass.java:424 - captures the screenshot
ObjectLogger->com.aventstack.extentreports.ExtentTest@289b7efe
ObjectLogger->com.aventstack.extentreports.ExtentTest@289b7efe
ObjectLogger->com.aventstack.extentreports.ExtentTest@289b7efe
2024-02-19 17:11:53,653 INFO  BaseClass.java:242 - browser is closed
2024-02-19 17:11:53,669 INFO  BaseClass.java:59 - Browser instance has started
2024-02-19 17:11:55,782 INFO  BaseClass.java:231 - https://login.salesforce.com/ is launched
2024-02-19 17:11:55,782 INFO  BaseClass.java:472 - Waiting until page loads within  expectedtime period
2024-02-19 17:11:55,784 INFO  SalesforceListenerUtility.java:27 - createNewViewContact.......test execution started........
2024-02-19 17:11:55,796 INFO  BaseClass.java:271 - Current URL is = https://login.salesforce.com/
2024-02-19 17:11:55,797 INFO  BaseClass.java:274 - https://login.salesforce.com/  matched with https://login.salesforce.com/
ObjectLogger->com.aventstack.extentreports.ExtentTest@5b5f06bb
2024-02-19 17:11:56,528 INFO  BaseClass.java:94 - email_field is IS WAITED FOR VISIBLITY
ObjectLogger->com.aventstack.extentreports.ExtentTest@5b5f06bb
2024-02-19 17:11:56,746 INFO  BaseClass.java:145 - [[ChromeDriver: chrome on MAC (598fe9a804df39364efd99a9dec8040b)] -> xpath: //*[@id='username']]Is enabled and clicked
ObjectLogger->com.aventstack.extentreports.ExtentTest@5b5f06bb
2024-02-19 17:11:57,072 INFO  BaseClass.java:150 - UsernameIs displayed  in textarea
ObjectLogger->com.aventstack.extentreports.ExtentTest@5b5f06bb
2024-02-19 17:11:57,073 INFO  BaseSalesForceClass.java:66 - Email is entered in a Field 
2024-02-19 17:11:57,196 INFO  BaseClass.java:145 - [[ChromeDriver: chrome on MAC (598fe9a804df39364efd99a9dec8040b)] -> xpath: //*[@id='password']]Is enabled and clicked
ObjectLogger->com.aventstack.extentreports.ExtentTest@5b5f06bb
2024-02-19 17:11:57,246 INFO  BaseClass.java:150 - PasswordIs displayed  in textarea
ObjectLogger->com.aventstack.extentreports.ExtentTest@5b5f06bb
2024-02-19 17:11:57,246 INFO  BaseSalesForceClass.java:70 - Password is entered in a Field 
2024-02-19 17:11:57,349 INFO  BaseClass.java:94 - Login  IS WAITED FOR VISIBLITY
ObjectLogger->com.aventstack.extentreports.ExtentTest@5b5f06bb
2024-02-19 17:12:00,049 INFO  BaseClass.java:213 - login  Is enabled and clicked
ObjectLogger->com.aventstack.extentreports.ExtentTest@5b5f06bb
2024-02-19 17:12:00,050 INFO  BaseSalesForceClass.java:75 - Successfully logged to the Home page
ObjectLogger->com.aventstack.extentreports.ExtentTest@5b5f06bb
2024-02-19 17:12:03,228 INFO  BaseClass.java:257 - Home Page ~ Salesforce - Developer Edition  matched with Home Page ~ Salesforce - Developer Edition
ObjectLogger->com.aventstack.extentreports.ExtentTest@5b5f06bb
2024-02-19 17:12:03,246 INFO  BaseClass.java:117 - Contact tab  IS WAITED FOR clickable
2024-02-19 17:12:04,306 INFO  BaseClass.java:213 - Contacts  Is enabled and clicked
ObjectLogger->com.aventstack.extentreports.ExtentTest@5b5f06bb
2024-02-19 17:12:04,310 ERROR BaseClass.java:260 - Contacts: Home ~ Salesforce - Developer Editionnot   matched with Accounts: Home ~ Salesforce - Developer Edition
]]></system-out>
    <system-err><![CDATA[Starting ChromeDriver 121.0.6167.184 (057a8ae7deb3374d0f1b04b36304d236f0136188-refs/branch-heads/6167@{#1818}) on port 3824
Only local connections are allowed.
Please see https://chromedriver.chromium.org/security-considerations for suggestions on keeping ChromeDriver safe.
ChromeDriver was started successfully.
Feb 19, 2024 5:11:54 PM org.openqa.selenium.remote.ProtocolHandshake createSession
INFO: Detected dialect: W3C
]]></system-err>
  </testcase>
  <testcase name="mycontactsView" classname="com.salesforce.automation.SalesforceContact_Testcases" time="7.545">
    <failure message="expected [View dropdwn selected] but found [w]" type="java.lang.AssertionError"><![CDATA[java.lang.AssertionError: expected [View dropdwn selected] but found [w]
	at org.testng.Assert.fail(Assert.java:110)
	at org.testng.Assert.failNotEquals(Assert.java:1577)
	at org.testng.Assert.assertEqualsImpl(Assert.java:149)
	at org.testng.Assert.assertEquals(Assert.java:131)
	at org.testng.Assert.assertEquals(Assert.java:655)
	at org.testng.Assert.assertEquals(Assert.java:665)
	at com.salesforce.base.BaseClass.assertDefaultoption(BaseClass.java:516)
	at com.salesforce.automation.SalesforceContact_Testcases.mycontactsView(SalesforceContact_Testcases.java:137)
	at java.base/jdk.internal.reflect.NativeMethodAccessorImpl.invoke0(Native Method)
	at java.base/jdk.internal.reflect.NativeMethodAccessorImpl.invoke(NativeMethodAccessorImpl.java:77)
	at java.base/jdk.internal.reflect.DelegatingMethodAccessorImpl.invoke(DelegatingMethodAccessorImpl.java:43)
	at java.base/java.lang.reflect.Method.invoke(Method.java:568)
	at org.testng.internal.invokers.MethodInvocationHelper.invokeMethod(MethodInvocationHelper.java:139)
	at org.testng.internal.invokers.TestInvoker.invokeMethod(TestInvoker.java:677)
	at org.testng.internal.invokers.TestInvoker.invokeTestMethod(TestInvoker.java:221)
	at org.testng.internal.invokers.MethodRunner.runInSequence(MethodRunner.java:50)
	at org.testng.internal.invokers.TestInvoker$MethodInvocationAgent.invoke(TestInvoker.java:969)
	at org.testng.internal.invokers.TestInvoker.invokeTestMethods(TestInvoker.java:194)
	at org.testng.internal.invokers.TestMethodWorker.invokeTestMethods(TestMethodWorker.java:148)
	at org.testng.internal.invokers.TestMethodWorker.run(TestMethodWorker.java:128)
	at java.base/java.util.ArrayList.forEach(ArrayList.java:1511)
	at org.testng.TestRunner.privateRun(TestRunner.java:829)
	at org.testng.TestRunner.run(TestRunner.java:602)
	at org.testng.SuiteRunner.runTest(SuiteRunner.java:437)
	at org.testng.SuiteRunner.runSequentially(SuiteRunner.java:431)
	at org.testng.SuiteRunner.privateRun(SuiteRunner.java:391)
	at org.testng.SuiteRunner.run(SuiteRunner.java:330)
	at org.testng.SuiteRunnerWorker.runSuite(SuiteRunnerWorker.java:52)
	at org.testng.SuiteRunnerWorker.run(SuiteRunnerWorker.java:95)
	at org.testng.TestNG.runSuitesSequentially(TestNG.java:1256)
	at org.testng.TestNG.runSuitesLocally(TestNG.java:1176)
	at org.testng.TestNG.runSuites(TestNG.java:1099)
	at org.testng.TestNG.run(TestNG.java:1067)
	at org.apache.maven.surefire.testng.TestNGExecutor.run(TestNGExecutor.java:308)
	at org.apache.maven.surefire.testng.TestNGXmlTestSuite.execute(TestNGXmlTestSuite.java:71)
	at org.apache.maven.surefire.testng.TestNGProvider.invoke(TestNGProvider.java:113)
	at org.apache.maven.surefire.booter.ForkedBooter.runSuitesInProcess(ForkedBooter.java:385)
	at org.apache.maven.surefire.booter.ForkedBooter.execute(ForkedBooter.java:162)
	at org.apache.maven.surefire.booter.ForkedBooter.run(ForkedBooter.java:507)
	at org.apache.maven.surefire.booter.ForkedBooter.main(ForkedBooter.java:495)
]]></failure>
    <system-out><![CDATA[2024-02-19 17:12:04,311 ERROR SalesforceListenerUtility.java:45 - createNewViewContact.......test execution completed with failure........
ObjectLogger->com.aventstack.extentreports.ExtentTest@5b5f06bb
2024-02-19 17:12:04,852 INFO  BaseClass.java:424 - captures the screenshot
ObjectLogger->com.aventstack.extentreports.ExtentTest@5b5f06bb
ObjectLogger->com.aventstack.extentreports.ExtentTest@5b5f06bb
ObjectLogger->com.aventstack.extentreports.ExtentTest@5b5f06bb
2024-02-19 17:12:04,966 INFO  BaseClass.java:242 - browser is closed
2024-02-19 17:12:04,988 INFO  BaseClass.java:59 - Browser instance has started
2024-02-19 17:12:06,573 INFO  BaseClass.java:231 - https://login.salesforce.com/ is launched
2024-02-19 17:12:06,573 INFO  BaseClass.java:472 - Waiting until page loads within  expectedtime period
2024-02-19 17:12:06,575 INFO  SalesforceListenerUtility.java:27 - mycontactsView.......test execution started........
2024-02-19 17:12:07,258 INFO  BaseClass.java:94 - email_field is IS WAITED FOR VISIBLITY
ObjectLogger->com.aventstack.extentreports.ExtentTest@38816a6c
2024-02-19 17:12:07,413 INFO  BaseClass.java:145 - [[ChromeDriver: chrome on MAC (cc369b2d4e58036e2b7b36c5e956f5ce)] -> xpath: //*[@id='username']]Is enabled and clicked
ObjectLogger->com.aventstack.extentreports.ExtentTest@38816a6c
2024-02-19 17:12:07,685 INFO  BaseClass.java:150 - UsernameIs displayed  in textarea
ObjectLogger->com.aventstack.extentreports.ExtentTest@38816a6c
2024-02-19 17:12:07,685 INFO  BaseSalesForceClass.java:66 - Email is entered in a Field 
2024-02-19 17:12:07,775 INFO  BaseClass.java:145 - [[ChromeDriver: chrome on MAC (cc369b2d4e58036e2b7b36c5e956f5ce)] -> xpath: //*[@id='password']]Is enabled and clicked
ObjectLogger->com.aventstack.extentreports.ExtentTest@38816a6c
2024-02-19 17:12:07,839 INFO  BaseClass.java:150 - PasswordIs displayed  in textarea
ObjectLogger->com.aventstack.extentreports.ExtentTest@38816a6c
2024-02-19 17:12:07,839 INFO  BaseSalesForceClass.java:70 - Password is entered in a Field 
2024-02-19 17:12:07,954 INFO  BaseClass.java:94 - Login  IS WAITED FOR VISIBLITY
ObjectLogger->com.aventstack.extentreports.ExtentTest@38816a6c
2024-02-19 17:12:10,587 INFO  BaseClass.java:213 - login  Is enabled and clicked
ObjectLogger->com.aventstack.extentreports.ExtentTest@38816a6c
2024-02-19 17:12:10,587 INFO  BaseSalesForceClass.java:75 - Successfully logged to the Home page
ObjectLogger->com.aventstack.extentreports.ExtentTest@38816a6c
2024-02-19 17:12:12,562 INFO  BaseClass.java:117 - Contact tab  IS WAITED FOR clickable
2024-02-19 17:12:13,392 INFO  BaseClass.java:213 - Contacts  Is enabled and clicked
ObjectLogger->com.aventstack.extentreports.ExtentTest@38816a6c
2024-02-19 17:12:13,506 INFO  BaseClass.java:506 - Dropdown element is clicked
ObjectLogger->com.aventstack.extentreports.ExtentTest@38816a6c
2024-02-19 17:12:14,120 INFO  BaseClass.java:510 - Select  default value is: w
ObjectLogger->com.aventstack.extentreports.ExtentTest@38816a6c
]]></system-out>
    <system-err><![CDATA[Starting ChromeDriver 121.0.6167.184 (057a8ae7deb3374d0f1b04b36304d236f0136188-refs/branch-heads/6167@{#1818}) on port 5448
Only local connections are allowed.
Please see https://chromedriver.chromium.org/security-considerations for suggestions on keeping ChromeDriver safe.
ChromeDriver was started successfully.
Feb 19, 2024 5:12:06 PM org.openqa.selenium.remote.ProtocolHandshake createSession
INFO: Detected dialect: W3C
]]></system-err>
  </testcase>
  <testcase name="recentContactsView" classname="com.salesforce.automation.SalesforceContact_Testcases" time="8.542">
    <system-out><![CDATA[2024-02-19 17:12:14,121 ERROR SalesforceListenerUtility.java:45 - mycontactsView.......test execution completed with failure........
ObjectLogger->com.aventstack.extentreports.ExtentTest@38816a6c
2024-02-19 17:12:14,628 INFO  BaseClass.java:424 - captures the screenshot
ObjectLogger->com.aventstack.extentreports.ExtentTest@38816a6c
ObjectLogger->com.aventstack.extentreports.ExtentTest@38816a6c
ObjectLogger->com.aventstack.extentreports.ExtentTest@38816a6c
2024-02-19 17:12:17,129 INFO  BaseClass.java:242 - browser is closed
2024-02-19 17:12:17,148 INFO  BaseClass.java:59 - Browser instance has started
2024-02-19 17:12:18,886 INFO  BaseClass.java:231 - https://login.salesforce.com/ is launched
2024-02-19 17:12:18,888 INFO  BaseClass.java:472 - Waiting until page loads within  expectedtime period
2024-02-19 17:12:18,891 INFO  SalesforceListenerUtility.java:27 - recentContactsView.......test execution started........
2024-02-19 17:12:19,592 INFO  BaseClass.java:94 - email_field is IS WAITED FOR VISIBLITY
ObjectLogger->com.aventstack.extentreports.ExtentTest@7320bccc
2024-02-19 17:12:19,835 INFO  BaseClass.java:145 - [[ChromeDriver: chrome on MAC (6ec9a1b1bc0e5605c5cd55410f56b17c)] -> xpath: //*[@id='username']]Is enabled and clicked
ObjectLogger->com.aventstack.extentreports.ExtentTest@7320bccc
2024-02-19 17:12:20,065 INFO  BaseClass.java:150 - UsernameIs displayed  in textarea
ObjectLogger->com.aventstack.extentreports.ExtentTest@7320bccc
2024-02-19 17:12:20,065 INFO  BaseSalesForceClass.java:66 - Email is entered in a Field 
2024-02-19 17:12:20,357 INFO  BaseClass.java:145 - [[ChromeDriver: chrome on MAC (6ec9a1b1bc0e5605c5cd55410f56b17c)] -> xpath: //*[@id='password']]Is enabled and clicked
ObjectLogger->com.aventstack.extentreports.ExtentTest@7320bccc
2024-02-19 17:12:20,393 INFO  BaseClass.java:150 - PasswordIs displayed  in textarea
ObjectLogger->com.aventstack.extentreports.ExtentTest@7320bccc
2024-02-19 17:12:20,394 INFO  BaseSalesForceClass.java:70 - Password is entered in a Field 
2024-02-19 17:12:20,420 INFO  BaseClass.java:94 - Login  IS WAITED FOR VISIBLITY
ObjectLogger->com.aventstack.extentreports.ExtentTest@7320bccc
2024-02-19 17:12:22,315 INFO  BaseClass.java:213 - login  Is enabled and clicked
ObjectLogger->com.aventstack.extentreports.ExtentTest@7320bccc
2024-02-19 17:12:22,316 INFO  BaseSalesForceClass.java:75 - Successfully logged to the Home page
ObjectLogger->com.aventstack.extentreports.ExtentTest@7320bccc
2024-02-19 17:12:24,262 INFO  BaseClass.java:117 - Contact tab  IS WAITED FOR clickable
2024-02-19 17:12:25,271 INFO  BaseClass.java:213 - Contacts  Is enabled and clicked
ObjectLogger->com.aventstack.extentreports.ExtentTest@7320bccc
2024-02-19 17:12:27,425 INFO  SalesforceContact_Testcases.java:169 - Matched and clicked the link 
ObjectLogger->com.aventstack.extentreports.ExtentTest@7320bccc
2024-02-19 17:12:27,429 INFO  SalesforceContact_Testcases.java:173 - All assertion passed
ObjectLogger->com.aventstack.extentreports.ExtentTest@7320bccc
]]></system-out>
    <system-err><![CDATA[Starting ChromeDriver 121.0.6167.184 (057a8ae7deb3374d0f1b04b36304d236f0136188-refs/branch-heads/6167@{#1818}) on port 25720
Only local connections are allowed.
Please see https://chromedriver.chromium.org/security-considerations for suggestions on keeping ChromeDriver safe.
ChromeDriver was started successfully.
Feb 19, 2024 5:12:18 PM org.openqa.selenium.remote.ProtocolHandshake createSession
INFO: Detected dialect: W3C
]]></system-err>
  </testcase>
  <testcase name="verifyErrormessage" classname="com.salesforce.automation.SalesforceContact_Testcases" time="4.232">
    <failure message="expected [https://login.salesforce.com/] but found [https://dan000000cz3teag-dev-ed.develop.my.salesforce.com/setup/forcecomHomepage.apexp?setupid=ForceCom]" type="java.lang.AssertionError"><![CDATA[java.lang.AssertionError: expected [https://login.salesforce.com/] but found [https://dan000000cz3teag-dev-ed.develop.my.salesforce.com/setup/forcecomHomepage.apexp?setupid=ForceCom]
	at org.testng.Assert.fail(Assert.java:110)
	at org.testng.Assert.failNotEquals(Assert.java:1577)
	at org.testng.Assert.assertEqualsImpl(Assert.java:149)
	at org.testng.Assert.assertEquals(Assert.java:131)
	at org.testng.Assert.assertEquals(Assert.java:655)
	at org.testng.Assert.assertEquals(Assert.java:665)
	at com.salesforce.base.BaseClass.assertCurrentURL(BaseClass.java:273)
	at com.salesforce.automation.SalesforceContact_Testcases.verifyErrormessage(SalesforceContact_Testcases.java:181)
	at java.base/jdk.internal.reflect.NativeMethodAccessorImpl.invoke0(Native Method)
	at java.base/jdk.internal.reflect.NativeMethodAccessorImpl.invoke(NativeMethodAccessorImpl.java:77)
	at java.base/jdk.internal.reflect.DelegatingMethodAccessorImpl.invoke(DelegatingMethodAccessorImpl.java:43)
	at java.base/java.lang.reflect.Method.invoke(Method.java:568)
	at org.testng.internal.invokers.MethodInvocationHelper.invokeMethod(MethodInvocationHelper.java:139)
	at org.testng.internal.invokers.TestInvoker.invokeMethod(TestInvoker.java:677)
	at org.testng.internal.invokers.TestInvoker.invokeTestMethod(TestInvoker.java:221)
	at org.testng.internal.invokers.MethodRunner.runInSequence(MethodRunner.java:50)
	at org.testng.internal.invokers.TestInvoker$MethodInvocationAgent.invoke(TestInvoker.java:969)
	at org.testng.internal.invokers.TestInvoker.invokeTestMethods(TestInvoker.java:194)
	at org.testng.internal.invokers.TestMethodWorker.invokeTestMethods(TestMethodWorker.java:148)
	at org.testng.internal.invokers.TestMethodWorker.run(TestMethodWorker.java:128)
	at java.base/java.util.ArrayList.forEach(ArrayList.java:1511)
	at org.testng.TestRunner.privateRun(TestRunner.java:829)
	at org.testng.TestRunner.run(TestRunner.java:602)
	at org.testng.SuiteRunner.runTest(SuiteRunner.java:437)
	at org.testng.SuiteRunner.runSequentially(SuiteRunner.java:431)
	at org.testng.SuiteRunner.privateRun(SuiteRunner.java:391)
	at org.testng.SuiteRunner.run(SuiteRunner.java:330)
	at org.testng.SuiteRunnerWorker.runSuite(SuiteRunnerWorker.java:52)
	at org.testng.SuiteRunnerWorker.run(SuiteRunnerWorker.java:95)
	at org.testng.TestNG.runSuitesSequentially(TestNG.java:1256)
	at org.testng.TestNG.runSuitesLocally(TestNG.java:1176)
	at org.testng.TestNG.runSuites(TestNG.java:1099)
	at org.testng.TestNG.run(TestNG.java:1067)
	at org.apache.maven.surefire.testng.TestNGExecutor.run(TestNGExecutor.java:308)
	at org.apache.maven.surefire.testng.TestNGXmlTestSuite.execute(TestNGXmlTestSuite.java:71)
	at org.apache.maven.surefire.testng.TestNGProvider.invoke(TestNGProvider.java:113)
	at org.apache.maven.surefire.booter.ForkedBooter.runSuitesInProcess(ForkedBooter.java:385)
	at org.apache.maven.surefire.booter.ForkedBooter.execute(ForkedBooter.java:162)
	at org.apache.maven.surefire.booter.ForkedBooter.run(ForkedBooter.java:507)
	at org.apache.maven.surefire.booter.ForkedBooter.main(ForkedBooter.java:495)
]]></failure>
    <system-out><![CDATA[2024-02-19 17:12:27,430 INFO  SalesforceListenerUtility.java:36 - recentContactsView.......test execution sucess........
ObjectLogger->com.aventstack.extentreports.ExtentTest@7320bccc
2024-02-19 17:12:27,601 INFO  BaseClass.java:242 - browser is closed
2024-02-19 17:12:27,619 INFO  BaseClass.java:59 - Browser instance has started
2024-02-19 17:12:29,492 INFO  BaseClass.java:231 - https://login.salesforce.com/ is launched
2024-02-19 17:12:29,493 INFO  BaseClass.java:472 - Waiting until page loads within  expectedtime period
2024-02-19 17:12:29,496 INFO  SalesforceListenerUtility.java:27 - verifyErrormessage.......test execution started........
2024-02-19 17:12:30,094 INFO  BaseClass.java:94 - email_field is IS WAITED FOR VISIBLITY
ObjectLogger->com.aventstack.extentreports.ExtentTest@46e32574
2024-02-19 17:12:30,456 INFO  BaseClass.java:145 - [[ChromeDriver: chrome on MAC (e955b1724768ac926d4a363db5ef5739)] -> xpath: //*[@id='username']]Is enabled and clicked
ObjectLogger->com.aventstack.extentreports.ExtentTest@46e32574
2024-02-19 17:12:30,736 INFO  BaseClass.java:150 - UsernameIs displayed  in textarea
ObjectLogger->com.aventstack.extentreports.ExtentTest@46e32574
2024-02-19 17:12:30,736 INFO  BaseSalesForceClass.java:66 - Email is entered in a Field 
2024-02-19 17:12:31,308 INFO  BaseClass.java:145 - [[ChromeDriver: chrome on MAC (e955b1724768ac926d4a363db5ef5739)] -> xpath: //*[@id='password']]Is enabled and clicked
ObjectLogger->com.aventstack.extentreports.ExtentTest@46e32574
2024-02-19 17:12:31,355 INFO  BaseClass.java:150 - PasswordIs displayed  in textarea
ObjectLogger->com.aventstack.extentreports.ExtentTest@46e32574
2024-02-19 17:12:31,355 INFO  BaseSalesForceClass.java:70 - Password is entered in a Field 
2024-02-19 17:12:31,389 INFO  BaseClass.java:94 - Login  IS WAITED FOR VISIBLITY
ObjectLogger->com.aventstack.extentreports.ExtentTest@46e32574
2024-02-19 17:12:33,194 INFO  BaseClass.java:213 - login  Is enabled and clicked
ObjectLogger->com.aventstack.extentreports.ExtentTest@46e32574
2024-02-19 17:12:33,194 INFO  BaseSalesForceClass.java:75 - Successfully logged to the Home page
ObjectLogger->com.aventstack.extentreports.ExtentTest@46e32574
2024-02-19 17:12:33,727 INFO  BaseClass.java:271 - Current URL is = https://dan000000cz3teag-dev-ed.develop.my.salesforce.com/setup/forcecomHomepage.apexp?setupid=ForceCom
2024-02-19 17:12:33,728 ERROR BaseClass.java:279 - https://dan000000cz3teag-dev-ed.develop.my.salesforce.com/setup/forcecomHomepage.apexp?setupid=ForceComnot   matched with https://login.salesforce.com/
]]></system-out>
    <system-err><![CDATA[Starting ChromeDriver 121.0.6167.184 (057a8ae7deb3374d0f1b04b36304d236f0136188-refs/branch-heads/6167@{#1818}) on port 43622
Only local connections are allowed.
Please see https://chromedriver.chromium.org/security-considerations for suggestions on keeping ChromeDriver safe.
ChromeDriver was started successfully.
Feb 19, 2024 5:12:28 PM org.openqa.selenium.remote.ProtocolHandshake createSession
INFO: Detected dialect: W3C
]]></system-err>
  </testcase>
</testsuite>