<?xml version="1.0" encoding="UTF-8"?>
<!-- Generated by org.testng.reporters.JUnitReportReporter -->
<testsuite hostname="Nitins-MacBook-Pro.local" failures="0" tests="5" name="com.salesforce.automation.SalesforceLoginPage_Testcases" time="53.004" errors="0" timestamp="2024-02-20T23:43:53 PST" skipped="0">
  <testcase classname="com.salesforce.automation.SalesforceLoginPage_Testcases" name="loginPage_EmptyPassword" time="2.704"/>
  <system-out/>
  <testcase classname="com.salesforce.automation.SalesforceLoginPage_Testcases" name="testForgotPasssword" time="5.796"/>
  <system-out/>
  <testcase classname="com.salesforce.automation.SalesforceLoginPage_Testcases" name="loginErrorMessage" time="24.311"/>
  <system-out/>
  <testcase classname="com.salesforce.automation.SalesforceLoginPage_Testcases" name="login_Homepage" time="7.272"/>
  <system-out/>
  <testcase classname="com.salesforce.automation.SalesforceLoginPage_Testcases" name="rememberUser_checkbox" time="12.921"/>
  <system-out/>
</testsuite> <!-- com.salesforce.automation.SalesforceLoginPage_Testcases -->
